#
# A fatal error has been detected by the Java Runtime Environment:
#
#  EXCEPTION_ACCESS_VIOLATION (0xc0000005) at pc=0x00007ff8581866f0, pid=19188, tid=8656
#
# JRE version: Java(TM) SE Runtime Environment (15.0.1+9) (build 15.0.1+9-18)
# Java VM: Java HotSpot(TM) 64-Bit Server VM (15.0.1+9-18, mixed mode, sharing, tiered, compressed oops, g1 gc, windows-amd64)
# Problematic frame:
# C  [glass.dll+0x266f0]
#
# No core dump will be written. Minidumps are not enabled by default on client versions of Windows
#
# If you would like to submit a bug report, please visit:
#   https://bugreport.java.com/bugreport/crash.jsp
#

---------------  S U M M A R Y ------------

Command Line: -Dfile.encoding=UTF-8 --module-path=C:\Users\PC\git\repository\Adventure\target\classes;C:\Users\PC\.m2\repository\org\openjfx\javafx-controls\14\javafx-controls-14-win.jar;C:\Users\PC\.m2\repository\org\openjfx\javafx-graphics\14\javafx-graphics-14-win.jar;C:\Users\PC\.m2\repository\org\openjfx\javafx-base\14\javafx-base-14-win.jar;C:\Users\PC\.m2\repository\org\openjfx\javafx-fxml\14\javafx-fxml-14-win.jar;C:\Users\PC\.m2\repository\jakarta\json\jakarta.json-api\2.0.0\jakarta.json-api-2.0.0.jar;C:\Users\PC\.m2\repository\org\glassfish\jakarta.json\2.0.0\jakarta.json-2.0.0-module.jar -XX:+ShowCodeDetailsInExceptionMessages -Djdk.module.main=lab01 lab01/lab.Main

Host: AMD Ryzen 3 3100 4-Core Processor              , 8 cores, 15G,  Windows 10 , 64 bit Build 19041 (10.0.19041.662)
Time: Wed Feb  3 19:12:51 2021 Støední Evropa (bìžný èas) elapsed time: 12.258137 seconds (0d 0h 0m 12s)

---------------  T H R E A D  ---------------

Current thread (0x000001527f3f78d0):  VMThread "VM Thread" [stack: 0x0000004397100000,0x0000004397200000] [id=8656]

Stack: [0x0000004397100000,0x0000004397200000],  sp=0x00000043971fefc0,  free space=1019k
Native frames: (J=compiled Java code, j=interpreted, Vv=VM code, C=native code)
C  [glass.dll+0x266f0]


siginfo: EXCEPTION_ACCESS_VIOLATION (0xc0000005), reading address 0x0000000000000000


Register to memory mapping:

RIP=0x00007ff8581866f0 glass.dll
RAX=0x0 is NULL
RBX=0x000001527f407878 is a global jni handle
RCX=0x000001527f3f78d0 points into unknown readable memory: 0x00007ff82dc04238 | 38 42 c0 2d f8 7f 00 00
RDX=0x00000043971fefc0 points into unknown readable memory: 0x0000000000000000 | 00 00 00 00 00 00 00 00
RSP=0x00000043971fefc0 points into unknown readable memory: 0x0000000000000000 | 00 00 00 00 00 00 00 00
RBP=0x000001520fbcdae8 points into unknown readable memory: 0x00008eb3928ed40b | 0b d4 8e 92 b3 8e 00 00
RSI=0x000001520fbcdac0 points into unknown readable memory: 0x03ff4c73533db40b | 0b b4 3d 53 73 4c ff 03
RDI=0x00008eb3928ed40b is an unknown value
R8 =0x0000000000010002 is an unknown value
R9 =0x00008eb3928ed40b is an unknown value
R10=0x0000000000008000 is an unknown value
R11=0x00000043971fef60 points into unknown readable memory: 0x000001520fbcdac0 | c0 da bc 0f 52 01 00 00
R12=0x00007ff858183b84 glass.dll
R13=0x000001526ad6bb70 points into unknown readable memory: 0x8000000900000001 | 01 00 00 00 09 00 00 80
R14=0x00000043971ff0c8 points into unknown readable memory: 0x00000043971ff0b0 | b0 f0 1f 97 43 00 00 00
R15=0x000001520fbcdac0 points into unknown readable memory: 0x03ff4c73533db40b | 0b b4 3d 53 73 4c ff 03


Registers:
RAX=0x0000000000000000, RBX=0x000001527f407878, RCX=0x000001527f3f78d0, RDX=0x00000043971fefc0
RSP=0x00000043971fefc0, RBP=0x000001520fbcdae8, RSI=0x000001520fbcdac0, RDI=0x00008eb3928ed40b
R8 =0x0000000000010002, R9 =0x00008eb3928ed40b, R10=0x0000000000008000, R11=0x00000043971fef60
R12=0x00007ff858183b84, R13=0x000001526ad6bb70, R14=0x00000043971ff0c8, R15=0x000001520fbcdac0
RIP=0x00007ff8581866f0, EFLAGS=0x0000000000010206

Top of Stack: (sp=0x00000043971fefc0)
0x00000043971fefc0:   0000000000000000 00007ff891a9e97b
0x00000043971fefd0:   000001520fbcdad0 000001520fbcdac0
0x00000043971fefe0:   fffffffffffffffe 00007ff858183b84
0x00000043971feff0:   000001520fbcdac8 00007ff891aa3bf6
0x00000043971ff000:   000001520fbcdad0 0000015200000000
0x00000043971ff010:   000001520fbcdae8 000001520fbcdac0
0x00000043971ff020:   fffffffffffffffe 0000000000000000
0x00000043971ff030:   0000000000000001 00007ff858160000
0x00000043971ff040:   00000043971ff0b8 00007ff891aa3b1b
0x00000043971ff050:   0000000000000000 00000043971ff0c8
0x00000043971ff060:   00000043971ff380 00007ff891b80e40
0x00000043971ff070:   0000000000000000 00007ff891aa3ad4
0x00000043971ff080:   0000000000000000 0000000000000001
0x00000043971ff090:   ffffffff00000001 00000043971ff0b8
0x00000043971ff0a0:   0000000000000000 00007ff858183a12
0x00000043971ff0b0:   00007ff85819d118 0000004300000002 

Instructions: (pc=0x00007ff8581866f0)
0x00007ff8581865f0:   8b 4d 60 e8 98 c9 ff ff 48 8b 55 68 48 8b 8d 08
0x00007ff858186600:   01 00 00 e8 49 be ff ff 33 d2 33 c9 e8 49 de ff
0x00007ff858186610:   ff 90 cc cc cc cc cc cc cc cc cc cc cc cc cc cc
0x00007ff858186620:   48 8d 8a 80 00 00 00 e9 14 e9 fe ff 48 89 54 24
0x00007ff858186630:   10 55 48 83 ec 20 48 8b ea 48 8d 05 dd ca ff ff
0x00007ff858186640:   48 83 c4 20 5d c3 cc 40 55 48 8b ea 48 8b 01 33
0x00007ff858186650:   c9 81 38 05 00 00 c0 0f 94 c1 8b c1 5d c3 cc 40
0x00007ff858186660:   55 48 83 ec 20 48 8b ea 8a 4d 40 48 83 c4 20 5d
0x00007ff858186670:   e9 df cd ff ff cc 40 55 48 83 ec 20 48 8b ea e8
0x00007ff858186680:   fc cb ff ff 8a 4d 38 48 83 c4 20 5d e9 c3 cd ff
0x00007ff858186690:   ff cc 40 55 48 83 ec 30 48 8b ea 48 8b 01 8b 10
0x00007ff8581866a0:   48 89 4c 24 28 89 54 24 20 4c 8d 0d a4 d1 ff ff
0x00007ff8581866b0:   4c 8b 45 70 8b 55 68 48 8b 4d 60 e8 30 cb ff ff
0x00007ff8581866c0:   90 48 83 c4 30 5d c3 cc cc cc cc cc cc cc cc cc
0x00007ff8581866d0:   40 53 48 83 ec 30 48 c7 44 24 20 fe ff ff ff 48
0x00007ff8581866e0:   8b 1d 2a 64 01 00 48 85 db 74 16 e8 90 85 ff ff
0x00007ff8581866f0:   4c 8b 00 48 8b d3 48 8b c8 41 ff 90 b0 00 00 00
0x00007ff858186700:   90 48 83 c4 30 5b c3 cc cc cc cc cc cc cc cc cc
0x00007ff858186710:   40 53 48 83 ec 20 48 8b 1d 9b 65 01 00 48 85 db
0x00007ff858186720:   74 57 b8 ff ff ff ff f0 0f c1 43 10 83 f8 01 75
0x00007ff858186730:   3d 48 85 db 74 38 48 8b 0b 48 85 c9 74 0d ff 15
0x00007ff858186740:   64 0b 00 00 48 c7 03 00 00 00 00 48 8b 4b 08 48
0x00007ff858186750:   85 c9 74 0d e8 37 c8 ff ff 48 c7 43 08 00 00 00
0x00007ff858186760:   00 ba 18 00 00 00 48 8b cb e8 22 c8 ff ff 48 c7
0x00007ff858186770:   05 3f 65 01 00 00 00 00 00 48 83 c4 20 5b c3 cc
0x00007ff858186780:   40 53 48 83 ec 20 48 8b 1d 0b 65 01 00 48 85 db
0x00007ff858186790:   74 57 b8 ff ff ff ff f0 0f c1 43 10 83 f8 01 75
0x00007ff8581867a0:   3d 48 85 db 74 38 48 8b 0b 48 85 c9 74 0d ff 15
0x00007ff8581867b0:   f4 0a 00 00 48 c7 03 00 00 00 00 48 8b 4b 08 48
0x00007ff8581867c0:   85 c9 74 0d e8 c7 c7 ff ff 48 c7 43 08 00 00 00
0x00007ff8581867d0:   00 ba 18 00 00 00 48 8b cb e8 b2 c7 ff ff 48 c7
0x00007ff8581867e0:   05 af 64 01 00 00 00 00 00 48 83 c4 20 5b c3 cc 


Stack slot to memory mapping:
stack at sp + 0 slots: 0x0 is NULL
stack at sp + 1 slots: 0x00007ff891a9e97b ucrtbase.dll
stack at sp + 2 slots: 0x000001520fbcdad0 points into unknown readable memory: 0x00008eb3928ed40b | 0b d4 8e 92 b3 8e 00 00
stack at sp + 3 slots: 0x000001520fbcdac0 points into unknown readable memory: 0x03ff4c73533db40b | 0b b4 3d 53 73 4c ff 03
stack at sp + 4 slots: 0xfffffffffffffffe is an unknown value
stack at sp + 5 slots: 0x00007ff858183b84 glass.dll
stack at sp + 6 slots: 0x000001520fbcdac8 points into unknown readable memory: 0x00008eb3928ed40b | 0b d4 8e 92 b3 8e 00 00
stack at sp + 7 slots: 0x00007ff891aa3bf6 ucrtbase.dll

VM_Operation (0x00000043982f77c0): Exit, mode: safepoint, requested by thread 0x000001520fe24ad0


---------------  P R O C E S S  ---------------

Threads class SMR info:
_java_thread_list=0x0000015210771750, length=18, elements={
0x000001526ac91960, 0x000001527f3fb4b0, 0x000001527f3fe620, 0x000001520f007150,
0x000001520f009a20, 0x000001520f00ab80, 0x000001520f00c7b0, 0x000001520f011f10,
0x000001520f025780, 0x000001527f3e0000, 0x000001520f7068a0, 0x000001520f839c20,
0x000001520fe7f740, 0x000001520fe24ad0, 0x000001521030f1e0, 0x0000015210351cc0,
0x000001520f3f90f0, 0x000001520f3fc110
}

Java Threads: ( => current thread )
  0x000001526ac91960 JavaThread "main" [_thread_blocked, id=9888, stack(0x0000004396b00000,0x0000004396c00000)]
  0x000001527f3fb4b0 JavaThread "Reference Handler" daemon [_thread_blocked, id=1984, stack(0x0000004397200000,0x0000004397300000)]
  0x000001527f3fe620 JavaThread "Finalizer" daemon [_thread_blocked, id=13536, stack(0x0000004397300000,0x0000004397400000)]
  0x000001520f007150 JavaThread "Signal Dispatcher" daemon [_thread_blocked, id=15880, stack(0x0000004397400000,0x0000004397500000)]
  0x000001520f009a20 JavaThread "Attach Listener" daemon [_thread_blocked, id=1464, stack(0x0000004397500000,0x0000004397600000)]
  0x000001520f00ab80 JavaThread "Service Thread" daemon [_thread_blocked, id=16116, stack(0x0000004397600000,0x0000004397700000)]
  0x000001520f00c7b0 JavaThread "C2 CompilerThread0" daemon [_thread_blocked, id=14956, stack(0x0000004397700000,0x0000004397800000)]
  0x000001520f011f10 JavaThread "C1 CompilerThread0" daemon [_thread_blocked, id=5492, stack(0x0000004397800000,0x0000004397900000)]
  0x000001520f025780 JavaThread "Sweeper thread" daemon [_thread_blocked, id=4940, stack(0x0000004397900000,0x0000004397a00000)]
  0x000001527f3e0000 JavaThread "Common-Cleaner" daemon [_thread_blocked, id=12164, stack(0x0000004397a00000,0x0000004397b00000)]
  0x000001520f7068a0 JavaThread "Notification Thread" daemon [_thread_blocked, id=17108, stack(0x0000004397d00000,0x0000004397e00000)]
  0x000001520f839c20 JavaThread "QuantumRenderer-0" daemon [_thread_blocked, id=4496, stack(0x0000004397f00000,0x0000004398000000)]
  0x000001520fe7f740 JavaThread "InvokeLaterDispatcher" daemon [_thread_blocked, id=19172, stack(0x0000004398100000,0x0000004398200000)]
  0x000001520fe24ad0 JavaThread "JavaFX Application Thread" [_thread_blocked, id=10296, stack(0x0000004398200000,0x0000004398300000)]
  0x000001521030f1e0 JavaThread "JavaFX-Launcher" [_thread_blocked, id=13664, stack(0x0000004398500000,0x0000004398600000)]
  0x0000015210351cc0 JavaThread "Thread-2" daemon [_thread_in_native, id=10256, stack(0x0000004398400000,0x0000004398500000)]
  0x000001520f3f90f0 JavaThread "Prism Font Disposer" daemon [_thread_blocked, id=7764, stack(0x0000004398b00000,0x0000004398c00000)]
  0x000001520f3fc110 JavaThread "Cleaner-0" daemon [_thread_blocked, id=16968, stack(0x0000004398f00000,0x0000004399000000)]

Other Threads:
=>0x000001527f3f78d0 VMThread "VM Thread" [stack: 0x0000004397100000,0x0000004397200000] [id=8656]
  0x000001526ace2150 GCTaskThread "GC Thread#0" [stack: 0x0000004396c00000,0x0000004396d00000] [id=18172]
  0x000001520f6595a0 GCTaskThread "GC Thread#1" [stack: 0x0000004398600000,0x0000004398700000] [id=19192]
  0x000001521035cec0 GCTaskThread "GC Thread#2" [stack: 0x0000004398700000,0x0000004398800000] [id=16572]
  0x000001521035c860 GCTaskThread "GC Thread#3" [stack: 0x0000004398800000,0x0000004398900000] [id=5800]
  0x000001521035d520 GCTaskThread "GC Thread#4" [stack: 0x0000004398900000,0x0000004398a00000] [id=14420]
  0x000001521035c200 GCTaskThread "GC Thread#5" [stack: 0x0000004398a00000,0x0000004398b00000] [id=7960]
  0x000001526acf58f0 ConcurrentGCThread "G1 Main Marker" [stack: 0x0000004396d00000,0x0000004396e00000] [id=13452]
  0x000001526acf63f0 ConcurrentGCThread "G1 Conc#0" [stack: 0x0000004396e00000,0x0000004396f00000] [id=10420]
  0x000001527f2720c0 ConcurrentGCThread "G1 Refine#0" [stack: 0x0000004396f00000,0x0000004397000000] [id=10928]
  0x000001527f273a80 ConcurrentGCThread "G1 Young RemSet Sampling" [stack: 0x0000004397000000,0x0000004397100000] [id=8892]

Threads with active compile tasks:
C1 CompilerThread0  
[error occurred during error reporting (printing all threads), id 0xc0000005, EXCEPTION_ACCESS_VIOLATION (0xc0000005) at pc=0x00007ff82da50253]

VM state: at safepoint (shutting down)

VM Mutex/Monitor currently owned by a thread:  ([mutex/lock_event])
[0x000001526ac8da00] Threads_lock - owner thread: 0x000001527f3f78d0
[0x000001526ac8f230] Heap_lock - owner thread: 0x000001520fe24ad0

Heap address: 0x0000000701000000, size: 4080 MB, Compressed Oops mode: Zero based, Oop shift amount: 3
CDS archive(s) mapped at: [0x0000000800000000-0x0000000800b50000-0x0000000800b50000), size 11862016, SharedBaseAddress: 0x0000000800000000, ArchiveRelocationMode: 0.
Compressed class space mapped at: 0x0000000800b50000-0x0000000840b50000, size: 1073741824
Narrow klass base: 0x0000000800000000, Narrow klass shift: 3, Narrow klass range: 0x100000000

GC Precious Log:
 CPUs: 8 total, 8 available
 Memory: 16313M
 Large Page Support: Disabled
 NUMA Support: Disabled
 Compressed Oops: Enabled (Zero based)
 Heap Region Size: 2M
 Heap Min Capacity: 8M
 Heap Initial Capacity: 256M
 Heap Max Capacity: 4080M
 Pre-touch: Disabled
 Parallel Workers: 8
 Concurrent Workers: 2
 Concurrent Refinement Workers: 8
 Periodic GC: Disabled

Heap:
 garbage-first heap   total 262144K, used 47463K [0x0000000701000000, 0x0000000800000000)
  region size 2048K, 5 young (10240K), 3 survivors (6144K)
 Metaspace       used 15116K, capacity 15450K, committed 15616K, reserved 1062912K
  class space    used 2169K, capacity 2263K, committed 2304K, reserved 1048576K

Heap Regions: E=young(eden), S=young(survivor), O=old, HS=humongous(starts), HC=humongous(continues), CS=collection set, F=free, OA=open archive, CA=closed archive, TAMS=top-at-mark-start (previous, next)
|   0|0x0000000701000000, 0x0000000701200000, 0x0000000701200000|100%|HS|  |TAMS 0x0000000701000000, 0x0000000701000000| Complete 
|   1|0x0000000701200000, 0x0000000701400000, 0x0000000701400000|100%|HC|  |TAMS 0x0000000701200000, 0x0000000701200000| Complete 
|   2|0x0000000701400000, 0x0000000701600000, 0x0000000701600000|100%|HC|  |TAMS 0x0000000701400000, 0x0000000701400000| Complete 
|   3|0x0000000701600000, 0x0000000701800000, 0x0000000701800000|100%|HS|  |TAMS 0x0000000701600000, 0x0000000701600000| Complete 
|   4|0x0000000701800000, 0x0000000701a00000, 0x0000000701a00000|100%|HC|  |TAMS 0x0000000701800000, 0x0000000701800000| Complete 
|   5|0x0000000701a00000, 0x0000000701c00000, 0x0000000701c00000|100%|HC|  |TAMS 0x0000000701a00000, 0x0000000701a00000| Complete 
|   6|0x0000000701c00000, 0x0000000701e00000, 0x0000000701e00000|100%|HS|  |TAMS 0x0000000701c00000, 0x0000000701c00000| Complete 
|   7|0x0000000701e00000, 0x0000000702000000, 0x0000000702000000|100%|HC|  |TAMS 0x0000000701e00000, 0x0000000701e00000| Complete 
|   8|0x0000000702000000, 0x0000000702200000, 0x0000000702200000|100%|HC|  |TAMS 0x0000000702000000, 0x0000000702000000| Complete 
|   9|0x0000000702200000, 0x0000000702400000, 0x0000000702400000|100%|HS|  |TAMS 0x0000000702200000, 0x0000000702200000| Complete 
|  10|0x0000000702400000, 0x0000000702600000, 0x0000000702600000|100%|HC|  |TAMS 0x0000000702400000, 0x0000000702400000| Complete 
|  11|0x0000000702600000, 0x0000000702800000, 0x0000000702800000|100%|HC|  |TAMS 0x0000000702600000, 0x0000000702600000| Complete 
|  12|0x0000000702800000, 0x0000000702a00000, 0x0000000702a00000|100%|HS|  |TAMS 0x0000000702800000, 0x0000000702800000| Complete 
|  13|0x0000000702a00000, 0x0000000702c00000, 0x0000000702c00000|100%|HC|  |TAMS 0x0000000702a00000, 0x0000000702a00000| Complete 
|  14|0x0000000702c00000, 0x0000000702e00000, 0x0000000702e00000|100%|HC|  |TAMS 0x0000000702c00000, 0x0000000702c00000| Complete 
|  15|0x0000000702e00000, 0x0000000703000000, 0x0000000703000000|100%|HC|  |TAMS 0x0000000702e00000, 0x0000000702e00000| Complete 
|  16|0x0000000703000000, 0x0000000703200000, 0x0000000703200000|100%|HC|  |TAMS 0x0000000703000000, 0x0000000703000000| Complete 
|  17|0x0000000703200000, 0x0000000703400000, 0x0000000703400000|100%|HC|  |TAMS 0x0000000703200000, 0x0000000703200000| Complete 
|  18|0x0000000703400000, 0x0000000703600000, 0x0000000703600000|100%|HS|  |TAMS 0x0000000703400000, 0x0000000703400000| Complete 
|  19|0x0000000703600000, 0x0000000703659c00, 0x0000000703800000| 17%| O|  |TAMS 0x0000000703600000, 0x0000000703600000| Untracked 
|  20|0x0000000703800000, 0x0000000703800000, 0x0000000703a00000|  0%| F|  |TAMS 0x0000000703800000, 0x0000000703800000| Untracked 
|  21|0x0000000703a00000, 0x0000000703a00000, 0x0000000703c00000|  0%| F|  |TAMS 0x0000000703a00000, 0x0000000703a00000| Untracked 
|  22|0x0000000703c00000, 0x0000000703c00000, 0x0000000703e00000|  0%| F|  |TAMS 0x0000000703c00000, 0x0000000703c00000| Untracked 
|  23|0x0000000703e00000, 0x0000000703e00000, 0x0000000704000000|  0%| F|  |TAMS 0x0000000703e00000, 0x0000000703e00000| Untracked 
|  24|0x0000000704000000, 0x0000000704000000, 0x0000000704200000|  0%| F|  |TAMS 0x0000000704000000, 0x0000000704000000| Untracked 
|  25|0x0000000704200000, 0x0000000704200000, 0x0000000704400000|  0%| F|  |TAMS 0x0000000704200000, 0x0000000704200000| Untracked 
|  26|0x0000000704400000, 0x0000000704400000, 0x0000000704600000|  0%| F|  |TAMS 0x0000000704400000, 0x0000000704400000| Untracked 
|  27|0x0000000704600000, 0x0000000704600000, 0x0000000704800000|  0%| F|  |TAMS 0x0000000704600000, 0x0000000704600000| Untracked 
|  28|0x0000000704800000, 0x0000000704800000, 0x0000000704a00000|  0%| F|  |TAMS 0x0000000704800000, 0x0000000704800000| Untracked 
|  29|0x0000000704a00000, 0x0000000704a00000, 0x0000000704c00000|  0%| F|  |TAMS 0x0000000704a00000, 0x0000000704a00000| Untracked 
|  30|0x0000000704c00000, 0x0000000704c00000, 0x0000000704e00000|  0%| F|  |TAMS 0x0000000704c00000, 0x0000000704c00000| Untracked 
|  31|0x0000000704e00000, 0x0000000704e00000, 0x0000000705000000|  0%| F|  |TAMS 0x0000000704e00000, 0x0000000704e00000| Untracked 
|  32|0x0000000705000000, 0x0000000705000000, 0x0000000705200000|  0%| F|  |TAMS 0x0000000705000000, 0x0000000705000000| Untracked 
|  33|0x0000000705200000, 0x0000000705200000, 0x0000000705400000|  0%| F|  |TAMS 0x0000000705200000, 0x0000000705200000| Untracked 
|  34|0x0000000705400000, 0x0000000705400000, 0x0000000705600000|  0%| F|  |TAMS 0x0000000705400000, 0x0000000705400000| Untracked 
|  35|0x0000000705600000, 0x0000000705600000, 0x0000000705800000|  0%| F|  |TAMS 0x0000000705600000, 0x0000000705600000| Untracked 
|  36|0x0000000705800000, 0x0000000705800000, 0x0000000705a00000|  0%| F|  |TAMS 0x0000000705800000, 0x0000000705800000| Untracked 
|  37|0x0000000705a00000, 0x0000000705a00000, 0x0000000705c00000|  0%| F|  |TAMS 0x0000000705a00000, 0x0000000705a00000| Untracked 
|  38|0x0000000705c00000, 0x0000000705c00000, 0x0000000705e00000|  0%| F|  |TAMS 0x0000000705c00000, 0x0000000705c00000| Untracked 
|  39|0x0000000705e00000, 0x0000000705e00000, 0x0000000706000000|  0%| F|  |TAMS 0x0000000705e00000, 0x0000000705e00000| Untracked 
|  40|0x0000000706000000, 0x0000000706000000, 0x0000000706200000|  0%| F|  |TAMS 0x0000000706000000, 0x0000000706000000| Untracked 
|  41|0x0000000706200000, 0x0000000706200000, 0x0000000706400000|  0%| F|  |TAMS 0x0000000706200000, 0x0000000706200000| Untracked 
|  42|0x0000000706400000, 0x0000000706400000, 0x0000000706600000|  0%| F|  |TAMS 0x0000000706400000, 0x0000000706400000| Untracked 
|  43|0x0000000706600000, 0x0000000706600000, 0x0000000706800000|  0%| F|  |TAMS 0x0000000706600000, 0x0000000706600000| Untracked 
|  44|0x0000000706800000, 0x0000000706800000, 0x0000000706a00000|  0%| F|  |TAMS 0x0000000706800000, 0x0000000706800000| Untracked 
|  45|0x0000000706a00000, 0x0000000706a00000, 0x0000000706c00000|  0%| F|  |TAMS 0x0000000706a00000, 0x0000000706a00000| Untracked 
|  46|0x0000000706c00000, 0x0000000706c00000, 0x0000000706e00000|  0%| F|  |TAMS 0x0000000706c00000, 0x0000000706c00000| Untracked 
|  47|0x0000000706e00000, 0x0000000706e00000, 0x0000000707000000|  0%| F|  |TAMS 0x0000000706e00000, 0x0000000706e00000| Untracked 
|  48|0x0000000707000000, 0x0000000707000000, 0x0000000707200000|  0%| F|  |TAMS 0x0000000707000000, 0x0000000707000000| Untracked 
|  49|0x0000000707200000, 0x0000000707200000, 0x0000000707400000|  0%| F|  |TAMS 0x0000000707200000, 0x0000000707200000| Untracked 
|  50|0x0000000707400000, 0x0000000707400000, 0x0000000707600000|  0%| F|  |TAMS 0x0000000707400000, 0x0000000707400000| Untracked 
|  51|0x0000000707600000, 0x0000000707600000, 0x0000000707800000|  0%| F|  |TAMS 0x0000000707600000, 0x0000000707600000| Untracked 
|  52|0x0000000707800000, 0x0000000707800000, 0x0000000707a00000|  0%| F|  |TAMS 0x0000000707800000, 0x0000000707800000| Untracked 
|  53|0x0000000707a00000, 0x0000000707a00000, 0x0000000707c00000|  0%| F|  |TAMS 0x0000000707a00000, 0x0000000707a00000| Untracked 
|  54|0x0000000707c00000, 0x0000000707c00000, 0x0000000707e00000|  0%| F|  |TAMS 0x0000000707c00000, 0x0000000707c00000| Untracked 
|  55|0x0000000707e00000, 0x0000000707e00000, 0x0000000708000000|  0%| F|  |TAMS 0x0000000707e00000, 0x0000000707e00000| Untracked 
|  56|0x0000000708000000, 0x0000000708000000, 0x0000000708200000|  0%| F|  |TAMS 0x0000000708000000, 0x0000000708000000| Untracked 
|  57|0x0000000708200000, 0x0000000708200000, 0x0000000708400000|  0%| F|  |TAMS 0x0000000708200000, 0x0000000708200000| Untracked 
|  58|0x0000000708400000, 0x0000000708400000, 0x0000000708600000|  0%| F|  |TAMS 0x0000000708400000, 0x0000000708400000| Untracked 
|  59|0x0000000708600000, 0x0000000708600000, 0x0000000708800000|  0%| F|  |TAMS 0x0000000708600000, 0x0000000708600000| Untracked 
|  60|0x0000000708800000, 0x0000000708800000, 0x0000000708a00000|  0%| F|  |TAMS 0x0000000708800000, 0x0000000708800000| Untracked 
|  61|0x0000000708a00000, 0x0000000708a00000, 0x0000000708c00000|  0%| F|  |TAMS 0x0000000708a00000, 0x0000000708a00000| Untracked 
|  62|0x0000000708c00000, 0x0000000708c00000, 0x0000000708e00000|  0%| F|  |TAMS 0x0000000708c00000, 0x0000000708c00000| Untracked 
|  63|0x0000000708e00000, 0x0000000708e00000, 0x0000000709000000|  0%| F|  |TAMS 0x0000000708e00000, 0x0000000708e00000| Untracked 
|  64|0x0000000709000000, 0x0000000709000000, 0x0000000709200000|  0%| F|  |TAMS 0x0000000709000000, 0x0000000709000000| Untracked 
|  65|0x0000000709200000, 0x0000000709200000, 0x0000000709400000|  0%| F|  |TAMS 0x0000000709200000, 0x0000000709200000| Untracked 
|  66|0x0000000709400000, 0x0000000709400000, 0x0000000709600000|  0%| F|  |TAMS 0x0000000709400000, 0x0000000709400000| Untracked 
|  67|0x0000000709600000, 0x0000000709600000, 0x0000000709800000|  0%| F|  |TAMS 0x0000000709600000, 0x0000000709600000| Untracked 
|  68|0x0000000709800000, 0x0000000709800000, 0x0000000709a00000|  0%| F|  |TAMS 0x0000000709800000, 0x0000000709800000| Untracked 
|  69|0x0000000709a00000, 0x0000000709a00000, 0x0000000709c00000|  0%| F|  |TAMS 0x0000000709a00000, 0x0000000709a00000| Untracked 
|  70|0x0000000709c00000, 0x0000000709c00000, 0x0000000709e00000|  0%| F|  |TAMS 0x0000000709c00000, 0x0000000709c00000| Untracked 
|  71|0x0000000709e00000, 0x0000000709e00000, 0x000000070a000000|  0%| F|  |TAMS 0x0000000709e00000, 0x0000000709e00000| Untracked 
|  72|0x000000070a000000, 0x000000070a000000, 0x000000070a200000|  0%| F|  |TAMS 0x000000070a000000, 0x000000070a000000| Untracked 
|  73|0x000000070a200000, 0x000000070a200000, 0x000000070a400000|  0%| F|  |TAMS 0x000000070a200000, 0x000000070a200000| Untracked 
|  74|0x000000070a400000, 0x000000070a400000, 0x000000070a600000|  0%| F|  |TAMS 0x000000070a400000, 0x000000070a400000| Untracked 
|  75|0x000000070a600000, 0x000000070a600000, 0x000000070a800000|  0%| F|  |TAMS 0x000000070a600000, 0x000000070a600000| Untracked 
|  76|0x000000070a800000, 0x000000070a800000, 0x000000070aa00000|  0%| F|  |TAMS 0x000000070a800000, 0x000000070a800000| Untracked 
|  77|0x000000070aa00000, 0x000000070aa00000, 0x000000070ac00000|  0%| F|  |TAMS 0x000000070aa00000, 0x000000070aa00000| Untracked 
|  78|0x000000070ac00000, 0x000000070ac00000, 0x000000070ae00000|  0%| F|  |TAMS 0x000000070ac00000, 0x000000070ac00000| Untracked 
|  79|0x000000070ae00000, 0x000000070ae00000, 0x000000070b000000|  0%| F|  |TAMS 0x000000070ae00000, 0x000000070ae00000| Untracked 
|  80|0x000000070b000000, 0x000000070b000000, 0x000000070b200000|  0%| F|  |TAMS 0x000000070b000000, 0x000000070b000000| Untracked 
|  81|0x000000070b200000, 0x000000070b200000, 0x000000070b400000|  0%| F|  |TAMS 0x000000070b200000, 0x000000070b200000| Untracked 
|  82|0x000000070b400000, 0x000000070b400000, 0x000000070b600000|  0%| F|  |TAMS 0x000000070b400000, 0x000000070b400000| Untracked 
|  83|0x000000070b600000, 0x000000070b600000, 0x000000070b800000|  0%| F|  |TAMS 0x000000070b600000, 0x000000070b600000| Untracked 
|  84|0x000000070b800000, 0x000000070b800000, 0x000000070ba00000|  0%| F|  |TAMS 0x000000070b800000, 0x000000070b800000| Untracked 
|  85|0x000000070ba00000, 0x000000070ba00000, 0x000000070bc00000|  0%| F|  |TAMS 0x000000070ba00000, 0x000000070ba00000| Untracked 
|  86|0x000000070bc00000, 0x000000070bc00000, 0x000000070be00000|  0%| F|  |TAMS 0x000000070bc00000, 0x000000070bc00000| Untracked 
|  87|0x000000070be00000, 0x000000070be00000, 0x000000070c000000|  0%| F|  |TAMS 0x000000070be00000, 0x000000070be00000| Untracked 
|  88|0x000000070c000000, 0x000000070c000000, 0x000000070c200000|  0%| F|  |TAMS 0x000000070c000000, 0x000000070c000000| Untracked 
|  89|0x000000070c200000, 0x000000070c200000, 0x000000070c400000|  0%| F|  |TAMS 0x000000070c200000, 0x000000070c200000| Untracked 
|  90|0x000000070c400000, 0x000000070c400000, 0x000000070c600000|  0%| F|  |TAMS 0x000000070c400000, 0x000000070c400000| Untracked 
|  91|0x000000070c600000, 0x000000070c600000, 0x000000070c800000|  0%| F|  |TAMS 0x000000070c600000, 0x000000070c600000| Untracked 
|  92|0x000000070c800000, 0x000000070c800000, 0x000000070ca00000|  0%| F|  |TAMS 0x000000070c800000, 0x000000070c800000| Untracked 
|  93|0x000000070ca00000, 0x000000070ca00000, 0x000000070cc00000|  0%| F|  |TAMS 0x000000070ca00000, 0x000000070ca00000| Untracked 
|  94|0x000000070cc00000, 0x000000070cc00000, 0x000000070ce00000|  0%| F|  |TAMS 0x000000070cc00000, 0x000000070cc00000| Untracked 
|  95|0x000000070ce00000, 0x000000070ce00000, 0x000000070d000000|  0%| F|  |TAMS 0x000000070ce00000, 0x000000070ce00000| Untracked 
|  96|0x000000070d000000, 0x000000070d000000, 0x000000070d200000|  0%| F|  |TAMS 0x000000070d000000, 0x000000070d000000| Untracked 
|  97|0x000000070d200000, 0x000000070d200000, 0x000000070d400000|  0%| F|  |TAMS 0x000000070d200000, 0x000000070d200000| Untracked 
|  98|0x000000070d400000, 0x000000070d400000, 0x000000070d600000|  0%| F|  |TAMS 0x000000070d400000, 0x000000070d400000| Untracked 
|  99|0x000000070d600000, 0x000000070d600000, 0x000000070d800000|  0%| F|  |TAMS 0x000000070d600000, 0x000000070d600000| Untracked 
| 100|0x000000070d800000, 0x000000070d800000, 0x000000070da00000|  0%| F|  |TAMS 0x000000070d800000, 0x000000070d800000| Untracked 
| 101|0x000000070da00000, 0x000000070da00000, 0x000000070dc00000|  0%| F|  |TAMS 0x000000070da00000, 0x000000070da00000| Untracked 
| 102|0x000000070dc00000, 0x000000070dc00000, 0x000000070de00000|  0%| F|  |TAMS 0x000000070dc00000, 0x000000070dc00000| Untracked 
| 103|0x000000070de00000, 0x000000070de00000, 0x000000070e000000|  0%| F|  |TAMS 0x000000070de00000, 0x000000070de00000| Untracked 
| 104|0x000000070e000000, 0x000000070e000000, 0x000000070e200000|  0%| F|  |TAMS 0x000000070e000000, 0x000000070e000000| Untracked 
| 105|0x000000070e200000, 0x000000070e200000, 0x000000070e400000|  0%| F|  |TAMS 0x000000070e200000, 0x000000070e200000| Untracked 
| 106|0x000000070e400000, 0x000000070e600000, 0x000000070e600000|100%| S|CS|TAMS 0x000000070e400000, 0x000000070e400000| Complete 
| 107|0x000000070e600000, 0x000000070e800000, 0x000000070e800000|100%| S|CS|TAMS 0x000000070e600000, 0x000000070e600000| Complete 
| 108|0x000000070e800000, 0x000000070ea00000, 0x000000070ea00000|100%| S|CS|TAMS 0x000000070e800000, 0x000000070e800000| Complete 
| 109|0x000000070ea00000, 0x000000070ea00000, 0x000000070ec00000|  0%| F|  |TAMS 0x000000070ea00000, 0x000000070ea00000| Untracked 
| 110|0x000000070ec00000, 0x000000070ec00000, 0x000000070ee00000|  0%| F|  |TAMS 0x000000070ec00000, 0x000000070ec00000| Untracked 
| 111|0x000000070ee00000, 0x000000070ee00000, 0x000000070f000000|  0%| F|  |TAMS 0x000000070ee00000, 0x000000070ee00000| Untracked 
| 112|0x000000070f000000, 0x000000070f000000, 0x000000070f200000|  0%| F|  |TAMS 0x000000070f000000, 0x000000070f000000| Untracked 
| 113|0x000000070f200000, 0x000000070f200000, 0x000000070f400000|  0%| F|  |TAMS 0x000000070f200000, 0x000000070f200000| Untracked 
| 114|0x000000070f400000, 0x000000070f400000, 0x000000070f600000|  0%| F|  |TAMS 0x000000070f400000, 0x000000070f400000| Untracked 
| 115|0x000000070f600000, 0x000000070f600000, 0x000000070f800000|  0%| F|  |TAMS 0x000000070f600000, 0x000000070f600000| Untracked 
| 116|0x000000070f800000, 0x000000070f800000, 0x000000070fa00000|  0%| F|  |TAMS 0x000000070f800000, 0x000000070f800000| Untracked 
| 117|0x000000070fa00000, 0x000000070fa00000, 0x000000070fc00000|  0%| F|  |TAMS 0x000000070fa00000, 0x000000070fa00000| Untracked 
| 118|0x000000070fc00000, 0x000000070fc00000, 0x000000070fe00000|  0%| F|  |TAMS 0x000000070fc00000, 0x000000070fc00000| Untracked 
| 119|0x000000070fe00000, 0x000000070fe00000, 0x0000000710000000|  0%| F|  |TAMS 0x000000070fe00000, 0x000000070fe00000| Untracked 
| 120|0x0000000710000000, 0x0000000710000000, 0x0000000710200000|  0%| F|  |TAMS 0x0000000710000000, 0x0000000710000000| Untracked 
| 121|0x0000000710200000, 0x0000000710200000, 0x0000000710400000|  0%| F|  |TAMS 0x0000000710200000, 0x0000000710200000| Untracked 
| 122|0x0000000710400000, 0x0000000710400000, 0x0000000710600000|  0%| F|  |TAMS 0x0000000710400000, 0x0000000710400000| Untracked 
| 123|0x0000000710600000, 0x0000000710600000, 0x0000000710800000|  0%| F|  |TAMS 0x0000000710600000, 0x0000000710600000| Untracked 
| 124|0x0000000710800000, 0x0000000710800000, 0x0000000710a00000|  0%| F|  |TAMS 0x0000000710800000, 0x0000000710800000| Untracked 
| 125|0x0000000710a00000, 0x0000000710a00000, 0x0000000710c00000|  0%| F|  |TAMS 0x0000000710a00000, 0x0000000710a00000| Untracked 
| 126|0x0000000710c00000, 0x0000000710e00000, 0x0000000710e00000|100%| E|  |TAMS 0x0000000710c00000, 0x0000000710c00000| Complete 
| 127|0x0000000710e00000, 0x0000000711000000, 0x0000000711000000|100%| E|CS|TAMS 0x0000000710e00000, 0x0000000710e00000| Complete 

Card table byte_map: [0x0000015273a00000,0x0000015274200000] _byte_map_base: 0x00000152701f8000

Marking Bits (Prev, Next): (CMBitMap*) 0x000001526ace38e0, (CMBitMap*) 0x000001526ace3920
 Prev Bits: [0x0000015274a00000, 0x00000152789c0000)
 Next Bits: [0x00000152789c0000, 0x000001527c980000)

Polling page: 0x0000015268c40000

Metaspace:

Usage:
  Non-class:     12.88 MB capacity,    12.64 MB ( 98%) used,   217.48 KB (  2%) free+waste,    22.81 KB ( <1%) overhead. 
      Class:      2.21 MB capacity,     2.12 MB ( 96%) used,    83.34 KB (  4%) free+waste,    10.31 KB ( <1%) overhead. 
       Both:     15.09 MB capacity,    14.76 MB ( 98%) used,   300.81 KB (  2%) free+waste,    33.12 KB ( <1%) overhead. 

Virtual space:
  Non-class space:       14.00 MB reserved,      13.00 MB ( 93%) committed 
      Class space:        1.00 GB reserved,       2.25 MB ( <1%) committed 
             Both:        1.01 GB reserved,      15.25 MB (  1%) committed 

Chunk freelists:
   Non-Class:  61.00 KB
       Class:  9.00 KB
        Both:  70.00 KB

MaxMetaspaceSize: 17179869184.00 GB
CompressedClassSpaceSize: 1.00 GB

CodeHeap 'non-profiled nmethods': size=120000Kb used=780Kb max_used=780Kb free=119219Kb
 bounds [0x0000015207ad0000, 0x0000015207d40000, 0x000001520f000000]
CodeHeap 'profiled nmethods': size=120000Kb used=3599Kb max_used=3599Kb free=116401Kb
 bounds [0x00000152005a0000, 0x0000015200930000, 0x0000015207ad0000]
CodeHeap 'non-nmethods': size=5760Kb used=1437Kb max_used=1452Kb free=4322Kb
 bounds [0x0000015200000000, 0x0000015200270000, 0x00000152005a0000]
 total_blobs=2831 nmethods=2062 adapters=681
 compilation: enabled
              stopped_count=0, restarted_count=0
 full_count=0

Compilation events (20 events):
Event: 10.725 Thread 0x000001520f011f10 nmethod 2055 0x000001520091ae10 code [0x000001520091b200, 0x000001520091d838]
Event: 10.949 Thread 0x000001520f011f10 2056       3       com.sun.javafx.scene.KeyboardShortcutsHandler::dispatchBubblingEvent (60 bytes)
Event: 10.949 Thread 0x000001520f011f10 nmethod 2056 0x000001520091e010 code [0x000001520091e200, 0x000001520091e908]
Event: 11.013 Thread 0x000001520f011f10 2057       3       javafx.scene.Scene::getEffectiveCamera (80 bytes)
Event: 11.013 Thread 0x000001520f011f10 nmethod 2057 0x000001520091ea90 code [0x000001520091eda0, 0x0000015200920378]
Event: 11.117 Thread 0x000001520f011f10 2058       3       com.sun.javafx.scene.input.PickResultChooser::computePoint (55 bytes)
Event: 11.117 Thread 0x000001520f011f10 nmethod 2058 0x0000015200920990 code [0x0000015200920b40, 0x0000015200920dd8]
Event: 11.117 Thread 0x000001520f011f10 2059       3       com.sun.javafx.scene.input.PickResultChooser::offer (13 bytes)
Event: 11.117 Thread 0x000001520f011f10 nmethod 2059 0x0000015200920f90 code [0x0000015200921140, 0x00000152009212a8]
Event: 11.309 Thread 0x000001520f011f10 2060       3       javafx.scene.input.PickResult::<init> (47 bytes)
Event: 11.309 Thread 0x000001520f011f10 nmethod 2060 0x0000015200921390 code [0x0000015200921540, 0x00000152009217f8]
Event: 11.381 Thread 0x000001520f011f10 2061       3       com.sun.javafx.event.EventRedirector::dispatchCapturingEvent (52 bytes)
Event: 11.381 Thread 0x000001520f011f10 nmethod 2061 0x0000015200921910 code [0x0000015200921b00, 0x00000152009221a8]
Event: 11.381 Thread 0x000001520f011f10 2062       3       com.sun.javafx.event.EventRedirector::redirectEvent (97 bytes)
Event: 11.381 Thread 0x000001520f011f10 nmethod 2062 0x0000015200922390 code [0x00000152009225e0, 0x0000015200923138]
Event: 11.381 Thread 0x000001520f011f10 2063       3       java.util.concurrent.CopyOnWriteArrayList::isEmpty (13 bytes)
Event: 11.381 Thread 0x000001520f011f10 nmethod 2063 0x0000015200923490 code [0x0000015200923640, 0x0000015200923838]
Event: 11.381 Thread 0x000001520f011f10 2064       3       com.sun.javafx.event.BasicEventDispatcher::dispatchCapturingEvent (2 bytes)
Event: 11.381 Thread 0x000001520f011f10 nmethod 2064 0x0000015200923910 code [0x0000015200923aa0, 0x0000015200923b98]
Event: 11.910 Thread 0x000001520f011f10 2066       3       java.lang.invoke.InnerClassLambdaMetafactory::<init> (255 bytes)

GC Heap History (4 events):
Event: 0.504 GC heap before
{Heap before GC invocations=0 (full 0):
 garbage-first heap   total 262144K, used 22528K [0x0000000701000000, 0x0000000800000000)
  region size 2048K, 11 young (22528K), 0 survivors (0K)
 Metaspace       used 6029K, capacity 7484K, committed 7552K, reserved 1056768K
  class space    used 704K, capacity 830K, committed 896K, reserved 1048576K
}
Event: 0.507 GC heap after
{Heap after GC invocations=1 (full 0):
 garbage-first heap   total 262144K, used 2996K [0x0000000701000000, 0x0000000800000000)
  region size 2048K, 2 young (4096K), 2 survivors (4096K)
 Metaspace       used 6029K, capacity 7484K, committed 7552K, reserved 1056768K
  class space    used 704K, capacity 830K, committed 896K, reserved 1048576K
}
Event: 2.093 GC heap before
{Heap before GC invocations=1 (full 0):
 garbage-first heap   total 262144K, used 76724K [0x0000000701000000, 0x0000000800000000)
  region size 2048K, 19 young (38912K), 2 survivors (4096K)
 Metaspace       used 14775K, capacity 15162K, committed 15360K, reserved 1062912K
  class space    used 2148K, capacity 2231K, committed 2304K, reserved 1048576K
}
Event: 2.098 GC heap after
{Heap after GC invocations=2 (full 0):
 garbage-first heap   total 262144K, used 45415K [0x0000000701000000, 0x0000000800000000)
  region size 2048K, 3 young (6144K), 3 survivors (6144K)
 Metaspace       used 14775K, capacity 15162K, committed 15360K, reserved 1062912K
  class space    used 2148K, capacity 2231K, committed 2304K, reserved 1048576K
}

Deoptimization events (20 events):
Event: 0.959 Thread 0x000001520fe24ad0 Uncommon trap: trap_request=0xffffffbe fr.pc=0x0000015207b49064 relative=0x00000000000006a4
Event: 0.959 Thread 0x000001520fe24ad0 Uncommon trap: reason=profile_predicate action=maybe_recompile pc=0x0000015207b49064 method=java.lang.PublicMethods$MethodList.filter([Ljava/lang/reflect/Method;Ljava/lang/String;[Ljava/lang/Class;Z)Ljava/lang/PublicMethods$MethodList; @ 21 c2
Event: 0.959 Thread 0x000001520fe24ad0 DEOPT PACKING pc=0x0000015207b49064 sp=0x00000043982fba00
Event: 0.959 Thread 0x000001520fe24ad0 DEOPT UNPACKING pc=0x000001520004e42f sp=0x00000043982fb9b8 mode 2
Event: 0.999 Thread 0x000001520fe24ad0 Uncommon trap: trap_request=0xffffffde fr.pc=0x0000015207b704ac relative=0x000000000000010c
Event: 0.999 Thread 0x000001520fe24ad0 Uncommon trap: reason=class_check action=maybe_recompile pc=0x0000015207b704ac method=jdk.internal.misc.Unsafe.allocateUninitializedArray(Ljava/lang/Class;I)Ljava/lang/Object; @ 51 c2
Event: 0.999 Thread 0x000001520fe24ad0 DEOPT PACKING pc=0x0000015207b704ac sp=0x00000043982faa90
Event: 0.999 Thread 0x000001520fe24ad0 DEOPT UNPACKING pc=0x000001520004e42f sp=0x00000043982faa18 mode 2
Event: 0.999 Thread 0x000001520fe24ad0 Uncommon trap: trap_request=0xffffffde fr.pc=0x0000015207b704ac relative=0x000000000000010c
Event: 0.999 Thread 0x000001520fe24ad0 Uncommon trap: reason=class_check action=maybe_recompile pc=0x0000015207b704ac method=jdk.internal.misc.Unsafe.allocateUninitializedArray(Ljava/lang/Class;I)Ljava/lang/Object; @ 51 c2
Event: 0.999 Thread 0x000001520fe24ad0 DEOPT PACKING pc=0x0000015207b704ac sp=0x00000043982f73f0
Event: 0.999 Thread 0x000001520fe24ad0 DEOPT UNPACKING pc=0x000001520004e42f sp=0x00000043982f7378 mode 2
Event: 1.000 Thread 0x000001520fe24ad0 Uncommon trap: trap_request=0xffffffde fr.pc=0x0000015207b704ac relative=0x000000000000010c
Event: 1.000 Thread 0x000001520fe24ad0 Uncommon trap: reason=class_check action=maybe_recompile pc=0x0000015207b704ac method=jdk.internal.misc.Unsafe.allocateUninitializedArray(Ljava/lang/Class;I)Ljava/lang/Object; @ 51 c2
Event: 1.000 Thread 0x000001520fe24ad0 DEOPT PACKING pc=0x0000015207b704ac sp=0x00000043982f7960
Event: 1.000 Thread 0x000001520fe24ad0 DEOPT UNPACKING pc=0x000001520004e42f sp=0x00000043982f78e8 mode 2
Event: 1.000 Thread 0x000001520fe24ad0 Uncommon trap: trap_request=0xffffffde fr.pc=0x0000015207b704ac relative=0x000000000000010c
Event: 1.000 Thread 0x000001520fe24ad0 Uncommon trap: reason=class_check action=maybe_recompile pc=0x0000015207b704ac method=jdk.internal.misc.Unsafe.allocateUninitializedArray(Ljava/lang/Class;I)Ljava/lang/Object; @ 51 c2
Event: 1.000 Thread 0x000001520fe24ad0 DEOPT PACKING pc=0x0000015207b704ac sp=0x00000043982f7a20
Event: 1.000 Thread 0x000001520fe24ad0 DEOPT UNPACKING pc=0x000001520004e42f sp=0x00000043982f79a8 mode 2

Classes unloaded (0 events):
No events

Classes redefined (0 events):
No events

Internal exceptions (20 events):
Event: 0.489 Thread 0x000001520fe24ad0 Exception <a 'sun/nio/fs/WindowsException'{0x000000070fb0a0d0}> (0x000000070fb0a0d0) 
thrown [./open/src/hotspot/share/prims/jni.cpp, line 578]
Event: 0.524 Thread 0x000001520fe24ad0 Exception <a 'java/lang/NoSuchMethodError'{0x0000000710d15988}: 'java.lang.Object java.lang.invoke.DirectMethodHandle$Holder.invokeStaticInit(java.lang.Object, java.lang.Object, java.lang.Object, java.lang.Object)'> (0x0000000710d15988) 
thrown [./open/src/hotspot/share/interpreter/linkResolver.cpp, line 782]
Event: 0.525 Thread 0x000001520fe24ad0 Exception <a 'java/lang/NullPointerException'{0x0000000710d21b70}> (0x0000000710d21b70) 
thrown [./open/src/hotspot/share/interpreter/linkResolver.cpp, line 1374]
Event: 0.527 Thread 0x000001520fe24ad0 Exception <a 'java/lang/NoSuchMethodError'{0x0000000710d46e10}: 'void java.lang.invoke.DirectMethodHandle$Holder.invokeSpecial(java.lang.Object, java.lang.Object, java.lang.Object, java.lang.Object, java.lang.Object)'> (0x0000000710d46e10) 
thrown [./open/src/hotspot/share/interpreter/linkResolver.cpp, line 782]
Event: 0.894 Thread 0x000001520fe24ad0 Exception <a 'sun/nio/fs/WindowsException'{0x000000070fce8130}> (0x000000070fce8130) 
thrown [./open/src/hotspot/share/prims/jni.cpp, line 578]
Event: 0.899 Thread 0x000001520fe24ad0 Implicit null exception at 0x0000015207af02d8 to 0x0000015207af055c
Event: 0.965 Thread 0x000001520fe24ad0 Exception <a 'java/lang/NoSuchMethodError'{0x000000070f51ad38}: 'java.lang.Object java.lang.invoke.DirectMethodHandle$Holder.invokeInterface(java.lang.Object, java.lang.Object, java.lang.Object)'> (0x000000070f51ad38) 
thrown [./open/src/hotspot/share/interpreter/linkResolver.cpp, line 782]
Event: 0.965 Thread 0x000001520fe24ad0 Exception <a 'java/lang/IncompatibleClassChangeError'{0x000000070f51eb60}: Found class java.lang.Object, but interface was expected> (0x000000070f51eb60) 
thrown [./open/src/hotspot/share/interpreter/linkResolver.cpp, line 848]
Event: 0.990 Thread 0x000001520fe24ad0 Exception <a 'java/lang/NoSuchMethodError'{0x000000070f2976f0}: 'java.lang.Object java.lang.invoke.DirectMethodHandle$Holder.newInvokeSpecial(java.lang.Object, java.lang.Object, int)'> (0x000000070f2976f0) 
thrown [./open/src/hotspot/share/interpreter/linkResolver.cpp, line 782]
Event: 1.003 Thread 0x000001520f839c20 Exception <a 'java/lang/NoSuchMethodError'{0x000000070f3a9120}: 'int java.lang.invoke.DirectMethodHandle$Holder.invokeStaticInit(java.lang.Object, java.lang.Object)'> (0x000000070f3a9120) 
thrown [./open/src/hotspot/share/interpreter/linkResolver.cpp, line 782]
Event: 1.969 Thread 0x000001520fe24ad0 Exception <a 'java/lang/NoSuchMethodError'{0x000000070eef8150}: 'long java.lang.invoke.DirectMethodHandle$Holder.invokeStatic(java.lang.Object, java.lang.Object, java.lang.Object)'> (0x000000070eef8150) 
thrown [./open/src/hotspot/share/interpreter/linkResolver.cpp, line 782]
Event: 1.969 Thread 0x000001520fe24ad0 Exception <a 'java/lang/NoSuchMethodError'{0x000000070eefbda8}: 'long java.lang.invoke.DirectMethodHandle$Holder.invokeStaticInit(java.lang.Object, java.lang.Object, java.lang.Object)'> (0x000000070eefbda8) 
thrown [./open/src/hotspot/share/interpreter/linkResolver.cpp, line 782]
Event: 1.971 Thread 0x000001520fe24ad0 Exception <a 'java/lang/NoSuchMethodError'{0x000000070ef140b0}: 'java.lang.Object java.lang.invoke.DirectMethodHandle$Holder.newInvokeSpecial(java.lang.Object, java.lang.Object, long)'> (0x000000070ef140b0) 
thrown [./open/src/hotspot/share/interpreter/linkResolver.cpp, line 782]
Event: 1.971 Thread 0x000001520fe24ad0 Exception <a 'java/lang/NoSuchMethodError'{0x000000070ef17e20}: 'java.lang.Object java.lang.invoke.Invokers$Holder.linkToTargetMethod(java.lang.Object, long, java.lang.Object)'> (0x000000070ef17e20) 
thrown [./open/src/hotspot/share/interpreter/linkResolver.cpp, line 782]
Event: 2.062 Thread 0x000001520fe24ad0 Exception <a 'java/lang/ClassNotFoundException'{0x000000070ec76e08}: com/sun/javafx/scene/control/skin/resources/controls> (0x000000070ec76e08) 
thrown [./open/src/hotspot/share/prims/jni.cpp, line 599]
Event: 2.063 Thread 0x000001520fe24ad0 Exception <a 'java/lang/ClassNotFoundException'{0x000000070ec84ea8}: com/sun/javafx/scene/control/skin/resources/controls_cs> (0x000000070ec84ea8) 
thrown [./open/src/hotspot/share/prims/jni.cpp, line 599]
Event: 2.063 Thread 0x000001520fe24ad0 Exception <a 'java/lang/ClassNotFoundException'{0x000000070ec86540}: com/sun/javafx/scene/control/skin/resources/controls_cs_CZ> (0x000000070ec86540) 
thrown [./open/src/hotspot/share/prims/jni.cpp, line 599]
Event: 2.081 Thread 0x000001520fe24ad0 Exception <a 'java/lang/NoSuchMethodError'{0x000000070ea12098}: 'void java.lang.invoke.DirectMethodHandle$Holder.invokeSpecial(java.lang.Object, java.lang.Object, java.lang.Object, java.lang.Object, java.lang.Object, java.lang.Object)'> (0x000000070ea12098) 
thrown [./open/src/hotspot/share/interpreter/linkResolver.cpp, line 782]
Event: 10.077 Thread 0x000001520fe24ad0 Exception <a 'java/lang/NullPointerException'{0x0000000710ea2940}> (0x0000000710ea2940) 
thrown [./open/src/hotspot/share/interpreter/linkResolver.cpp, line 1374]
Event: 10.077 Thread 0x000001520fe24ad0 Exception <a 'java/lang/reflect/InvocationTargetException'{0x0000000710ea36b8}> (0x0000000710ea36b8) 
thrown [./open/src/hotspot/share/runtime/reflection.cpp, line 1157]

Events (20 events):
Event: 1.957 loading class java/io/UnsupportedEncodingException
Event: 1.957 loading class java/io/UnsupportedEncodingException done
Event: 2.093 Executing VM operation: G1CollectForAllocation
Event: 2.098 Executing VM operation: G1CollectForAllocation done
Event: 2.102 loading class java/lang/FdLibm$Hypot
Event: 2.102 loading class java/lang/FdLibm$Hypot done
Event: 2.102 loading class java/lang/FdLibm
Event: 2.102 loading class java/lang/FdLibm done
Event: 3.098 Executing VM operation: HandshakeAllThreads
Event: 3.098 Executing VM operation: HandshakeAllThreads done
Event: 5.533 Loaded shared library C:\Program Files\Java\jdk-15.0.1\bin\java.dll
Event: 10.077 loading class java/lang/Throwable$WrappedPrintStream
Event: 10.077 loading class java/lang/Throwable$PrintStreamOrWriter
Event: 10.077 loading class java/lang/Throwable$PrintStreamOrWriter done
Event: 10.077 loading class java/lang/Throwable$WrappedPrintStream done
Event: 11.909 Thread 0x000001520f3fcab0 Thread added: 0x000001520f3fcab0
Event: 11.909 Thread 0x000001520f3f95c0 Thread added: 0x000001520f3f95c0
Event: 11.909 Thread 0x000001520f3fcab0 Thread exited: 0x000001520f3fcab0
Event: 11.910 Thread 0x000001520f3f95c0 Thread exited: 0x000001520f3f95c0
Event: 11.910 Executing VM operation: Exit


Dynamic libraries:
0x00007ff69d600000 - 0x00007ff69d60f000 	C:\Program Files\Java\jdk-15.0.1\bin\javaw.exe
0x00007ff8940b0000 - 0x00007ff8942a6000 	C:\Windows\SYSTEM32\ntdll.dll
0x00007ff892940000 - 0x00007ff8929fd000 	C:\Windows\System32\KERNEL32.DLL
0x00007ff891b90000 - 0x00007ff891e59000 	C:\Windows\System32\KERNELBASE.dll
0x00007ff891a90000 - 0x00007ff891b90000 	C:\Windows\System32\ucrtbase.dll
0x00007ff886ef0000 - 0x00007ff886f08000 	C:\Program Files\Java\jdk-15.0.1\bin\jli.dll
0x00007ff886ed0000 - 0x00007ff886ee9000 	C:\Program Files\Java\jdk-15.0.1\bin\VCRUNTIME140.dll
0x00007ff892880000 - 0x00007ff89292c000 	C:\Windows\System32\ADVAPI32.dll
0x00007ff892ef0000 - 0x00007ff892f8e000 	C:\Windows\System32\msvcrt.dll
0x00007ff892e50000 - 0x00007ff892eec000 	C:\Windows\System32\sechost.dll
0x00007ff893f10000 - 0x00007ff89403b000 	C:\Windows\System32\RPCRT4.dll
0x00007ff892c30000 - 0x00007ff892dd0000 	C:\Windows\System32\USER32.dll
0x00007ff8920e0000 - 0x00007ff892102000 	C:\Windows\System32\win32u.dll
0x00007ff87ba40000 - 0x00007ff87bcdb000 	C:\Windows\WinSxS\amd64_microsoft.windows.common-controls_6595b64144ccf1df_6.0.19041.746_none_ca02b4b61b8320a4\COMCTL32.dll
0x00007ff893220000 - 0x00007ff89324a000 	C:\Windows\System32\GDI32.dll
0x00007ff891850000 - 0x00007ff89195b000 	C:\Windows\System32\gdi32full.dll
0x00007ff891e60000 - 0x00007ff891efd000 	C:\Windows\System32\msvcp_win.dll
0x00007ff88c0e0000 - 0x00007ff88c0ea000 	C:\Windows\SYSTEM32\VERSION.dll
0x00007ff894040000 - 0x00007ff894070000 	C:\Windows\System32\IMM32.DLL
0x00007ff886ec0000 - 0x00007ff886ecc000 	C:\Program Files\Java\jdk-15.0.1\bin\vcruntime140_1.dll
0x00007ff86b880000 - 0x00007ff86b911000 	C:\Program Files\Java\jdk-15.0.1\bin\msvcp140.dll
0x00007ff82d300000 - 0x00007ff82de5e000 	C:\Program Files\Java\jdk-15.0.1\bin\server\jvm.dll
0x00007ff8935b0000 - 0x00007ff8935b8000 	C:\Windows\System32\PSAPI.DLL
0x00007ff88e8f0000 - 0x00007ff88e8f9000 	C:\Windows\SYSTEM32\WSOCK32.dll
0x00007ff881040000 - 0x00007ff881067000 	C:\Windows\SYSTEM32\WINMM.dll
0x00007ff892fa0000 - 0x00007ff89300b000 	C:\Windows\System32\WS2_32.dll
0x00007ff88f770000 - 0x00007ff88f782000 	C:\Windows\SYSTEM32\kernel.appcore.dll
0x00007ff886eb0000 - 0x00007ff886eba000 	C:\Program Files\Java\jdk-15.0.1\bin\jimage.dll
0x00007ff87bce0000 - 0x00007ff87bec4000 	C:\Windows\SYSTEM32\DBGHELP.DLL
0x00007ff87ea80000 - 0x00007ff87eaac000 	C:\Windows\SYSTEM32\dbgcore.DLL
0x00007ff891960000 - 0x00007ff8919e0000 	C:\Windows\System32\bcryptPrimitives.dll
0x00007ff875ce0000 - 0x00007ff875d05000 	C:\Program Files\Java\jdk-15.0.1\bin\java.dll
0x00007ff8936f0000 - 0x00007ff893e33000 	C:\Windows\System32\SHELL32.dll
0x00007ff88f970000 - 0x00007ff8900ff000 	C:\Windows\SYSTEM32\windows.storage.dll
0x00007ff893250000 - 0x00007ff8935a6000 	C:\Windows\System32\combase.dll
0x00007ff891250000 - 0x00007ff89127c000 	C:\Windows\SYSTEM32\Wldp.dll
0x00007ff892b80000 - 0x00007ff892c2e000 	C:\Windows\System32\SHCORE.dll
0x00007ff892a00000 - 0x00007ff892a55000 	C:\Windows\System32\shlwapi.dll
0x00007ff891720000 - 0x00007ff891746000 	C:\Windows\SYSTEM32\profapi.dll
0x00007ff880c30000 - 0x00007ff880c49000 	C:\Program Files\Java\jdk-15.0.1\bin\net.dll
0x00007ff88aa00000 - 0x00007ff88ab00000 	C:\Windows\SYSTEM32\WINHTTP.dll
0x00007ff890fd0000 - 0x00007ff89103a000 	C:\Windows\system32\mswsock.dll
0x00007ff8804e0000 - 0x00007ff8804f2000 	C:\Program Files\Java\jdk-15.0.1\bin\nio.dll
0x00007ff8761f0000 - 0x00007ff876208000 	C:\Program Files\Java\jdk-15.0.1\bin\zip.dll
0x0000015268c80000 - 0x0000015268c83000 	C:\Users\PC\.openjfx\cache\14\api-ms-win-core-console-l1-1-0.dll
0x0000015268c90000 - 0x0000015268c93000 	C:\Users\PC\.openjfx\cache\14\api-ms-win-core-datetime-l1-1-0.dll
0x0000015268ca0000 - 0x0000015268ca3000 	C:\Users\PC\.openjfx\cache\14\api-ms-win-core-debug-l1-1-0.dll
0x0000015268cb0000 - 0x0000015268cb3000 	C:\Users\PC\.openjfx\cache\14\api-ms-win-core-errorhandling-l1-1-0.dll
0x000001526ac30000 - 0x000001526ac34000 	C:\Users\PC\.openjfx\cache\14\api-ms-win-core-file-l1-1-0.dll
0x000001526ac40000 - 0x000001526ac43000 	C:\Users\PC\.openjfx\cache\14\api-ms-win-core-file-l1-2-0.dll
0x000001526ac50000 - 0x000001526ac53000 	C:\Users\PC\.openjfx\cache\14\api-ms-win-core-file-l2-1-0.dll
0x000001526ac60000 - 0x000001526ac63000 	C:\Users\PC\.openjfx\cache\14\api-ms-win-core-handle-l1-1-0.dll
0x000001527fd10000 - 0x000001527fd13000 	C:\Users\PC\.openjfx\cache\14\api-ms-win-core-heap-l1-1-0.dll
0x000001527fd20000 - 0x000001527fd23000 	C:\Users\PC\.openjfx\cache\14\api-ms-win-core-interlocked-l1-1-0.dll
0x000001527fd30000 - 0x000001527fd33000 	C:\Users\PC\.openjfx\cache\14\api-ms-win-core-libraryloader-l1-1-0.dll
0x000001527fd40000 - 0x000001527fd43000 	C:\Users\PC\.openjfx\cache\14\api-ms-win-core-localization-l1-2-0.dll
0x000001527fd50000 - 0x000001527fd53000 	C:\Users\PC\.openjfx\cache\14\api-ms-win-core-memory-l1-1-0.dll
0x000001527fd60000 - 0x000001527fd63000 	C:\Users\PC\.openjfx\cache\14\api-ms-win-core-namedpipe-l1-1-0.dll
0x000001527fd70000 - 0x000001527fd73000 	C:\Users\PC\.openjfx\cache\14\api-ms-win-core-processenvironment-l1-1-0.dll
0x000001527fd80000 - 0x000001527fd83000 	C:\Users\PC\.openjfx\cache\14\api-ms-win-core-processthreads-l1-1-0.dll
0x000001527fd90000 - 0x000001527fd93000 	C:\Users\PC\.openjfx\cache\14\api-ms-win-core-processthreads-l1-1-1.dll
0x000001527fda0000 - 0x000001527fda3000 	C:\Users\PC\.openjfx\cache\14\api-ms-win-core-profile-l1-1-0.dll
0x000001527fdb0000 - 0x000001527fdb3000 	C:\Users\PC\.openjfx\cache\14\api-ms-win-core-rtlsupport-l1-1-0.dll
0x000001527fdc0000 - 0x000001527fdc3000 	C:\Users\PC\.openjfx\cache\14\api-ms-win-core-string-l1-1-0.dll
0x000001527fdd0000 - 0x000001527fdd3000 	C:\Users\PC\.openjfx\cache\14\api-ms-win-core-synch-l1-1-0.dll
0x000001527fde0000 - 0x000001527fde3000 	C:\Users\PC\.openjfx\cache\14\api-ms-win-core-synch-l1-2-0.dll
0x000001527fdf0000 - 0x000001527fdf3000 	C:\Users\PC\.openjfx\cache\14\api-ms-win-core-sysinfo-l1-1-0.dll
0x000001527fe00000 - 0x000001527fe03000 	C:\Users\PC\.openjfx\cache\14\api-ms-win-core-timezone-l1-1-0.dll
0x000001527fe10000 - 0x000001527fe13000 	C:\Users\PC\.openjfx\cache\14\api-ms-win-core-util-l1-1-0.dll
0x000001527fe20000 - 0x000001527fe23000 	C:\Users\PC\.openjfx\cache\14\api-ms-win-crt-conio-l1-1-0.dll
0x000001527fe30000 - 0x000001527fe34000 	C:\Users\PC\.openjfx\cache\14\api-ms-win-crt-convert-l1-1-0.dll
0x000001527fe40000 - 0x000001527fe43000 	C:\Users\PC\.openjfx\cache\14\api-ms-win-crt-environment-l1-1-0.dll
0x000001527fe50000 - 0x000001527fe53000 	C:\Users\PC\.openjfx\cache\14\api-ms-win-crt-filesystem-l1-1-0.dll
0x000001527fe60000 - 0x000001527fe63000 	C:\Users\PC\.openjfx\cache\14\api-ms-win-crt-heap-l1-1-0.dll
0x000001527fe70000 - 0x000001527fe73000 	C:\Users\PC\.openjfx\cache\14\api-ms-win-crt-locale-l1-1-0.dll
0x000001527fe80000 - 0x000001527fe85000 	C:\Users\PC\.openjfx\cache\14\api-ms-win-crt-math-l1-1-0.dll
0x000001527fe90000 - 0x000001527fe95000 	C:\Users\PC\.openjfx\cache\14\api-ms-win-crt-multibyte-l1-1-0.dll
0x000001527fea0000 - 0x000001527feb0000 	C:\Users\PC\.openjfx\cache\14\api-ms-win-crt-private-l1-1-0.dll
0x000001527feb0000 - 0x000001527feb3000 	C:\Users\PC\.openjfx\cache\14\api-ms-win-crt-process-l1-1-0.dll
0x000001527fec0000 - 0x000001527fec4000 	C:\Users\PC\.openjfx\cache\14\api-ms-win-crt-runtime-l1-1-0.dll
0x000001527fed0000 - 0x000001527fed4000 	C:\Users\PC\.openjfx\cache\14\api-ms-win-crt-stdio-l1-1-0.dll
0x000001527fee0000 - 0x000001527fee4000 	C:\Users\PC\.openjfx\cache\14\api-ms-win-crt-string-l1-1-0.dll
0x000001527fef0000 - 0x000001527fef3000 	C:\Users\PC\.openjfx\cache\14\api-ms-win-crt-time-l1-1-0.dll
0x000001527ff00000 - 0x000001527ff03000 	C:\Users\PC\.openjfx\cache\14\api-ms-win-crt-utility-l1-1-0.dll
0x00007ff837890000 - 0x00007ff83798c000 	C:\Users\PC\.openjfx\cache\14\ucrtbase.dll
0x00007ff875cc0000 - 0x00007ff875cd5000 	C:\Users\PC\.openjfx\cache\14\vcruntime140.dll
0x00007ff86acc0000 - 0x00007ff86ad5b000 	C:\Users\PC\.openjfx\cache\14\msvcp140.dll
0x00007ff8732c0000 - 0x00007ff873311000 	C:\Users\PC\.openjfx\cache\14\concrt140.dll
0x00007ff86b850000 - 0x00007ff86b873000 	C:\Users\PC\.openjfx\cache\14\prism_d3d.dll
0x00007ff886ce0000 - 0x00007ff886eaf000 	C:\Windows\system32\d3d9.dll
0x00007ff88f590000 - 0x00007ff88f5bf000 	C:\Windows\SYSTEM32\dwmapi.dll
0x00007ff88f2b0000 - 0x00007ff88f34e000 	C:\Windows\system32\uxtheme.dll
0x00007ff8881c0000 - 0x00007ff8882c5000 	C:\Windows\System32\DriverStore\FileRepository\nv_dispi.inf_amd64_a51067c0ac557884\nvldumdx.dll
0x00007ff8913d0000 - 0x00007ff8913e2000 	C:\Windows\SYSTEM32\msasn1.dll
0x00007ff88bce0000 - 0x00007ff88bd11000 	C:\Windows\SYSTEM32\cryptnet.dll
0x00007ff891f80000 - 0x00007ff8920d6000 	C:\Windows\System32\CRYPT32.dll
0x00007ff8911c0000 - 0x00007ff8911cc000 	C:\Windows\SYSTEM32\cryptbase.dll
0x00007ff8917f0000 - 0x00007ff891850000 	C:\Windows\System32\WINTRUST.DLL
0x00007ff892300000 - 0x00007ff89231d000 	C:\Windows\System32\imagehlp.dll
0x00007ff8911a0000 - 0x00007ff8911b8000 	C:\Windows\SYSTEM32\CRYPTSP.dll
0x00007ff890900000 - 0x00007ff890934000 	C:\Windows\system32\rsaenh.dll
0x00007ff891f00000 - 0x00007ff891f27000 	C:\Windows\System32\bcrypt.dll
0x00007ff81a790000 - 0x00007ff81c3d7000 	C:\Windows\System32\DriverStore\FileRepository\nv_dispi.inf_amd64_a51067c0ac557884\nvd3dumx.dll
0x00007ff858160000 - 0x00007ff8581a5000 	C:\Users\PC\.openjfx\cache\14\glass.dll
0x00007ff892220000 - 0x00007ff8922fb000 	C:\Windows\System32\COMDLG32.dll
0x00007ff8935c0000 - 0x00007ff8936ea000 	C:\Windows\System32\ole32.dll
0x00007ff893e40000 - 0x00007ff893f0d000 	C:\Windows\System32\OLEAUT32.dll
0x00007ff892a60000 - 0x00007ff892b76000 	C:\Windows\System32\MSCTF.dll
0x00007ff861600000 - 0x00007ff8618b9000 	C:\Windows\system32\nvspcap64.dll
0x00007ff890530000 - 0x00007ff890563000 	C:\Windows\SYSTEM32\ntmarta.dll
0x00007ff890110000 - 0x00007ff890133000 	C:\Windows\SYSTEM32\gpapi.dll
0x00007ff888830000 - 0x00007ff88886b000 	C:\Windows\SYSTEM32\dxcore.dll
0x00007ff891f30000 - 0x00007ff891f7e000 	C:\Windows\System32\cfgmgr32.dll
0x00007ff8740a0000 - 0x00007ff8740b4000 	C:\Users\PC\.openjfx\cache\14\javafx_font.dll
0x00007ff880710000 - 0x00007ff88098f000 	C:\Windows\SYSTEM32\dwrite.dll
0x00007ff8676f0000 - 0x00007ff86771c000 	C:\Users\PC\.openjfx\cache\14\javafx_iio.dll
0x00007ff892110000 - 0x00007ff8921b9000 	C:\Windows\System32\clbcatq.dll
0x00007ff88b090000 - 0x00007ff88b244000 	C:\Windows\SYSTEM32\WindowsCodecs.dll
0x00007ff878d90000 - 0x00007ff878dce000 	C:\Windows\system32\dataexchange.dll
0x00007ff88e200000 - 0x00007ff88e3e7000 	C:\Windows\system32\dcomp.dll
0x00007ff88d830000 - 0x00007ff88da94000 	C:\Windows\system32\d3d11.dll
0x00007ff890140000 - 0x00007ff890233000 	C:\Windows\system32\dxgi.dll
0x00007ff88b740000 - 0x00007ff88b941000 	C:\Windows\system32\twinapi.appcore.dll
0x00007ff876210000 - 0x00007ff876244000 	C:\Program Files\Common Files\Microsoft Shared\Ink\rtscom.dll
0x00007ff8876a0000 - 0x00007ff88779b000 	C:\Windows\SYSTEM32\textinputframework.dll
0x00007ff88e930000 - 0x00007ff88ec8e000 	C:\Windows\System32\CoreUIComponents.dll
0x00007ff88ec90000 - 0x00007ff88ed82000 	C:\Windows\System32\CoreMessaging.dll
0x00007ff88e0a0000 - 0x00007ff88e1f4000 	C:\Windows\SYSTEM32\wintypes.dll

dbghelp: loaded successfully - version: 4.0.5 - missing functions: none
symbol engine: initialized successfully - sym options: 0x614 - pdb path: .;C:\Program Files\Java\jdk-15.0.1\bin;C:\Windows\SYSTEM32;C:\Windows\WinSxS\amd64_microsoft.windows.common-controls_6595b64144ccf1df_6.0.19041.746_none_ca02b4b61b8320a4;C:\Program Files\Java\jdk-15.0.1\bin\server;C:\Users\PC\.openjfx\cache\14;C:\Windows\System32\DriverStore\FileRepository\nv_dispi.inf_amd64_a51067c0ac557884;C:\Program Files\Common Files\Microsoft Shared\Ink

VM Arguments:
jvm_args: -Dfile.encoding=UTF-8 --module-path=C:\Users\PC\git\repository\Adventure\target\classes;C:\Users\PC\.m2\repository\org\openjfx\javafx-controls\14\javafx-controls-14-win.jar;C:\Users\PC\.m2\repository\org\openjfx\javafx-graphics\14\javafx-graphics-14-win.jar;C:\Users\PC\.m2\repository\org\openjfx\javafx-base\14\javafx-base-14-win.jar;C:\Users\PC\.m2\repository\org\openjfx\javafx-fxml\14\javafx-fxml-14-win.jar;C:\Users\PC\.m2\repository\jakarta\json\jakarta.json-api\2.0.0\jakarta.json-api-2.0.0.jar;C:\Users\PC\.m2\repository\org\glassfish\jakarta.json\2.0.0\jakarta.json-2.0.0-module.jar -XX:+ShowCodeDetailsInExceptionMessages -Djdk.module.main=lab01 
java_command: lab01/lab.Main
java_class_path (initial): C:\Users\PC\.m2\repository\org\openjfx\javafx-controls\14\javafx-controls-14.jar;C:\Users\PC\.m2\repository\org\openjfx\javafx-graphics\14\javafx-graphics-14.jar;C:\Users\PC\.m2\repository\org\openjfx\javafx-base\14\javafx-base-14.jar;C:\Users\PC\.m2\repository\org\openjfx\javafx-fxml\14\javafx-fxml-14.jar;C:\Users\PC\.m2\repository\jakarta\xml\bind\jakarta.xml.bind-api\3.0.0\jakarta.xml.bind-api-3.0.0.jar;C:\Users\PC\.m2\repository\com\sun\activation\jakarta.activation\2.0.0\jakarta.activation-2.0.0.jar
Launcher Type: SUN_STANDARD

[Global flags]
     intx CICompilerCount                          = 4                                         {product} {ergonomic}
     uint ConcGCThreads                            = 2                                         {product} {ergonomic}
     uint G1ConcRefinementThreads                  = 8                                         {product} {ergonomic}
   size_t G1HeapRegionSize                         = 2097152                                   {product} {ergonomic}
    uintx GCDrainStackTargetSize                   = 64                                        {product} {ergonomic}
   size_t InitialHeapSize                          = 268435456                                 {product} {ergonomic}
   size_t MarkStackSize                            = 4194304                                   {product} {ergonomic}
   size_t MaxHeapSize                              = 4278190080                                {product} {ergonomic}
   size_t MaxNewSize                               = 2566914048                                {product} {ergonomic}
   size_t MinHeapDeltaBytes                        = 2097152                                   {product} {ergonomic}
   size_t MinHeapSize                              = 8388608                                   {product} {ergonomic}
    uintx NonNMethodCodeHeapSize                   = 5839372                                {pd product} {ergonomic}
    uintx NonProfiledCodeHeapSize                  = 122909434                              {pd product} {ergonomic}
    uintx ProfiledCodeHeapSize                     = 122909434                              {pd product} {ergonomic}
    uintx ReservedCodeCacheSize                    = 251658240                              {pd product} {ergonomic}
     bool SegmentedCodeCache                       = true                                      {product} {ergonomic}
     bool ShowCodeDetailsInExceptionMessages       = true                                   {manageable} {command line}
   size_t SoftMaxHeapSize                          = 4278190080                             {manageable} {ergonomic}
     bool UseCompressedClassPointers               = true                                 {lp64_product} {ergonomic}
     bool UseCompressedOops                        = true                                 {lp64_product} {ergonomic}
     bool UseG1GC                                  = true                                      {product} {ergonomic}
     bool UseLargePagesIndividualAllocation        = false                                  {pd product} {ergonomic}

Logging:
Log output configuration:
 #0: stdout all=off uptime,level,tags
 #1: stderr all=off uptime,level,tags

Environment Variables:
JAVA_HOME=C:\Program Files\Java\jdk-15.0.1
PATH=C:/Users/PC/.p2/pool/plugins/org.eclipse.justj.openjdk.hotspot.jre.full.win32.x86_64_15.0.1.v20201027-0507/jre/bin/server;C:/Users/PC/.p2/pool/plugins/org.eclipse.justj.openjdk.hotspot.jre.full.win32.x86_64_15.0.1.v20201027-0507/jre/bin;C:\Program Files\Common Files\Oracle\Java\javapath;C:\Windows\system32;C:\Windows;C:\Windows\System32\Wbem;C:\Windows\System32\WindowsPowerShell\v1.0\;C:\Windows\System32\OpenSSH\;C:\Program Files\NVIDIA Corporation\NVIDIA NvDLISR;C:\Program Files (x86)\NVIDIA Corporation\PhysX\Common;C:\Program Files\Java\jdk-15.0.1\bin;D:\xampp\php;C:\ProgramData\ComposerSetup\bin;C:\Users\PC\AppData\Local\Microsoft\WindowsApps;C:\Users\PC\AppData\Roaming\Composer\vendor\bin;D:\Programs\Eclipse\java-2020-12\eclipse;
USERNAME=PC
OS=Windows_NT
PROCESSOR_IDENTIFIER=AMD64 Family 23 Model 113 Stepping 0, AuthenticAMD



---------------  S Y S T E M  ---------------

OS:
 Windows 10 , 64 bit Build 19041 (10.0.19041.662)
OS uptime: 3 days 1:23 hours

CPU: total 8 (initial active 8) (8 cores per cpu, 2 threads per core) family 23 model 113 stepping 0 microcode 0x0, cmov, cx8, fxsr, mmx, sse, sse2, sse3, ssse3, sse4.1, sse4.2, popcnt, vzeroupper, avx, avx2, aes, clmul, 3dnowpref, lzcnt, sse4a, ht, tsc, tscinvbit, tscinv, bmi1, bmi2, adx, sha, fma, clflush, clflushopt

Memory: 4k page, system-wide physical 16313M (9772M free)
TotalPageFile size 18745M (AvailPageFile size 8698M)
current process WorkingSet (physical memory assigned to process): 161M, peak: 191M
current process commit charge ("private bytes"): 407M, peak: 439M

vm_info: Java HotSpot(TM) 64-Bit Server VM (15.0.1+9-18) for windows-amd64 JRE (15.0.1+9-18), built on Sep 15 2020 14:43:54 by "mach5one" with unknown MS VC++:1925

END.
