#
# A fatal error has been detected by the Java Runtime Environment:
#
#  EXCEPTION_ACCESS_VIOLATION (0xc0000005) at pc=0x00007ff875ce66f0, pid=1544, tid=16676
#
# JRE version: Java(TM) SE Runtime Environment (15.0.1+9) (build 15.0.1+9-18)
# Java VM: Java HotSpot(TM) 64-Bit Server VM (15.0.1+9-18, mixed mode, sharing, tiered, compressed oops, g1 gc, windows-amd64)
# Problematic frame:
# C  [glass.dll+0x266f0]
#
# No core dump will be written. Minidumps are not enabled by default on client versions of Windows
#
# If you would like to submit a bug report, please visit:
#   https://bugreport.java.com/bugreport/crash.jsp
#

---------------  S U M M A R Y ------------

Command Line: -Dfile.encoding=UTF-8 --module-path=C:\Users\PC\git\repository\Adventure\target\classes;C:\Users\PC\.m2\repository\org\openjfx\javafx-controls\14\javafx-controls-14-win.jar;C:\Users\PC\.m2\repository\org\openjfx\javafx-graphics\14\javafx-graphics-14-win.jar;C:\Users\PC\.m2\repository\org\openjfx\javafx-base\14\javafx-base-14-win.jar;C:\Users\PC\.m2\repository\org\openjfx\javafx-fxml\14\javafx-fxml-14-win.jar;C:\Users\PC\.m2\repository\jakarta\json\jakarta.json-api\2.0.0\jakarta.json-api-2.0.0.jar;C:\Users\PC\.m2\repository\org\glassfish\jakarta.json\2.0.0\jakarta.json-2.0.0-module.jar -XX:+ShowCodeDetailsInExceptionMessages -Djdk.module.main=lab01 lab01/lab.Main

Host: AMD Ryzen 3 3100 4-Core Processor              , 8 cores, 15G,  Windows 10 , 64 bit Build 19041 (10.0.19041.662)
Time: Wed Feb  3 19:23:38 2021 Støední Evropa (bìžný èas) elapsed time: 3.673417 seconds (0d 0h 0m 3s)

---------------  T H R E A D  ---------------

Current thread (0x000001fc7e696230):  VMThread "VM Thread" [stack: 0x00000019ef500000,0x00000019ef600000] [id=16676]

Stack: [0x00000019ef500000,0x00000019ef600000],  sp=0x00000019ef5fef20,  free space=1019k
Native frames: (J=compiled Java code, j=interpreted, Vv=VM code, C=native code)
C  [glass.dll+0x266f0]


siginfo: EXCEPTION_ACCESS_VIOLATION (0xc0000005), reading address 0x0000000000000000


Register to memory mapping:

RIP=0x00007ff875ce66f0 glass.dll
RAX=0x0 is NULL
RBX=0x000001fc7e6a67b8 is a global jni handle
RCX=0x000001fc7e696230 points into unknown readable memory: 0x00007ff82dc04238 | 38 42 c0 2d f8 7f 00 00
RDX=0x00000019ef5fef20 points into unknown readable memory: 0x0000000000000000 | 00 00 00 00 00 00 00 00
RSP=0x00000019ef5fef20 points into unknown readable memory: 0x0000000000000000 | 00 00 00 00 00 00 00 00
RBP=0x000001fc001c8ed8 points into unknown readable memory: 0x000020a774fab96f | 6f b9 fa 74 a7 20 00 00
RSI=0x000001fc001c8eb0 points into unknown readable memory: 0x1b3620a74b068388 | 88 83 06 4b a7 20 36 1b
RDI=0x000020a774fab96f is an unknown value
R8 =0x0000000000010002 is an unknown value
R9 =0x000020a774fab96f is an unknown value
R10=0x0000000000008000 is an unknown value
R11=0x00000019ef5feec0 points into unknown readable memory: 0x000001fc001c8eb0 | b0 8e 1c 00 fc 01 00 00
R12=0x00007ff875ce3b84 glass.dll
R13=0x000001fc5b01a760 points into unknown readable memory: 0x8000000900000001 | 01 00 00 00 09 00 00 80
R14=0x00000019ef5ff028 points into unknown readable memory: 0x00000019ef5ff010 | 10 f0 5f ef 19 00 00 00
R15=0x000001fc001c8eb0 points into unknown readable memory: 0x1b3620a74b068388 | 88 83 06 4b a7 20 36 1b


Registers:
RAX=0x0000000000000000, RBX=0x000001fc7e6a67b8, RCX=0x000001fc7e696230, RDX=0x00000019ef5fef20
RSP=0x00000019ef5fef20, RBP=0x000001fc001c8ed8, RSI=0x000001fc001c8eb0, RDI=0x000020a774fab96f
R8 =0x0000000000010002, R9 =0x000020a774fab96f, R10=0x0000000000008000, R11=0x00000019ef5feec0
R12=0x00007ff875ce3b84, R13=0x000001fc5b01a760, R14=0x00000019ef5ff028, R15=0x000001fc001c8eb0
RIP=0x00007ff875ce66f0, EFLAGS=0x0000000000010206

Top of Stack: (sp=0x00000019ef5fef20)
0x00000019ef5fef20:   0000000000000000 00007ff891a9e97b
0x00000019ef5fef30:   000001fc001c8ec0 000001fc001c8eb0
0x00000019ef5fef40:   fffffffffffffffe 00007ff875ce3b84
0x00000019ef5fef50:   000001fc001c8eb8 00007ff891aa3bf6
0x00000019ef5fef60:   000001fc001c8ec0 000001fc00000000
0x00000019ef5fef70:   000001fc001c8ed8 000001fc001c8eb0
0x00000019ef5fef80:   fffffffffffffffe 0000000000000000
0x00000019ef5fef90:   0000000000000001 00007ff875cc0000
0x00000019ef5fefa0:   00000019ef5ff018 00007ff891aa3b1b
0x00000019ef5fefb0:   0000000000000000 00000019ef5ff028
0x00000019ef5fefc0:   00000019ef5ff2e0 00007ff891b80e40
0x00000019ef5fefd0:   0000000000000000 00007ff891aa3ad4
0x00000019ef5fefe0:   0000000000000000 0000000000000001
0x00000019ef5feff0:   ffffffff00000001 00000019ef5ff018
0x00000019ef5ff000:   0000000000000000 00007ff875ce3a12
0x00000019ef5ff010:   00007ff875cfd118 0000001900000002 

Instructions: (pc=0x00007ff875ce66f0)
0x00007ff875ce65f0:   8b 4d 60 e8 98 c9 ff ff 48 8b 55 68 48 8b 8d 08
0x00007ff875ce6600:   01 00 00 e8 49 be ff ff 33 d2 33 c9 e8 49 de ff
0x00007ff875ce6610:   ff 90 cc cc cc cc cc cc cc cc cc cc cc cc cc cc
0x00007ff875ce6620:   48 8d 8a 80 00 00 00 e9 14 e9 fe ff 48 89 54 24
0x00007ff875ce6630:   10 55 48 83 ec 20 48 8b ea 48 8d 05 dd ca ff ff
0x00007ff875ce6640:   48 83 c4 20 5d c3 cc 40 55 48 8b ea 48 8b 01 33
0x00007ff875ce6650:   c9 81 38 05 00 00 c0 0f 94 c1 8b c1 5d c3 cc 40
0x00007ff875ce6660:   55 48 83 ec 20 48 8b ea 8a 4d 40 48 83 c4 20 5d
0x00007ff875ce6670:   e9 df cd ff ff cc 40 55 48 83 ec 20 48 8b ea e8
0x00007ff875ce6680:   fc cb ff ff 8a 4d 38 48 83 c4 20 5d e9 c3 cd ff
0x00007ff875ce6690:   ff cc 40 55 48 83 ec 30 48 8b ea 48 8b 01 8b 10
0x00007ff875ce66a0:   48 89 4c 24 28 89 54 24 20 4c 8d 0d a4 d1 ff ff
0x00007ff875ce66b0:   4c 8b 45 70 8b 55 68 48 8b 4d 60 e8 30 cb ff ff
0x00007ff875ce66c0:   90 48 83 c4 30 5d c3 cc cc cc cc cc cc cc cc cc
0x00007ff875ce66d0:   40 53 48 83 ec 30 48 c7 44 24 20 fe ff ff ff 48
0x00007ff875ce66e0:   8b 1d 2a 64 01 00 48 85 db 74 16 e8 90 85 ff ff
0x00007ff875ce66f0:   4c 8b 00 48 8b d3 48 8b c8 41 ff 90 b0 00 00 00
0x00007ff875ce6700:   90 48 83 c4 30 5b c3 cc cc cc cc cc cc cc cc cc
0x00007ff875ce6710:   40 53 48 83 ec 20 48 8b 1d 9b 65 01 00 48 85 db
0x00007ff875ce6720:   74 57 b8 ff ff ff ff f0 0f c1 43 10 83 f8 01 75
0x00007ff875ce6730:   3d 48 85 db 74 38 48 8b 0b 48 85 c9 74 0d ff 15
0x00007ff875ce6740:   64 0b 00 00 48 c7 03 00 00 00 00 48 8b 4b 08 48
0x00007ff875ce6750:   85 c9 74 0d e8 37 c8 ff ff 48 c7 43 08 00 00 00
0x00007ff875ce6760:   00 ba 18 00 00 00 48 8b cb e8 22 c8 ff ff 48 c7
0x00007ff875ce6770:   05 3f 65 01 00 00 00 00 00 48 83 c4 20 5b c3 cc
0x00007ff875ce6780:   40 53 48 83 ec 20 48 8b 1d 0b 65 01 00 48 85 db
0x00007ff875ce6790:   74 57 b8 ff ff ff ff f0 0f c1 43 10 83 f8 01 75
0x00007ff875ce67a0:   3d 48 85 db 74 38 48 8b 0b 48 85 c9 74 0d ff 15
0x00007ff875ce67b0:   f4 0a 00 00 48 c7 03 00 00 00 00 48 8b 4b 08 48
0x00007ff875ce67c0:   85 c9 74 0d e8 c7 c7 ff ff 48 c7 43 08 00 00 00
0x00007ff875ce67d0:   00 ba 18 00 00 00 48 8b cb e8 b2 c7 ff ff 48 c7
0x00007ff875ce67e0:   05 af 64 01 00 00 00 00 00 48 83 c4 20 5b c3 cc 


Stack slot to memory mapping:
stack at sp + 0 slots: 0x0 is NULL
stack at sp + 1 slots: 0x00007ff891a9e97b ucrtbase.dll
stack at sp + 2 slots: 0x000001fc001c8ec0 points into unknown readable memory: 0x000020a774fab96f | 6f b9 fa 74 a7 20 00 00
stack at sp + 3 slots: 0x000001fc001c8eb0 points into unknown readable memory: 0x1b3620a74b068388 | 88 83 06 4b a7 20 36 1b
stack at sp + 4 slots: 0xfffffffffffffffe is an unknown value
stack at sp + 5 slots: 0x00007ff875ce3b84 glass.dll
stack at sp + 6 slots: 0x000001fc001c8eb8 points into unknown readable memory: 0x000020a774fab96f | 6f b9 fa 74 a7 20 00 00
stack at sp + 7 slots: 0x00007ff891aa3bf6 ucrtbase.dll

VM_Operation (0x00000019f06f78a0): Exit, mode: safepoint, requested by thread 0x000001fc0003ad40


---------------  P R O C E S S  ---------------

Threads class SMR info:
_java_thread_list=0x000001fc07744610, length=18, elements={
0x000001fc5af3e6d0, 0x000001fc7e69a420, 0x000001fc7e69d590, 0x000001fc7efc60b0,
0x000001fc7efc8a80, 0x000001fc7efc9ff0, 0x000001fc7efcf750, 0x000001fc7efd6d20,
0x000001fc7efdf220, 0x000001fc7e67fa50, 0x000001fc7f230320, 0x000001fc00902f10,
0x000001fc7faec250, 0x000001fc0003ad40, 0x000001fc003f3720, 0x000001fc0043fee0,
0x000001fc7fbba580, 0x000001fc7fbbb3f0
}

Java Threads: ( => current thread )
  0x000001fc5af3e6d0 JavaThread "main" [_thread_blocked, id=18832, stack(0x00000019eef00000,0x00000019ef000000)]
  0x000001fc7e69a420 JavaThread "Reference Handler" daemon [_thread_blocked, id=844, stack(0x00000019ef600000,0x00000019ef700000)]
  0x000001fc7e69d590 JavaThread "Finalizer" daemon [_thread_blocked, id=16376, stack(0x00000019ef700000,0x00000019ef800000)]
  0x000001fc7efc60b0 JavaThread "Signal Dispatcher" daemon [_thread_blocked, id=4288, stack(0x00000019ef800000,0x00000019ef900000)]
  0x000001fc7efc8a80 JavaThread "Attach Listener" daemon [_thread_blocked, id=13604, stack(0x00000019ef900000,0x00000019efa00000)]
  0x000001fc7efc9ff0 JavaThread "Service Thread" daemon [_thread_blocked, id=7248, stack(0x00000019efa00000,0x00000019efb00000)]
  0x000001fc7efcf750 JavaThread "C2 CompilerThread0" daemon [_thread_blocked, id=11912, stack(0x00000019efb00000,0x00000019efc00000)]
  0x000001fc7efd6d20 JavaThread "C1 CompilerThread0" daemon [_thread_blocked, id=2088, stack(0x00000019efc00000,0x00000019efd00000)]
  0x000001fc7efdf220 JavaThread "Sweeper thread" daemon [_thread_blocked, id=8044, stack(0x00000019efd00000,0x00000019efe00000)]
  0x000001fc7e67fa50 JavaThread "Common-Cleaner" daemon [_thread_blocked, id=16880, stack(0x00000019efe00000,0x00000019eff00000)]
  0x000001fc7f230320 JavaThread "Notification Thread" daemon [_thread_blocked, id=1304, stack(0x00000019f0100000,0x00000019f0200000)]
  0x000001fc00902f10 JavaThread "QuantumRenderer-0" daemon [_thread_blocked, id=3208, stack(0x00000019f0300000,0x00000019f0400000)]
  0x000001fc7faec250 JavaThread "InvokeLaterDispatcher" daemon [_thread_blocked, id=12524, stack(0x00000019f0500000,0x00000019f0600000)]
  0x000001fc0003ad40 JavaThread "JavaFX Application Thread" [_thread_blocked, id=2012, stack(0x00000019f0600000,0x00000019f0700000)]
  0x000001fc003f3720 JavaThread "JavaFX-Launcher" [_thread_blocked, id=15340, stack(0x00000019f0800000,0x00000019f0900000)]
  0x000001fc0043fee0 JavaThread "Thread-2" daemon [_thread_in_native, id=5720, stack(0x00000019f0000000,0x00000019f0100000)]
  0x000001fc7fbba580 JavaThread "Prism Font Disposer" daemon [_thread_blocked, id=12344, stack(0x00000019f0e00000,0x00000019f0f00000)]
  0x000001fc7fbbb3f0 JavaThread "Cleaner-0" daemon [_thread_blocked, id=13904, stack(0x00000019f1200000,0x00000019f1300000)]

Other Threads:
=>0x000001fc7e696230 VMThread "VM Thread" [stack: 0x00000019ef500000,0x00000019ef600000] [id=16676]
  0x000001fc5af8fe50 GCTaskThread "GC Thread#0" [stack: 0x00000019ef000000,0x00000019ef100000] [id=11152]
  0x000001fc7f5221a0 GCTaskThread "GC Thread#1" [stack: 0x00000019f0900000,0x00000019f0a00000] [id=1264]
  0x000001fc7f5201c0 GCTaskThread "GC Thread#2" [stack: 0x00000019f0a00000,0x00000019f0b00000] [id=1956]
  0x000001fc076f9750 GCTaskThread "GC Thread#3" [stack: 0x00000019f0b00000,0x00000019f0c00000] [id=15508]
  0x000001fc076fada0 GCTaskThread "GC Thread#4" [stack: 0x00000019f0c00000,0x00000019f0d00000] [id=17756]
  0x000001fc076faa70 GCTaskThread "GC Thread#5" [stack: 0x00000019f0d00000,0x00000019f0e00000] [id=5516]
  0x000001fc076fba60 GCTaskThread "GC Thread#6" [stack: 0x00000019f1400000,0x00000019f1500000] [id=1944]
  0x000001fc076f8430 GCTaskThread "GC Thread#7" [stack: 0x00000019f1500000,0x00000019f1600000] [id=17604]
  0x000001fc5afa4600 ConcurrentGCThread "G1 Main Marker" [stack: 0x00000019ef100000,0x00000019ef200000] [id=6372]
  0x000001fc5afa5100 ConcurrentGCThread "G1 Conc#0" [stack: 0x00000019ef200000,0x00000019ef300000] [id=13740]
  0x000001fc7e5120c0 ConcurrentGCThread "G1 Refine#0" [stack: 0x00000019ef300000,0x00000019ef400000] [id=16420]
  0x000001fc7e513a80 ConcurrentGCThread "G1 Young RemSet Sampling" [stack: 0x00000019ef400000,0x00000019ef500000] [id=13552]

Threads with active compile tasks:
C1 CompilerThread0  
[error occurred during error reporting (printing all threads), id 0xc0000005, EXCEPTION_ACCESS_VIOLATION (0xc0000005) at pc=0x00007ff82da50253]

VM state: at safepoint (shutting down)

VM Mutex/Monitor currently owned by a thread:  ([mutex/lock_event])
[0x000001fc5af3c030] Threads_lock - owner thread: 0x000001fc7e696230
[0x000001fc5af3bdf0] Heap_lock - owner thread: 0x000001fc0003ad40

Heap address: 0x0000000701000000, size: 4080 MB, Compressed Oops mode: Zero based, Oop shift amount: 3
CDS archive(s) mapped at: [0x0000000800000000-0x0000000800b50000-0x0000000800b50000), size 11862016, SharedBaseAddress: 0x0000000800000000, ArchiveRelocationMode: 0.
Compressed class space mapped at: 0x0000000800b50000-0x0000000840b50000, size: 1073741824
Narrow klass base: 0x0000000800000000, Narrow klass shift: 3, Narrow klass range: 0x100000000

GC Precious Log:
 CPUs: 8 total, 8 available
 Memory: 16313M
 Large Page Support: Disabled
 NUMA Support: Disabled
 Compressed Oops: Enabled (Zero based)
 Heap Region Size: 2M
 Heap Min Capacity: 8M
 Heap Initial Capacity: 256M
 Heap Max Capacity: 4080M
 Pre-touch: Disabled
 Parallel Workers: 8
 Concurrent Workers: 2
 Concurrent Refinement Workers: 8
 Periodic GC: Disabled

Heap:
 garbage-first heap   total 262144K, used 45454K [0x0000000701000000, 0x0000000800000000)
  region size 2048K, 4 young (8192K), 3 survivors (6144K)
 Metaspace       used 14953K, capacity 15386K, committed 15616K, reserved 1062912K
  class space    used 2167K, capacity 2263K, committed 2304K, reserved 1048576K

Heap Regions: E=young(eden), S=young(survivor), O=old, HS=humongous(starts), HC=humongous(continues), CS=collection set, F=free, OA=open archive, CA=closed archive, TAMS=top-at-mark-start (previous, next)
|   0|0x0000000701000000, 0x0000000701200000, 0x0000000701200000|100%|HS|  |TAMS 0x0000000701000000, 0x0000000701000000| Complete 
|   1|0x0000000701200000, 0x0000000701400000, 0x0000000701400000|100%|HC|  |TAMS 0x0000000701200000, 0x0000000701200000| Complete 
|   2|0x0000000701400000, 0x0000000701600000, 0x0000000701600000|100%|HC|  |TAMS 0x0000000701400000, 0x0000000701400000| Complete 
|   3|0x0000000701600000, 0x0000000701800000, 0x0000000701800000|100%|HS|  |TAMS 0x0000000701600000, 0x0000000701600000| Complete 
|   4|0x0000000701800000, 0x0000000701a00000, 0x0000000701a00000|100%|HC|  |TAMS 0x0000000701800000, 0x0000000701800000| Complete 
|   5|0x0000000701a00000, 0x0000000701c00000, 0x0000000701c00000|100%|HC|  |TAMS 0x0000000701a00000, 0x0000000701a00000| Complete 
|   6|0x0000000701c00000, 0x0000000701e00000, 0x0000000701e00000|100%|HS|  |TAMS 0x0000000701c00000, 0x0000000701c00000| Complete 
|   7|0x0000000701e00000, 0x0000000702000000, 0x0000000702000000|100%|HC|  |TAMS 0x0000000701e00000, 0x0000000701e00000| Complete 
|   8|0x0000000702000000, 0x0000000702200000, 0x0000000702200000|100%|HC|  |TAMS 0x0000000702000000, 0x0000000702000000| Complete 
|   9|0x0000000702200000, 0x0000000702400000, 0x0000000702400000|100%|HS|  |TAMS 0x0000000702200000, 0x0000000702200000| Complete 
|  10|0x0000000702400000, 0x0000000702600000, 0x0000000702600000|100%|HC|  |TAMS 0x0000000702400000, 0x0000000702400000| Complete 
|  11|0x0000000702600000, 0x0000000702800000, 0x0000000702800000|100%|HC|  |TAMS 0x0000000702600000, 0x0000000702600000| Complete 
|  12|0x0000000702800000, 0x0000000702a00000, 0x0000000702a00000|100%|HS|  |TAMS 0x0000000702800000, 0x0000000702800000| Complete 
|  13|0x0000000702a00000, 0x0000000702c00000, 0x0000000702c00000|100%|HC|  |TAMS 0x0000000702a00000, 0x0000000702a00000| Complete 
|  14|0x0000000702c00000, 0x0000000702e00000, 0x0000000702e00000|100%|HC|  |TAMS 0x0000000702c00000, 0x0000000702c00000| Complete 
|  15|0x0000000702e00000, 0x0000000703000000, 0x0000000703000000|100%|HC|  |TAMS 0x0000000702e00000, 0x0000000702e00000| Complete 
|  16|0x0000000703000000, 0x0000000703200000, 0x0000000703200000|100%|HC|  |TAMS 0x0000000703000000, 0x0000000703000000| Complete 
|  17|0x0000000703200000, 0x0000000703400000, 0x0000000703400000|100%|HC|  |TAMS 0x0000000703200000, 0x0000000703200000| Complete 
|  18|0x0000000703400000, 0x0000000703600000, 0x0000000703600000|100%|HS|  |TAMS 0x0000000703400000, 0x0000000703400000| Complete 
|  19|0x0000000703600000, 0x0000000703663800, 0x0000000703800000| 19%| O|  |TAMS 0x0000000703600000, 0x0000000703600000| Untracked 
|  20|0x0000000703800000, 0x0000000703800000, 0x0000000703a00000|  0%| F|  |TAMS 0x0000000703800000, 0x0000000703800000| Untracked 
|  21|0x0000000703a00000, 0x0000000703a00000, 0x0000000703c00000|  0%| F|  |TAMS 0x0000000703a00000, 0x0000000703a00000| Untracked 
|  22|0x0000000703c00000, 0x0000000703c00000, 0x0000000703e00000|  0%| F|  |TAMS 0x0000000703c00000, 0x0000000703c00000| Untracked 
|  23|0x0000000703e00000, 0x0000000703e00000, 0x0000000704000000|  0%| F|  |TAMS 0x0000000703e00000, 0x0000000703e00000| Untracked 
|  24|0x0000000704000000, 0x0000000704000000, 0x0000000704200000|  0%| F|  |TAMS 0x0000000704000000, 0x0000000704000000| Untracked 
|  25|0x0000000704200000, 0x0000000704200000, 0x0000000704400000|  0%| F|  |TAMS 0x0000000704200000, 0x0000000704200000| Untracked 
|  26|0x0000000704400000, 0x0000000704400000, 0x0000000704600000|  0%| F|  |TAMS 0x0000000704400000, 0x0000000704400000| Untracked 
|  27|0x0000000704600000, 0x0000000704600000, 0x0000000704800000|  0%| F|  |TAMS 0x0000000704600000, 0x0000000704600000| Untracked 
|  28|0x0000000704800000, 0x0000000704800000, 0x0000000704a00000|  0%| F|  |TAMS 0x0000000704800000, 0x0000000704800000| Untracked 
|  29|0x0000000704a00000, 0x0000000704a00000, 0x0000000704c00000|  0%| F|  |TAMS 0x0000000704a00000, 0x0000000704a00000| Untracked 
|  30|0x0000000704c00000, 0x0000000704c00000, 0x0000000704e00000|  0%| F|  |TAMS 0x0000000704c00000, 0x0000000704c00000| Untracked 
|  31|0x0000000704e00000, 0x0000000704e00000, 0x0000000705000000|  0%| F|  |TAMS 0x0000000704e00000, 0x0000000704e00000| Untracked 
|  32|0x0000000705000000, 0x0000000705000000, 0x0000000705200000|  0%| F|  |TAMS 0x0000000705000000, 0x0000000705000000| Untracked 
|  33|0x0000000705200000, 0x0000000705200000, 0x0000000705400000|  0%| F|  |TAMS 0x0000000705200000, 0x0000000705200000| Untracked 
|  34|0x0000000705400000, 0x0000000705400000, 0x0000000705600000|  0%| F|  |TAMS 0x0000000705400000, 0x0000000705400000| Untracked 
|  35|0x0000000705600000, 0x0000000705600000, 0x0000000705800000|  0%| F|  |TAMS 0x0000000705600000, 0x0000000705600000| Untracked 
|  36|0x0000000705800000, 0x0000000705800000, 0x0000000705a00000|  0%| F|  |TAMS 0x0000000705800000, 0x0000000705800000| Untracked 
|  37|0x0000000705a00000, 0x0000000705a00000, 0x0000000705c00000|  0%| F|  |TAMS 0x0000000705a00000, 0x0000000705a00000| Untracked 
|  38|0x0000000705c00000, 0x0000000705c00000, 0x0000000705e00000|  0%| F|  |TAMS 0x0000000705c00000, 0x0000000705c00000| Untracked 
|  39|0x0000000705e00000, 0x0000000705e00000, 0x0000000706000000|  0%| F|  |TAMS 0x0000000705e00000, 0x0000000705e00000| Untracked 
|  40|0x0000000706000000, 0x0000000706000000, 0x0000000706200000|  0%| F|  |TAMS 0x0000000706000000, 0x0000000706000000| Untracked 
|  41|0x0000000706200000, 0x0000000706200000, 0x0000000706400000|  0%| F|  |TAMS 0x0000000706200000, 0x0000000706200000| Untracked 
|  42|0x0000000706400000, 0x0000000706400000, 0x0000000706600000|  0%| F|  |TAMS 0x0000000706400000, 0x0000000706400000| Untracked 
|  43|0x0000000706600000, 0x0000000706600000, 0x0000000706800000|  0%| F|  |TAMS 0x0000000706600000, 0x0000000706600000| Untracked 
|  44|0x0000000706800000, 0x0000000706800000, 0x0000000706a00000|  0%| F|  |TAMS 0x0000000706800000, 0x0000000706800000| Untracked 
|  45|0x0000000706a00000, 0x0000000706a00000, 0x0000000706c00000|  0%| F|  |TAMS 0x0000000706a00000, 0x0000000706a00000| Untracked 
|  46|0x0000000706c00000, 0x0000000706c00000, 0x0000000706e00000|  0%| F|  |TAMS 0x0000000706c00000, 0x0000000706c00000| Untracked 
|  47|0x0000000706e00000, 0x0000000706e00000, 0x0000000707000000|  0%| F|  |TAMS 0x0000000706e00000, 0x0000000706e00000| Untracked 
|  48|0x0000000707000000, 0x0000000707000000, 0x0000000707200000|  0%| F|  |TAMS 0x0000000707000000, 0x0000000707000000| Untracked 
|  49|0x0000000707200000, 0x0000000707200000, 0x0000000707400000|  0%| F|  |TAMS 0x0000000707200000, 0x0000000707200000| Untracked 
|  50|0x0000000707400000, 0x0000000707400000, 0x0000000707600000|  0%| F|  |TAMS 0x0000000707400000, 0x0000000707400000| Untracked 
|  51|0x0000000707600000, 0x0000000707600000, 0x0000000707800000|  0%| F|  |TAMS 0x0000000707600000, 0x0000000707600000| Untracked 
|  52|0x0000000707800000, 0x0000000707800000, 0x0000000707a00000|  0%| F|  |TAMS 0x0000000707800000, 0x0000000707800000| Untracked 
|  53|0x0000000707a00000, 0x0000000707a00000, 0x0000000707c00000|  0%| F|  |TAMS 0x0000000707a00000, 0x0000000707a00000| Untracked 
|  54|0x0000000707c00000, 0x0000000707c00000, 0x0000000707e00000|  0%| F|  |TAMS 0x0000000707c00000, 0x0000000707c00000| Untracked 
|  55|0x0000000707e00000, 0x0000000707e00000, 0x0000000708000000|  0%| F|  |TAMS 0x0000000707e00000, 0x0000000707e00000| Untracked 
|  56|0x0000000708000000, 0x0000000708000000, 0x0000000708200000|  0%| F|  |TAMS 0x0000000708000000, 0x0000000708000000| Untracked 
|  57|0x0000000708200000, 0x0000000708200000, 0x0000000708400000|  0%| F|  |TAMS 0x0000000708200000, 0x0000000708200000| Untracked 
|  58|0x0000000708400000, 0x0000000708400000, 0x0000000708600000|  0%| F|  |TAMS 0x0000000708400000, 0x0000000708400000| Untracked 
|  59|0x0000000708600000, 0x0000000708600000, 0x0000000708800000|  0%| F|  |TAMS 0x0000000708600000, 0x0000000708600000| Untracked 
|  60|0x0000000708800000, 0x0000000708800000, 0x0000000708a00000|  0%| F|  |TAMS 0x0000000708800000, 0x0000000708800000| Untracked 
|  61|0x0000000708a00000, 0x0000000708a00000, 0x0000000708c00000|  0%| F|  |TAMS 0x0000000708a00000, 0x0000000708a00000| Untracked 
|  62|0x0000000708c00000, 0x0000000708c00000, 0x0000000708e00000|  0%| F|  |TAMS 0x0000000708c00000, 0x0000000708c00000| Untracked 
|  63|0x0000000708e00000, 0x0000000708e00000, 0x0000000709000000|  0%| F|  |TAMS 0x0000000708e00000, 0x0000000708e00000| Untracked 
|  64|0x0000000709000000, 0x0000000709000000, 0x0000000709200000|  0%| F|  |TAMS 0x0000000709000000, 0x0000000709000000| Untracked 
|  65|0x0000000709200000, 0x0000000709200000, 0x0000000709400000|  0%| F|  |TAMS 0x0000000709200000, 0x0000000709200000| Untracked 
|  66|0x0000000709400000, 0x0000000709400000, 0x0000000709600000|  0%| F|  |TAMS 0x0000000709400000, 0x0000000709400000| Untracked 
|  67|0x0000000709600000, 0x0000000709600000, 0x0000000709800000|  0%| F|  |TAMS 0x0000000709600000, 0x0000000709600000| Untracked 
|  68|0x0000000709800000, 0x0000000709800000, 0x0000000709a00000|  0%| F|  |TAMS 0x0000000709800000, 0x0000000709800000| Untracked 
|  69|0x0000000709a00000, 0x0000000709a00000, 0x0000000709c00000|  0%| F|  |TAMS 0x0000000709a00000, 0x0000000709a00000| Untracked 
|  70|0x0000000709c00000, 0x0000000709c00000, 0x0000000709e00000|  0%| F|  |TAMS 0x0000000709c00000, 0x0000000709c00000| Untracked 
|  71|0x0000000709e00000, 0x0000000709e00000, 0x000000070a000000|  0%| F|  |TAMS 0x0000000709e00000, 0x0000000709e00000| Untracked 
|  72|0x000000070a000000, 0x000000070a000000, 0x000000070a200000|  0%| F|  |TAMS 0x000000070a000000, 0x000000070a000000| Untracked 
|  73|0x000000070a200000, 0x000000070a200000, 0x000000070a400000|  0%| F|  |TAMS 0x000000070a200000, 0x000000070a200000| Untracked 
|  74|0x000000070a400000, 0x000000070a400000, 0x000000070a600000|  0%| F|  |TAMS 0x000000070a400000, 0x000000070a400000| Untracked 
|  75|0x000000070a600000, 0x000000070a600000, 0x000000070a800000|  0%| F|  |TAMS 0x000000070a600000, 0x000000070a600000| Untracked 
|  76|0x000000070a800000, 0x000000070a800000, 0x000000070aa00000|  0%| F|  |TAMS 0x000000070a800000, 0x000000070a800000| Untracked 
|  77|0x000000070aa00000, 0x000000070aa00000, 0x000000070ac00000|  0%| F|  |TAMS 0x000000070aa00000, 0x000000070aa00000| Untracked 
|  78|0x000000070ac00000, 0x000000070ac00000, 0x000000070ae00000|  0%| F|  |TAMS 0x000000070ac00000, 0x000000070ac00000| Untracked 
|  79|0x000000070ae00000, 0x000000070ae00000, 0x000000070b000000|  0%| F|  |TAMS 0x000000070ae00000, 0x000000070ae00000| Untracked 
|  80|0x000000070b000000, 0x000000070b000000, 0x000000070b200000|  0%| F|  |TAMS 0x000000070b000000, 0x000000070b000000| Untracked 
|  81|0x000000070b200000, 0x000000070b200000, 0x000000070b400000|  0%| F|  |TAMS 0x000000070b200000, 0x000000070b200000| Untracked 
|  82|0x000000070b400000, 0x000000070b400000, 0x000000070b600000|  0%| F|  |TAMS 0x000000070b400000, 0x000000070b400000| Untracked 
|  83|0x000000070b600000, 0x000000070b600000, 0x000000070b800000|  0%| F|  |TAMS 0x000000070b600000, 0x000000070b600000| Untracked 
|  84|0x000000070b800000, 0x000000070b800000, 0x000000070ba00000|  0%| F|  |TAMS 0x000000070b800000, 0x000000070b800000| Untracked 
|  85|0x000000070ba00000, 0x000000070ba00000, 0x000000070bc00000|  0%| F|  |TAMS 0x000000070ba00000, 0x000000070ba00000| Untracked 
|  86|0x000000070bc00000, 0x000000070bc00000, 0x000000070be00000|  0%| F|  |TAMS 0x000000070bc00000, 0x000000070bc00000| Untracked 
|  87|0x000000070be00000, 0x000000070be00000, 0x000000070c000000|  0%| F|  |TAMS 0x000000070be00000, 0x000000070be00000| Untracked 
|  88|0x000000070c000000, 0x000000070c000000, 0x000000070c200000|  0%| F|  |TAMS 0x000000070c000000, 0x000000070c000000| Untracked 
|  89|0x000000070c200000, 0x000000070c200000, 0x000000070c400000|  0%| F|  |TAMS 0x000000070c200000, 0x000000070c200000| Untracked 
|  90|0x000000070c400000, 0x000000070c400000, 0x000000070c600000|  0%| F|  |TAMS 0x000000070c400000, 0x000000070c400000| Untracked 
|  91|0x000000070c600000, 0x000000070c600000, 0x000000070c800000|  0%| F|  |TAMS 0x000000070c600000, 0x000000070c600000| Untracked 
|  92|0x000000070c800000, 0x000000070c800000, 0x000000070ca00000|  0%| F|  |TAMS 0x000000070c800000, 0x000000070c800000| Untracked 
|  93|0x000000070ca00000, 0x000000070ca00000, 0x000000070cc00000|  0%| F|  |TAMS 0x000000070ca00000, 0x000000070ca00000| Untracked 
|  94|0x000000070cc00000, 0x000000070cc00000, 0x000000070ce00000|  0%| F|  |TAMS 0x000000070cc00000, 0x000000070cc00000| Untracked 
|  95|0x000000070ce00000, 0x000000070ce00000, 0x000000070d000000|  0%| F|  |TAMS 0x000000070ce00000, 0x000000070ce00000| Untracked 
|  96|0x000000070d000000, 0x000000070d000000, 0x000000070d200000|  0%| F|  |TAMS 0x000000070d000000, 0x000000070d000000| Untracked 
|  97|0x000000070d200000, 0x000000070d200000, 0x000000070d400000|  0%| F|  |TAMS 0x000000070d200000, 0x000000070d200000| Untracked 
|  98|0x000000070d400000, 0x000000070d400000, 0x000000070d600000|  0%| F|  |TAMS 0x000000070d400000, 0x000000070d400000| Untracked 
|  99|0x000000070d600000, 0x000000070d600000, 0x000000070d800000|  0%| F|  |TAMS 0x000000070d600000, 0x000000070d600000| Untracked 
| 100|0x000000070d800000, 0x000000070d800000, 0x000000070da00000|  0%| F|  |TAMS 0x000000070d800000, 0x000000070d800000| Untracked 
| 101|0x000000070da00000, 0x000000070da00000, 0x000000070dc00000|  0%| F|  |TAMS 0x000000070da00000, 0x000000070da00000| Untracked 
| 102|0x000000070dc00000, 0x000000070dc00000, 0x000000070de00000|  0%| F|  |TAMS 0x000000070dc00000, 0x000000070dc00000| Untracked 
| 103|0x000000070de00000, 0x000000070de00000, 0x000000070e000000|  0%| F|  |TAMS 0x000000070de00000, 0x000000070de00000| Untracked 
| 104|0x000000070e000000, 0x000000070e000000, 0x000000070e200000|  0%| F|  |TAMS 0x000000070e000000, 0x000000070e000000| Untracked 
| 105|0x000000070e200000, 0x000000070e200000, 0x000000070e400000|  0%| F|  |TAMS 0x000000070e200000, 0x000000070e200000| Untracked 
| 106|0x000000070e400000, 0x000000070e600000, 0x000000070e600000|100%| S|CS|TAMS 0x000000070e400000, 0x000000070e400000| Complete 
| 107|0x000000070e600000, 0x000000070e800000, 0x000000070e800000|100%| S|CS|TAMS 0x000000070e600000, 0x000000070e600000| Complete 
| 108|0x000000070e800000, 0x000000070ea00000, 0x000000070ea00000|100%| S|CS|TAMS 0x000000070e800000, 0x000000070e800000| Complete 
| 109|0x000000070ea00000, 0x000000070ea00000, 0x000000070ec00000|  0%| F|  |TAMS 0x000000070ea00000, 0x000000070ea00000| Untracked 
| 110|0x000000070ec00000, 0x000000070ec00000, 0x000000070ee00000|  0%| F|  |TAMS 0x000000070ec00000, 0x000000070ec00000| Untracked 
| 111|0x000000070ee00000, 0x000000070ee00000, 0x000000070f000000|  0%| F|  |TAMS 0x000000070ee00000, 0x000000070ee00000| Untracked 
| 112|0x000000070f000000, 0x000000070f000000, 0x000000070f200000|  0%| F|  |TAMS 0x000000070f000000, 0x000000070f000000| Untracked 
| 113|0x000000070f200000, 0x000000070f200000, 0x000000070f400000|  0%| F|  |TAMS 0x000000070f200000, 0x000000070f200000| Untracked 
| 114|0x000000070f400000, 0x000000070f400000, 0x000000070f600000|  0%| F|  |TAMS 0x000000070f400000, 0x000000070f400000| Untracked 
| 115|0x000000070f600000, 0x000000070f600000, 0x000000070f800000|  0%| F|  |TAMS 0x000000070f600000, 0x000000070f600000| Untracked 
| 116|0x000000070f800000, 0x000000070f800000, 0x000000070fa00000|  0%| F|  |TAMS 0x000000070f800000, 0x000000070f800000| Untracked 
| 117|0x000000070fa00000, 0x000000070fa00000, 0x000000070fc00000|  0%| F|  |TAMS 0x000000070fa00000, 0x000000070fa00000| Untracked 
| 118|0x000000070fc00000, 0x000000070fc00000, 0x000000070fe00000|  0%| F|  |TAMS 0x000000070fc00000, 0x000000070fc00000| Untracked 
| 119|0x000000070fe00000, 0x000000070fe00000, 0x0000000710000000|  0%| F|  |TAMS 0x000000070fe00000, 0x000000070fe00000| Untracked 
| 120|0x0000000710000000, 0x0000000710000000, 0x0000000710200000|  0%| F|  |TAMS 0x0000000710000000, 0x0000000710000000| Untracked 
| 121|0x0000000710200000, 0x0000000710200000, 0x0000000710400000|  0%| F|  |TAMS 0x0000000710200000, 0x0000000710200000| Untracked 
| 122|0x0000000710400000, 0x0000000710400000, 0x0000000710600000|  0%| F|  |TAMS 0x0000000710400000, 0x0000000710400000| Untracked 
| 123|0x0000000710600000, 0x0000000710600000, 0x0000000710800000|  0%| F|  |TAMS 0x0000000710600000, 0x0000000710600000| Untracked 
| 124|0x0000000710800000, 0x0000000710800000, 0x0000000710a00000|  0%| F|  |TAMS 0x0000000710800000, 0x0000000710800000| Untracked 
| 125|0x0000000710a00000, 0x0000000710a00000, 0x0000000710c00000|  0%| F|  |TAMS 0x0000000710a00000, 0x0000000710a00000| Untracked 
| 126|0x0000000710c00000, 0x0000000710c00000, 0x0000000710e00000|  0%| F|  |TAMS 0x0000000710c00000, 0x0000000710c00000| Untracked 
| 127|0x0000000710e00000, 0x0000000711000000, 0x0000000711000000|100%| E|  |TAMS 0x0000000710e00000, 0x0000000710e00000| Complete 

Card table byte_map: [0x000001fc72cb0000,0x000001fc734b0000] _byte_map_base: 0x000001fc6f4a8000

Marking Bits (Prev, Next): (CMBitMap*) 0x000001fc5af925f0, (CMBitMap*) 0x000001fc5af92630
 Prev Bits: [0x000001fc73cb0000, 0x000001fc77c70000)
 Next Bits: [0x000001fc77c70000, 0x000001fc7bc30000)

Polling page: 0x000001fc5a720000

Metaspace:

Usage:
  Non-class:     12.82 MB capacity,    12.49 MB ( 97%) used,   314.37 KB (  2%) free+waste,    22.75 KB ( <1%) overhead. 
      Class:      2.21 MB capacity,     2.12 MB ( 96%) used,    85.01 KB (  4%) free+waste,    10.31 KB ( <1%) overhead. 
       Both:     15.03 MB capacity,    14.60 MB ( 97%) used,   399.38 KB (  3%) free+waste,    33.06 KB ( <1%) overhead. 

Virtual space:
  Non-class space:       14.00 MB reserved,      13.00 MB ( 93%) committed 
      Class space:        1.00 GB reserved,       2.25 MB ( <1%) committed 
             Both:        1.01 GB reserved,      15.25 MB (  1%) committed 

Chunk freelists:
   Non-Class:  61.00 KB
       Class:  9.00 KB
        Both:  70.00 KB

MaxMetaspaceSize: 17179869184.00 GB
CompressedClassSpaceSize: 1.00 GB

CodeHeap 'non-profiled nmethods': size=120000Kb used=635Kb max_used=635Kb free=119364Kb
 bounds [0x000001fc6ac50000, 0x000001fc6aec0000, 0x000001fc72180000]
CodeHeap 'profiled nmethods': size=120000Kb used=3274Kb max_used=3274Kb free=116725Kb
 bounds [0x000001fc63720000, 0x000001fc63a60000, 0x000001fc6ac50000]
CodeHeap 'non-nmethods': size=5760Kb used=1437Kb max_used=1452Kb free=4323Kb
 bounds [0x000001fc63180000, 0x000001fc633f0000, 0x000001fc63720000]
 total_blobs=2697 nmethods=1928 adapters=681
 compilation: enabled
              stopped_count=0, restarted_count=0
 full_count=0

Compilation events (20 events):
Event: 2.678 Thread 0x000001fc7efd6d20 nmethod 1921 0x000001fc63a4db10 code [0x000001fc63a4dd20, 0x000001fc63a4e428]
Event: 2.678 Thread 0x000001fc7efd6d20 1920       3       java.util.EventObject::<init> (24 bytes)
Event: 2.678 Thread 0x000001fc7efd6d20 nmethod 1920 0x000001fc63a4e790 code [0x000001fc63a4e940, 0x000001fc63a4ec08]
Event: 2.693 Thread 0x000001fc7efd6d20 1922       3       javafx.scene.input.MouseEvent::<init> (45 bytes)
Event: 2.693 Thread 0x000001fc7efd6d20 nmethod 1922 0x000001fc63a4ed10 code [0x000001fc63a4eec0, 0x000001fc63a4f0e8]
Event: 2.693 Thread 0x000001fc7efd6d20 1923       3       javafx.scene.input.MouseEvent::<init> (208 bytes)
Event: 2.694 Thread 0x000001fc7efd6d20 nmethod 1923 0x000001fc63a4f210 code [0x000001fc63a4f400, 0x000001fc63a4fb48]
Event: 2.901 Thread 0x000001fc7efd6d20 1924       3       javafx.scene.Node::localToScene (17 bytes)
Event: 2.901 Thread 0x000001fc7efd6d20 nmethod 1924 0x000001fc63a4fe90 code [0x000001fc63a50040, 0x000001fc63a50248]
Event: 3.109 Thread 0x000001fc7efd6d20 1925       3       javafx.beans.property.BooleanPropertyBase::isBound (13 bytes)
Event: 3.110 Thread 0x000001fc7efd6d20 nmethod 1925 0x000001fc63a50310 code [0x000001fc63a504a0, 0x000001fc63a505f8]
Event: 3.333 Thread 0x000001fc7efd6d20 1927       3       com.sun.javafx.event.CompositeEventDispatcher::dispatchCapturingEvent (35 bytes)
Event: 3.334 Thread 0x000001fc7efd6d20 nmethod 1927 0x000001fc63a50690 code [0x000001fc63a50860, 0x000001fc63a50cd8]
Event: 3.334 Thread 0x000001fc7efd6d20 1928       3       com.sun.javafx.event.EventHandlerManager::dispatchCapturingEvent (23 bytes)
Event: 3.334 Thread 0x000001fc7efd6d20 nmethod 1928 0x000001fc63a50e10 code [0x000001fc63a50fe0, 0x000001fc63a512d8]
Event: 3.334 Thread 0x000001fc7efd6d20 1926       3       com.sun.javafx.event.BasicEventDispatcher::dispatchEvent (44 bytes)
Event: 3.339 Thread 0x000001fc7efd6d20 nmethod 1926 0x000001fc63a51410 code [0x000001fc63a515e0, 0x000001fc63a51b48]
Event: 3.339 Thread 0x000001fc7efd6d20 1929   !   3       java.lang.ref.ReferenceQueue::remove (125 bytes)
Event: 3.339 Thread 0x000001fc7efd6d20 nmethod 1929 0x000001fc63a51d10 code [0x000001fc63a51f20, 0x000001fc63a52698]
Event: 3.339 Thread 0x000001fc7efd6d20 1934   !   3       java.util.concurrent.ConcurrentHashMap::replaceNode (437 bytes)

GC Heap History (4 events):
Event: 0.513 GC heap before
{Heap before GC invocations=0 (full 0):
 garbage-first heap   total 262144K, used 22528K [0x0000000701000000, 0x0000000800000000)
  region size 2048K, 11 young (22528K), 0 survivors (0K)
 Metaspace       used 6033K, capacity 7484K, committed 7552K, reserved 1056768K
  class space    used 704K, capacity 830K, committed 896K, reserved 1048576K
}
Event: 0.516 GC heap after
{Heap after GC invocations=1 (full 0):
 garbage-first heap   total 262144K, used 2988K [0x0000000701000000, 0x0000000800000000)
  region size 2048K, 2 young (4096K), 2 survivors (4096K)
 Metaspace       used 6033K, capacity 7484K, committed 7552K, reserved 1056768K
  class space    used 704K, capacity 830K, committed 896K, reserved 1048576K
}
Event: 3.334 GC heap before
{Heap before GC invocations=1 (full 0):
 garbage-first heap   total 262144K, used 76716K [0x0000000701000000, 0x0000000800000000)
  region size 2048K, 19 young (38912K), 2 survivors (4096K)
 Metaspace       used 14942K, capacity 15386K, committed 15616K, reserved 1062912K
  class space    used 2165K, capacity 2263K, committed 2304K, reserved 1048576K
}
Event: 3.338 GC heap after
{Heap after GC invocations=2 (full 0):
 garbage-first heap   total 262144K, used 45454K [0x0000000701000000, 0x0000000800000000)
  region size 2048K, 3 young (6144K), 3 survivors (6144K)
 Metaspace       used 14942K, capacity 15386K, committed 15616K, reserved 1062912K
  class space    used 2165K, capacity 2263K, committed 2304K, reserved 1048576K
}

Deoptimization events (20 events):
Event: 0.907 Thread 0x000001fc0003ad40 Uncommon trap: trap_request=0xffffff45 fr.pc=0x000001fc6ac600b4 relative=0x0000000000000034
Event: 0.907 Thread 0x000001fc0003ad40 Uncommon trap: reason=unstable_if action=reinterpret pc=0x000001fc6ac600b4 method=java.lang.StringLatin1.canEncode(I)Z @ 4 c2
Event: 0.907 Thread 0x000001fc0003ad40 DEOPT PACKING pc=0x000001fc6ac600b4 sp=0x00000019f06fac90
Event: 0.907 Thread 0x000001fc0003ad40 DEOPT UNPACKING pc=0x000001fc631ce42f sp=0x00000019f06fac20 mode 2
Event: 0.955 Thread 0x000001fc0003ad40 Uncommon trap: trap_request=0xffffffde fr.pc=0x000001fc6ac5d2bc relative=0x000000000000019c
Event: 0.955 Thread 0x000001fc0003ad40 Uncommon trap: reason=class_check action=maybe_recompile pc=0x000001fc6ac5d2bc method=java.lang.String.equals(Ljava/lang/Object;)Z @ 8 c2
Event: 0.955 Thread 0x000001fc0003ad40 DEOPT PACKING pc=0x000001fc6ac5d2bc sp=0x00000019f06fc820
Event: 0.955 Thread 0x000001fc0003ad40 DEOPT UNPACKING pc=0x000001fc631ce42f sp=0x00000019f06fc7c8 mode 2
Event: 0.955 Thread 0x000001fc0003ad40 Uncommon trap: trap_request=0xffffffde fr.pc=0x000001fc6ac5d2bc relative=0x000000000000019c
Event: 0.955 Thread 0x000001fc0003ad40 Uncommon trap: reason=class_check action=maybe_recompile pc=0x000001fc6ac5d2bc method=java.lang.String.equals(Ljava/lang/Object;)Z @ 8 c2
Event: 0.955 Thread 0x000001fc0003ad40 DEOPT PACKING pc=0x000001fc6ac5d2bc sp=0x00000019f06fc730
Event: 0.955 Thread 0x000001fc0003ad40 DEOPT UNPACKING pc=0x000001fc631ce42f sp=0x00000019f06fc6d8 mode 2
Event: 0.955 Thread 0x000001fc0003ad40 Uncommon trap: trap_request=0xffffffde fr.pc=0x000001fc6ac5d2bc relative=0x000000000000019c
Event: 0.955 Thread 0x000001fc0003ad40 Uncommon trap: reason=class_check action=maybe_recompile pc=0x000001fc6ac5d2bc method=java.lang.String.equals(Ljava/lang/Object;)Z @ 8 c2
Event: 0.955 Thread 0x000001fc0003ad40 DEOPT PACKING pc=0x000001fc6ac5d2bc sp=0x00000019f06fc730
Event: 0.955 Thread 0x000001fc0003ad40 DEOPT UNPACKING pc=0x000001fc631ce42f sp=0x00000019f06fc6d8 mode 2
Event: 0.956 Thread 0x000001fc0003ad40 Uncommon trap: trap_request=0xffffffde fr.pc=0x000001fc6ac5d2bc relative=0x000000000000019c
Event: 0.956 Thread 0x000001fc0003ad40 Uncommon trap: reason=class_check action=maybe_recompile pc=0x000001fc6ac5d2bc method=java.lang.String.equals(Ljava/lang/Object;)Z @ 8 c2
Event: 0.956 Thread 0x000001fc0003ad40 DEOPT PACKING pc=0x000001fc6ac5d2bc sp=0x00000019f06fc540
Event: 0.956 Thread 0x000001fc0003ad40 DEOPT UNPACKING pc=0x000001fc631ce42f sp=0x00000019f06fc4e8 mode 2

Classes unloaded (0 events):
No events

Classes redefined (0 events):
No events

Internal exceptions (20 events):
Event: 0.498 Thread 0x000001fc0003ad40 Exception <a 'sun/nio/fs/WindowsException'{0x000000070fb0a0d0}> (0x000000070fb0a0d0) 
thrown [./open/src/hotspot/share/prims/jni.cpp, line 578]
Event: 0.533 Thread 0x000001fc0003ad40 Exception <a 'java/lang/NoSuchMethodError'{0x0000000710d175b8}: 'java.lang.Object java.lang.invoke.DirectMethodHandle$Holder.invokeStaticInit(java.lang.Object, java.lang.Object, java.lang.Object, java.lang.Object)'> (0x0000000710d175b8) 
thrown [./open/src/hotspot/share/interpreter/linkResolver.cpp, line 782]
Event: 0.533 Thread 0x000001fc0003ad40 Exception <a 'java/lang/NullPointerException'{0x0000000710d237a0}> (0x0000000710d237a0) 
thrown [./open/src/hotspot/share/interpreter/linkResolver.cpp, line 1374]
Event: 0.535 Thread 0x000001fc0003ad40 Exception <a 'java/lang/NoSuchMethodError'{0x0000000710d48110}: 'void java.lang.invoke.DirectMethodHandle$Holder.invokeSpecial(java.lang.Object, java.lang.Object, java.lang.Object, java.lang.Object, java.lang.Object)'> (0x0000000710d48110) 
thrown [./open/src/hotspot/share/interpreter/linkResolver.cpp, line 782]
Event: 0.892 Thread 0x000001fc0003ad40 Exception <a 'sun/nio/fs/WindowsException'{0x000000070fc3c1a8}> (0x000000070fc3c1a8) 
thrown [./open/src/hotspot/share/prims/jni.cpp, line 578]
Event: 0.896 Thread 0x000001fc0003ad40 Implicit null exception at 0x000001fc6ac6f8d9 to 0x000001fc6ac6fb5c
Event: 0.902 Thread 0x000001fc0003ad40 Implicit null exception at 0x000001fc6acae794 to 0x000001fc6acaeb64
Event: 0.903 Thread 0x000001fc0003ad40 Implicit null exception at 0x000001fc6ac69daf to 0x000001fc6ac69fd4
Event: 0.965 Thread 0x000001fc0003ad40 Exception <a 'java/lang/NoSuchMethodError'{0x000000070f473750}: 'java.lang.Object java.lang.invoke.DirectMethodHandle$Holder.invokeInterface(java.lang.Object, java.lang.Object, java.lang.Object)'> (0x000000070f473750) 
thrown [./open/src/hotspot/share/interpreter/linkResolver.cpp, line 782]
Event: 0.965 Thread 0x000001fc0003ad40 Exception <a 'java/lang/IncompatibleClassChangeError'{0x000000070f477578}: Found class java.lang.Object, but interface was expected> (0x000000070f477578) 
thrown [./open/src/hotspot/share/interpreter/linkResolver.cpp, line 848]
Event: 0.992 Thread 0x000001fc0003ad40 Exception <a 'java/lang/NoSuchMethodError'{0x000000070f5f00b0}: 'java.lang.Object java.lang.invoke.DirectMethodHandle$Holder.newInvokeSpecial(java.lang.Object, java.lang.Object, int)'> (0x000000070f5f00b0) 
thrown [./open/src/hotspot/share/interpreter/linkResolver.cpp, line 782]
Event: 1.006 Thread 0x000001fc00902f10 Exception <a 'java/lang/NoSuchMethodError'{0x000000070f2d91d0}: 'int java.lang.invoke.DirectMethodHandle$Holder.invokeStaticInit(java.lang.Object, java.lang.Object)'> (0x000000070f2d91d0) 
thrown [./open/src/hotspot/share/interpreter/linkResolver.cpp, line 782]
Event: 2.010 Thread 0x000001fc0003ad40 Exception <a 'java/lang/NoSuchMethodError'{0x000000070ee56498}: 'long java.lang.invoke.DirectMethodHandle$Holder.invokeStatic(java.lang.Object, java.lang.Object, java.lang.Object)'> (0x000000070ee56498) 
thrown [./open/src/hotspot/share/interpreter/linkResolver.cpp, line 782]
Event: 2.011 Thread 0x000001fc0003ad40 Exception <a 'java/lang/NoSuchMethodError'{0x000000070ee5a0f0}: 'long java.lang.invoke.DirectMethodHandle$Holder.invokeStaticInit(java.lang.Object, java.lang.Object, java.lang.Object)'> (0x000000070ee5a0f0) 
thrown [./open/src/hotspot/share/interpreter/linkResolver.cpp, line 782]
Event: 2.012 Thread 0x000001fc0003ad40 Exception <a 'java/lang/NoSuchMethodError'{0x000000070ee72648}: 'java.lang.Object java.lang.invoke.DirectMethodHandle$Holder.newInvokeSpecial(java.lang.Object, java.lang.Object, long)'> (0x000000070ee72648) 
thrown [./open/src/hotspot/share/interpreter/linkResolver.cpp, line 782]
Event: 2.012 Thread 0x000001fc0003ad40 Exception <a 'java/lang/NoSuchMethodError'{0x000000070ee763b8}: 'java.lang.Object java.lang.invoke.Invokers$Holder.linkToTargetMethod(java.lang.Object, long, java.lang.Object)'> (0x000000070ee763b8) 
thrown [./open/src/hotspot/share/interpreter/linkResolver.cpp, line 782]
Event: 2.104 Thread 0x000001fc0003ad40 Exception <a 'java/lang/ClassNotFoundException'{0x000000070efd47f0}: com/sun/javafx/scene/control/skin/resources/controls> (0x000000070efd47f0) 
thrown [./open/src/hotspot/share/prims/jni.cpp, line 599]
Event: 2.105 Thread 0x000001fc0003ad40 Exception <a 'java/lang/ClassNotFoundException'{0x000000070efe2890}: com/sun/javafx/scene/control/skin/resources/controls_cs> (0x000000070efe2890) 
thrown [./open/src/hotspot/share/prims/jni.cpp, line 599]
Event: 2.106 Thread 0x000001fc0003ad40 Exception <a 'java/lang/ClassNotFoundException'{0x000000070efe3f28}: com/sun/javafx/scene/control/skin/resources/controls_cs_CZ> (0x000000070efe3f28) 
thrown [./open/src/hotspot/share/prims/jni.cpp, line 599]
Event: 2.123 Thread 0x000001fc0003ad40 Exception <a 'java/lang/NoSuchMethodError'{0x000000070ed70800}: 'void java.lang.invoke.DirectMethodHandle$Holder.invokeSpecial(java.lang.Object, java.lang.Object, java.lang.Object, java.lang.Object, java.lang.Object, java.lang.Object)'> (0x000000070ed70800) 
thrown [./open/src/hotspot/share/interpreter/linkResolver.cpp, line 782]

Events (20 events):
Event: 1.358 loading class java/util/EnumMap$Values done
Event: 1.358 loading class java/util/EnumMap$ValueIterator
Event: 1.359 loading class java/util/EnumMap$EnumMapIterator
Event: 1.359 loading class java/util/EnumMap$EnumMapIterator done
Event: 1.359 loading class java/util/EnumMap$ValueIterator done
Event: 1.979 Executing VM operation: HandshakeAllThreads
Event: 1.979 Executing VM operation: HandshakeAllThreads done
Event: 1.990 loading class java/io/UnsupportedEncodingException
Event: 1.990 loading class java/io/UnsupportedEncodingException done
Event: 2.139 loading class java/lang/FdLibm$Hypot
Event: 2.139 loading class java/lang/FdLibm$Hypot done
Event: 2.139 loading class java/lang/FdLibm
Event: 2.139 loading class java/lang/FdLibm done
Event: 3.334 Thread 0x000001fc7fbb7f00 Thread added: 0x000001fc7fbb7f00
Event: 3.334 Thread 0x000001fc7fbb88a0 Thread added: 0x000001fc7fbb88a0
Event: 3.334 Executing VM operation: G1CollectForAllocation
Event: 3.338 Executing VM operation: G1CollectForAllocation done
Event: 3.338 Thread 0x000001fc7fbb7f00 Thread exited: 0x000001fc7fbb7f00
Event: 3.339 Thread 0x000001fc7fbb88a0 Thread exited: 0x000001fc7fbb88a0
Event: 3.339 Executing VM operation: Exit


Dynamic libraries:
0x00007ff69d600000 - 0x00007ff69d60f000 	C:\Program Files\Java\jdk-15.0.1\bin\javaw.exe
0x00007ff8940b0000 - 0x00007ff8942a6000 	C:\Windows\SYSTEM32\ntdll.dll
0x00007ff892940000 - 0x00007ff8929fd000 	C:\Windows\System32\KERNEL32.DLL
0x00007ff891b90000 - 0x00007ff891e59000 	C:\Windows\System32\KERNELBASE.dll
0x00007ff891a90000 - 0x00007ff891b90000 	C:\Windows\System32\ucrtbase.dll
0x00007ff886ef0000 - 0x00007ff886f08000 	C:\Program Files\Java\jdk-15.0.1\bin\jli.dll
0x00007ff886ed0000 - 0x00007ff886ee9000 	C:\Program Files\Java\jdk-15.0.1\bin\VCRUNTIME140.dll
0x00007ff892880000 - 0x00007ff89292c000 	C:\Windows\System32\ADVAPI32.dll
0x00007ff892ef0000 - 0x00007ff892f8e000 	C:\Windows\System32\msvcrt.dll
0x00007ff892e50000 - 0x00007ff892eec000 	C:\Windows\System32\sechost.dll
0x00007ff893f10000 - 0x00007ff89403b000 	C:\Windows\System32\RPCRT4.dll
0x00007ff892c30000 - 0x00007ff892dd0000 	C:\Windows\System32\USER32.dll
0x00007ff8920e0000 - 0x00007ff892102000 	C:\Windows\System32\win32u.dll
0x00007ff87ba40000 - 0x00007ff87bcdb000 	C:\Windows\WinSxS\amd64_microsoft.windows.common-controls_6595b64144ccf1df_6.0.19041.746_none_ca02b4b61b8320a4\COMCTL32.dll
0x00007ff893220000 - 0x00007ff89324a000 	C:\Windows\System32\GDI32.dll
0x00007ff891850000 - 0x00007ff89195b000 	C:\Windows\System32\gdi32full.dll
0x00007ff891e60000 - 0x00007ff891efd000 	C:\Windows\System32\msvcp_win.dll
0x00007ff88c0e0000 - 0x00007ff88c0ea000 	C:\Windows\SYSTEM32\VERSION.dll
0x00007ff894040000 - 0x00007ff894070000 	C:\Windows\System32\IMM32.DLL
0x00007ff88e8a0000 - 0x00007ff88e8ac000 	C:\Program Files\Java\jdk-15.0.1\bin\vcruntime140_1.dll
0x00007ff86b880000 - 0x00007ff86b911000 	C:\Program Files\Java\jdk-15.0.1\bin\msvcp140.dll
0x00007ff82d300000 - 0x00007ff82de5e000 	C:\Program Files\Java\jdk-15.0.1\bin\server\jvm.dll
0x00007ff8935b0000 - 0x00007ff8935b8000 	C:\Windows\System32\PSAPI.DLL
0x00007ff88e8f0000 - 0x00007ff88e8f9000 	C:\Windows\SYSTEM32\WSOCK32.dll
0x00007ff881040000 - 0x00007ff881067000 	C:\Windows\SYSTEM32\WINMM.dll
0x00007ff892fa0000 - 0x00007ff89300b000 	C:\Windows\System32\WS2_32.dll
0x00007ff88f770000 - 0x00007ff88f782000 	C:\Windows\SYSTEM32\kernel.appcore.dll
0x00007ff887ed0000 - 0x00007ff887eda000 	C:\Program Files\Java\jdk-15.0.1\bin\jimage.dll
0x00007ff87bce0000 - 0x00007ff87bec4000 	C:\Windows\SYSTEM32\DBGHELP.DLL
0x00007ff87ea80000 - 0x00007ff87eaac000 	C:\Windows\SYSTEM32\dbgcore.DLL
0x00007ff891960000 - 0x00007ff8919e0000 	C:\Windows\System32\bcryptPrimitives.dll
0x00007ff8804d0000 - 0x00007ff8804f5000 	C:\Program Files\Java\jdk-15.0.1\bin\java.dll
0x00007ff8936f0000 - 0x00007ff893e33000 	C:\Windows\System32\SHELL32.dll
0x00007ff88f970000 - 0x00007ff8900ff000 	C:\Windows\SYSTEM32\windows.storage.dll
0x00007ff893250000 - 0x00007ff8935a6000 	C:\Windows\System32\combase.dll
0x00007ff891250000 - 0x00007ff89127c000 	C:\Windows\SYSTEM32\Wldp.dll
0x00007ff892b80000 - 0x00007ff892c2e000 	C:\Windows\System32\SHCORE.dll
0x00007ff892a00000 - 0x00007ff892a55000 	C:\Windows\System32\shlwapi.dll
0x00007ff891720000 - 0x00007ff891746000 	C:\Windows\SYSTEM32\profapi.dll
0x00007ff886eb0000 - 0x00007ff886ec9000 	C:\Program Files\Java\jdk-15.0.1\bin\net.dll
0x00007ff88aa00000 - 0x00007ff88ab00000 	C:\Windows\SYSTEM32\WINHTTP.dll
0x00007ff890fd0000 - 0x00007ff89103a000 	C:\Windows\system32\mswsock.dll
0x00007ff880c30000 - 0x00007ff880c42000 	C:\Program Files\Java\jdk-15.0.1\bin\nio.dll
0x00007ff877c10000 - 0x00007ff877c28000 	C:\Program Files\Java\jdk-15.0.1\bin\zip.dll
0x000001fc7fbc0000 - 0x000001fc7fbc3000 	C:\Users\PC\.openjfx\cache\14\api-ms-win-core-console-l1-1-0.dll
0x000001fc7fbd0000 - 0x000001fc7fbd3000 	C:\Users\PC\.openjfx\cache\14\api-ms-win-core-datetime-l1-1-0.dll
0x000001fc7fbe0000 - 0x000001fc7fbe3000 	C:\Users\PC\.openjfx\cache\14\api-ms-win-core-debug-l1-1-0.dll
0x000001fc7fbf0000 - 0x000001fc7fbf3000 	C:\Users\PC\.openjfx\cache\14\api-ms-win-core-errorhandling-l1-1-0.dll
0x000001fc7fc00000 - 0x000001fc7fc04000 	C:\Users\PC\.openjfx\cache\14\api-ms-win-core-file-l1-1-0.dll
0x000001fc7fc10000 - 0x000001fc7fc13000 	C:\Users\PC\.openjfx\cache\14\api-ms-win-core-file-l1-2-0.dll
0x000001fc7fc20000 - 0x000001fc7fc23000 	C:\Users\PC\.openjfx\cache\14\api-ms-win-core-file-l2-1-0.dll
0x000001fc7ffa0000 - 0x000001fc7ffa3000 	C:\Users\PC\.openjfx\cache\14\api-ms-win-core-handle-l1-1-0.dll
0x000001fc7ffb0000 - 0x000001fc7ffb3000 	C:\Users\PC\.openjfx\cache\14\api-ms-win-core-heap-l1-1-0.dll
0x000001fc7fc30000 - 0x000001fc7fc33000 	C:\Users\PC\.openjfx\cache\14\api-ms-win-core-interlocked-l1-1-0.dll
0x000001fc7fc40000 - 0x000001fc7fc43000 	C:\Users\PC\.openjfx\cache\14\api-ms-win-core-libraryloader-l1-1-0.dll
0x000001fc7fc50000 - 0x000001fc7fc53000 	C:\Users\PC\.openjfx\cache\14\api-ms-win-core-localization-l1-2-0.dll
0x000001fc7fc60000 - 0x000001fc7fc63000 	C:\Users\PC\.openjfx\cache\14\api-ms-win-core-memory-l1-1-0.dll
0x000001fc7fc70000 - 0x000001fc7fc73000 	C:\Users\PC\.openjfx\cache\14\api-ms-win-core-namedpipe-l1-1-0.dll
0x000001fc7fc80000 - 0x000001fc7fc83000 	C:\Users\PC\.openjfx\cache\14\api-ms-win-core-processenvironment-l1-1-0.dll
0x000001fc7fc90000 - 0x000001fc7fc93000 	C:\Users\PC\.openjfx\cache\14\api-ms-win-core-processthreads-l1-1-0.dll
0x000001fc7fca0000 - 0x000001fc7fca3000 	C:\Users\PC\.openjfx\cache\14\api-ms-win-core-processthreads-l1-1-1.dll
0x000001fc7fcb0000 - 0x000001fc7fcb3000 	C:\Users\PC\.openjfx\cache\14\api-ms-win-core-profile-l1-1-0.dll
0x000001fc7fcc0000 - 0x000001fc7fcc3000 	C:\Users\PC\.openjfx\cache\14\api-ms-win-core-rtlsupport-l1-1-0.dll
0x000001fc7fcd0000 - 0x000001fc7fcd3000 	C:\Users\PC\.openjfx\cache\14\api-ms-win-core-string-l1-1-0.dll
0x000001fc7fce0000 - 0x000001fc7fce3000 	C:\Users\PC\.openjfx\cache\14\api-ms-win-core-synch-l1-1-0.dll
0x000001fc7ff20000 - 0x000001fc7ff23000 	C:\Users\PC\.openjfx\cache\14\api-ms-win-core-synch-l1-2-0.dll
0x000001fc7ff30000 - 0x000001fc7ff33000 	C:\Users\PC\.openjfx\cache\14\api-ms-win-core-sysinfo-l1-1-0.dll
0x000001fc7ff40000 - 0x000001fc7ff43000 	C:\Users\PC\.openjfx\cache\14\api-ms-win-core-timezone-l1-1-0.dll
0x000001fc7ff50000 - 0x000001fc7ff53000 	C:\Users\PC\.openjfx\cache\14\api-ms-win-core-util-l1-1-0.dll
0x000001fc7ff60000 - 0x000001fc7ff63000 	C:\Users\PC\.openjfx\cache\14\api-ms-win-crt-conio-l1-1-0.dll
0x000001fc7fe10000 - 0x000001fc7fe14000 	C:\Users\PC\.openjfx\cache\14\api-ms-win-crt-convert-l1-1-0.dll
0x000001fc7fe20000 - 0x000001fc7fe23000 	C:\Users\PC\.openjfx\cache\14\api-ms-win-crt-environment-l1-1-0.dll
0x000001fc7fe30000 - 0x000001fc7fe33000 	C:\Users\PC\.openjfx\cache\14\api-ms-win-crt-filesystem-l1-1-0.dll
0x000001fc7fe40000 - 0x000001fc7fe43000 	C:\Users\PC\.openjfx\cache\14\api-ms-win-crt-heap-l1-1-0.dll
0x000001fc7fe50000 - 0x000001fc7fe53000 	C:\Users\PC\.openjfx\cache\14\api-ms-win-crt-locale-l1-1-0.dll
0x000001fc7fe60000 - 0x000001fc7fe65000 	C:\Users\PC\.openjfx\cache\14\api-ms-win-crt-math-l1-1-0.dll
0x000001fc01220000 - 0x000001fc01225000 	C:\Users\PC\.openjfx\cache\14\api-ms-win-crt-multibyte-l1-1-0.dll
0x000001fc01230000 - 0x000001fc01240000 	C:\Users\PC\.openjfx\cache\14\api-ms-win-crt-private-l1-1-0.dll
0x000001fc01240000 - 0x000001fc01243000 	C:\Users\PC\.openjfx\cache\14\api-ms-win-crt-process-l1-1-0.dll
0x000001fc01250000 - 0x000001fc01254000 	C:\Users\PC\.openjfx\cache\14\api-ms-win-crt-runtime-l1-1-0.dll
0x000001fc01260000 - 0x000001fc01264000 	C:\Users\PC\.openjfx\cache\14\api-ms-win-crt-stdio-l1-1-0.dll
0x000001fc01270000 - 0x000001fc01274000 	C:\Users\PC\.openjfx\cache\14\api-ms-win-crt-string-l1-1-0.dll
0x000001fc01280000 - 0x000001fc01283000 	C:\Users\PC\.openjfx\cache\14\api-ms-win-crt-time-l1-1-0.dll
0x000001fc01290000 - 0x000001fc01293000 	C:\Users\PC\.openjfx\cache\14\api-ms-win-crt-utility-l1-1-0.dll
0x00007ff837890000 - 0x00007ff83798c000 	C:\Users\PC\.openjfx\cache\14\ucrtbase.dll
0x00007ff877bf0000 - 0x00007ff877c05000 	C:\Users\PC\.openjfx\cache\14\vcruntime140.dll
0x00007ff86acc0000 - 0x00007ff86ad5b000 	C:\Users\PC\.openjfx\cache\14\msvcp140.dll
0x00007ff875e30000 - 0x00007ff875e81000 	C:\Users\PC\.openjfx\cache\14\concrt140.dll
0x00007ff877bc0000 - 0x00007ff877be3000 	C:\Users\PC\.openjfx\cache\14\prism_d3d.dll
0x00007ff886ce0000 - 0x00007ff886eaf000 	C:\Windows\system32\d3d9.dll
0x00007ff88f590000 - 0x00007ff88f5bf000 	C:\Windows\SYSTEM32\dwmapi.dll
0x00007ff88f2b0000 - 0x00007ff88f34e000 	C:\Windows\system32\uxtheme.dll
0x00007ff8881c0000 - 0x00007ff8882c5000 	C:\Windows\System32\DriverStore\FileRepository\nv_dispi.inf_amd64_a51067c0ac557884\nvldumdx.dll
0x00007ff8913d0000 - 0x00007ff8913e2000 	C:\Windows\SYSTEM32\msasn1.dll
0x00007ff88bce0000 - 0x00007ff88bd11000 	C:\Windows\SYSTEM32\cryptnet.dll
0x00007ff891f80000 - 0x00007ff8920d6000 	C:\Windows\System32\CRYPT32.dll
0x00007ff8911c0000 - 0x00007ff8911cc000 	C:\Windows\SYSTEM32\cryptbase.dll
0x00007ff8917f0000 - 0x00007ff891850000 	C:\Windows\System32\WINTRUST.DLL
0x00007ff892300000 - 0x00007ff89231d000 	C:\Windows\System32\imagehlp.dll
0x00007ff8911a0000 - 0x00007ff8911b8000 	C:\Windows\SYSTEM32\CRYPTSP.dll
0x00007ff890900000 - 0x00007ff890934000 	C:\Windows\system32\rsaenh.dll
0x00007ff891f00000 - 0x00007ff891f27000 	C:\Windows\System32\bcrypt.dll
0x00007ff81a790000 - 0x00007ff81c3d7000 	C:\Windows\System32\DriverStore\FileRepository\nv_dispi.inf_amd64_a51067c0ac557884\nvd3dumx.dll
0x00007ff875cc0000 - 0x00007ff875d05000 	C:\Users\PC\.openjfx\cache\14\glass.dll
0x00007ff892220000 - 0x00007ff8922fb000 	C:\Windows\System32\COMDLG32.dll
0x00007ff8935c0000 - 0x00007ff8936ea000 	C:\Windows\System32\ole32.dll
0x00007ff893e40000 - 0x00007ff893f0d000 	C:\Windows\System32\OLEAUT32.dll
0x00007ff892a60000 - 0x00007ff892b76000 	C:\Windows\System32\MSCTF.dll
0x00007ff861600000 - 0x00007ff8618b9000 	C:\Windows\system32\nvspcap64.dll
0x00007ff890530000 - 0x00007ff890563000 	C:\Windows\SYSTEM32\ntmarta.dll
0x00007ff890110000 - 0x00007ff890133000 	C:\Windows\SYSTEM32\gpapi.dll
0x00007ff888830000 - 0x00007ff88886b000 	C:\Windows\SYSTEM32\dxcore.dll
0x00007ff891f30000 - 0x00007ff891f7e000 	C:\Windows\System32\cfgmgr32.dll
0x00007ff8761f0000 - 0x00007ff876204000 	C:\Users\PC\.openjfx\cache\14\javafx_font.dll
0x00007ff880710000 - 0x00007ff88098f000 	C:\Windows\SYSTEM32\dwrite.dll
0x00007ff8732f0000 - 0x00007ff87331c000 	C:\Users\PC\.openjfx\cache\14\javafx_iio.dll
0x00007ff892110000 - 0x00007ff8921b9000 	C:\Windows\System32\clbcatq.dll
0x00007ff88b090000 - 0x00007ff88b244000 	C:\Windows\SYSTEM32\WindowsCodecs.dll
0x00007ff878d90000 - 0x00007ff878dce000 	C:\Windows\system32\dataexchange.dll
0x00007ff88e200000 - 0x00007ff88e3e7000 	C:\Windows\system32\dcomp.dll
0x00007ff88d830000 - 0x00007ff88da94000 	C:\Windows\system32\d3d11.dll
0x00007ff890140000 - 0x00007ff890233000 	C:\Windows\system32\dxgi.dll
0x00007ff88b740000 - 0x00007ff88b941000 	C:\Windows\system32\twinapi.appcore.dll
0x00007ff876210000 - 0x00007ff876244000 	C:\Program Files\Common Files\Microsoft Shared\Ink\rtscom.dll
0x00007ff8876a0000 - 0x00007ff88779b000 	C:\Windows\SYSTEM32\textinputframework.dll
0x00007ff88e930000 - 0x00007ff88ec8e000 	C:\Windows\System32\CoreUIComponents.dll
0x00007ff88ec90000 - 0x00007ff88ed82000 	C:\Windows\System32\CoreMessaging.dll
0x00007ff88e0a0000 - 0x00007ff88e1f4000 	C:\Windows\SYSTEM32\wintypes.dll

dbghelp: loaded successfully - version: 4.0.5 - missing functions: none
symbol engine: initialized successfully - sym options: 0x614 - pdb path: .;C:\Program Files\Java\jdk-15.0.1\bin;C:\Windows\SYSTEM32;C:\Windows\WinSxS\amd64_microsoft.windows.common-controls_6595b64144ccf1df_6.0.19041.746_none_ca02b4b61b8320a4;C:\Program Files\Java\jdk-15.0.1\bin\server;C:\Users\PC\.openjfx\cache\14;C:\Windows\System32\DriverStore\FileRepository\nv_dispi.inf_amd64_a51067c0ac557884;C:\Program Files\Common Files\Microsoft Shared\Ink

VM Arguments:
jvm_args: -Dfile.encoding=UTF-8 --module-path=C:\Users\PC\git\repository\Adventure\target\classes;C:\Users\PC\.m2\repository\org\openjfx\javafx-controls\14\javafx-controls-14-win.jar;C:\Users\PC\.m2\repository\org\openjfx\javafx-graphics\14\javafx-graphics-14-win.jar;C:\Users\PC\.m2\repository\org\openjfx\javafx-base\14\javafx-base-14-win.jar;C:\Users\PC\.m2\repository\org\openjfx\javafx-fxml\14\javafx-fxml-14-win.jar;C:\Users\PC\.m2\repository\jakarta\json\jakarta.json-api\2.0.0\jakarta.json-api-2.0.0.jar;C:\Users\PC\.m2\repository\org\glassfish\jakarta.json\2.0.0\jakarta.json-2.0.0-module.jar -XX:+ShowCodeDetailsInExceptionMessages -Djdk.module.main=lab01 
java_command: lab01/lab.Main
java_class_path (initial): C:\Users\PC\.m2\repository\org\openjfx\javafx-controls\14\javafx-controls-14.jar;C:\Users\PC\.m2\repository\org\openjfx\javafx-graphics\14\javafx-graphics-14.jar;C:\Users\PC\.m2\repository\org\openjfx\javafx-base\14\javafx-base-14.jar;C:\Users\PC\.m2\repository\org\openjfx\javafx-fxml\14\javafx-fxml-14.jar;C:\Users\PC\.m2\repository\jakarta\xml\bind\jakarta.xml.bind-api\3.0.0\jakarta.xml.bind-api-3.0.0.jar;C:\Users\PC\.m2\repository\com\sun\activation\jakarta.activation\2.0.0\jakarta.activation-2.0.0.jar
Launcher Type: SUN_STANDARD

[Global flags]
     intx CICompilerCount                          = 4                                         {product} {ergonomic}
     uint ConcGCThreads                            = 2                                         {product} {ergonomic}
     uint G1ConcRefinementThreads                  = 8                                         {product} {ergonomic}
   size_t G1HeapRegionSize                         = 2097152                                   {product} {ergonomic}
    uintx GCDrainStackTargetSize                   = 64                                        {product} {ergonomic}
   size_t InitialHeapSize                          = 268435456                                 {product} {ergonomic}
   size_t MarkStackSize                            = 4194304                                   {product} {ergonomic}
   size_t MaxHeapSize                              = 4278190080                                {product} {ergonomic}
   size_t MaxNewSize                               = 2566914048                                {product} {ergonomic}
   size_t MinHeapDeltaBytes                        = 2097152                                   {product} {ergonomic}
   size_t MinHeapSize                              = 8388608                                   {product} {ergonomic}
    uintx NonNMethodCodeHeapSize                   = 5839372                                {pd product} {ergonomic}
    uintx NonProfiledCodeHeapSize                  = 122909434                              {pd product} {ergonomic}
    uintx ProfiledCodeHeapSize                     = 122909434                              {pd product} {ergonomic}
    uintx ReservedCodeCacheSize                    = 251658240                              {pd product} {ergonomic}
     bool SegmentedCodeCache                       = true                                      {product} {ergonomic}
     bool ShowCodeDetailsInExceptionMessages       = true                                   {manageable} {command line}
   size_t SoftMaxHeapSize                          = 4278190080                             {manageable} {ergonomic}
     bool UseCompressedClassPointers               = true                                 {lp64_product} {ergonomic}
     bool UseCompressedOops                        = true                                 {lp64_product} {ergonomic}
     bool UseG1GC                                  = true                                      {product} {ergonomic}
     bool UseLargePagesIndividualAllocation        = false                                  {pd product} {ergonomic}

Logging:
Log output configuration:
 #0: stdout all=off uptime,level,tags
 #1: stderr all=off uptime,level,tags

Environment Variables:
JAVA_HOME=C:\Program Files\Java\jdk-15.0.1
PATH=C:/Users/PC/.p2/pool/plugins/org.eclipse.justj.openjdk.hotspot.jre.full.win32.x86_64_15.0.1.v20201027-0507/jre/bin/server;C:/Users/PC/.p2/pool/plugins/org.eclipse.justj.openjdk.hotspot.jre.full.win32.x86_64_15.0.1.v20201027-0507/jre/bin;C:\Program Files\Common Files\Oracle\Java\javapath;C:\Windows\system32;C:\Windows;C:\Windows\System32\Wbem;C:\Windows\System32\WindowsPowerShell\v1.0\;C:\Windows\System32\OpenSSH\;C:\Program Files\NVIDIA Corporation\NVIDIA NvDLISR;C:\Program Files (x86)\NVIDIA Corporation\PhysX\Common;C:\Program Files\Java\jdk-15.0.1\bin;D:\xampp\php;C:\ProgramData\ComposerSetup\bin;C:\Users\PC\AppData\Local\Microsoft\WindowsApps;C:\Users\PC\AppData\Roaming\Composer\vendor\bin;D:\Programs\Eclipse\java-2020-12\eclipse;
USERNAME=PC
OS=Windows_NT
PROCESSOR_IDENTIFIER=AMD64 Family 23 Model 113 Stepping 0, AuthenticAMD



---------------  S Y S T E M  ---------------

OS:
 Windows 10 , 64 bit Build 19041 (10.0.19041.662)
OS uptime: 3 days 1:33 hours

CPU: total 8 (initial active 8) (8 cores per cpu, 2 threads per core) family 23 model 113 stepping 0 microcode 0x0, cmov, cx8, fxsr, mmx, sse, sse2, sse3, ssse3, sse4.1, sse4.2, popcnt, vzeroupper, avx, avx2, aes, clmul, 3dnowpref, lzcnt, sse4a, ht, tsc, tscinvbit, tscinv, bmi1, bmi2, adx, sha, fma, clflush, clflushopt

Memory: 4k page, system-wide physical 16313M (9769M free)
TotalPageFile size 18745M (AvailPageFile size 8630M)
current process WorkingSet (physical memory assigned to process): 178M, peak: 178M
current process commit charge ("private bytes"): 423M, peak: 423M

vm_info: Java HotSpot(TM) 64-Bit Server VM (15.0.1+9-18) for windows-amd64 JRE (15.0.1+9-18), built on Sep 15 2020 14:43:54 by "mach5one" with unknown MS VC++:1925

END.
