#
# A fatal error has been detected by the Java Runtime Environment:
#
#  EXCEPTION_ACCESS_VIOLATION (0xc0000005) at pc=0x00007ff875ce66f0, pid=7680, tid=4664
#
# JRE version: Java(TM) SE Runtime Environment (15.0.1+9) (build 15.0.1+9-18)
# Java VM: Java HotSpot(TM) 64-Bit Server VM (15.0.1+9-18, mixed mode, sharing, tiered, compressed oops, g1 gc, windows-amd64)
# Problematic frame:
# C  [glass.dll+0x266f0]
#
# No core dump will be written. Minidumps are not enabled by default on client versions of Windows
#
# If you would like to submit a bug report, please visit:
#   https://bugreport.java.com/bugreport/crash.jsp
#

---------------  S U M M A R Y ------------

Command Line: -Dfile.encoding=UTF-8 --module-path=C:\Users\PC\git\repository\Adventure\target\classes;C:\Users\PC\.m2\repository\org\openjfx\javafx-controls\14\javafx-controls-14-win.jar;C:\Users\PC\.m2\repository\org\openjfx\javafx-graphics\14\javafx-graphics-14-win.jar;C:\Users\PC\.m2\repository\org\openjfx\javafx-base\14\javafx-base-14-win.jar;C:\Users\PC\.m2\repository\org\openjfx\javafx-fxml\14\javafx-fxml-14-win.jar;C:\Users\PC\.m2\repository\jakarta\json\jakarta.json-api\2.0.0\jakarta.json-api-2.0.0.jar;C:\Users\PC\.m2\repository\org\glassfish\jakarta.json\2.0.0\jakarta.json-2.0.0-module.jar -XX:+ShowCodeDetailsInExceptionMessages -Djdk.module.main=lab01 lab01/lab.Main

Host: AMD Ryzen 3 3100 4-Core Processor              , 8 cores, 15G,  Windows 10 , 64 bit Build 19041 (10.0.19041.662)
Time: Wed Feb  3 19:23:45 2021 Støední Evropa (bìžný èas) elapsed time: 3.792332 seconds (0d 0h 0m 3s)

---------------  T H R E A D  ---------------

Current thread (0x0000017bca6c9770):  VMThread "VM Thread" [stack: 0x00000006fd900000,0x00000006fda00000] [id=4664]

Stack: [0x00000006fd900000,0x00000006fda00000],  sp=0x00000006fd9fea00,  free space=1018k
Native frames: (J=compiled Java code, j=interpreted, Vv=VM code, C=native code)
C  [glass.dll+0x266f0]


siginfo: EXCEPTION_ACCESS_VIOLATION (0xc0000005), reading address 0x0000000000000000


Register to memory mapping:

RIP=0x00007ff875ce66f0 glass.dll
RAX=0x0 is NULL
RBX=0x0000017bca6d7338 is a global jni handle
RCX=0x0000017bca6c9770 points into unknown readable memory: 0x00007ff82dc04238 | 38 42 c0 2d f8 7f 00 00
RDX=0x00000006fd9fea00 points into unknown readable memory: 0x0000000000000000 | 00 00 00 00 00 00 00 00
RSP=0x00000006fd9fea00 points into unknown readable memory: 0x0000000000000000 | 00 00 00 00 00 00 00 00
RBP=0x0000017bcbc051e8 points into unknown readable memory: 0x00001577926d8b0e | 0e 8b 6d 92 77 15 00 00
RSI=0x0000017bcbc051c0 points into unknown readable memory: 0x1ffe08041ff68b0e | 0e 8b f6 1f 04 08 fe 1f
RDI=0x00001577926d8b0e is an unknown value
R8 =0x0000000000010002 is an unknown value
R9 =0x00001577926d8b0e is an unknown value
R10=0x0000000000008000 is an unknown value
R11=0x00000006fd9fe9a0 points into unknown readable memory: 0x0000017bcbc051c0 | c0 51 c0 cb 7b 01 00 00
R12=0x00007ff875ce3b84 glass.dll
R13=0x0000017ba704de70 points into unknown readable memory: 0x8000000900000001 | 01 00 00 00 09 00 00 80
R14=0x00000006fd9feb08 points into unknown readable memory: 0x00000006fd9feaf0 | f0 ea 9f fd 06 00 00 00
R15=0x0000017bcbc051c0 points into unknown readable memory: 0x1ffe08041ff68b0e | 0e 8b f6 1f 04 08 fe 1f


Registers:
RAX=0x0000000000000000, RBX=0x0000017bca6d7338, RCX=0x0000017bca6c9770, RDX=0x00000006fd9fea00
RSP=0x00000006fd9fea00, RBP=0x0000017bcbc051e8, RSI=0x0000017bcbc051c0, RDI=0x00001577926d8b0e
R8 =0x0000000000010002, R9 =0x00001577926d8b0e, R10=0x0000000000008000, R11=0x00000006fd9fe9a0
R12=0x00007ff875ce3b84, R13=0x0000017ba704de70, R14=0x00000006fd9feb08, R15=0x0000017bcbc051c0
RIP=0x00007ff875ce66f0, EFLAGS=0x0000000000010202

Top of Stack: (sp=0x00000006fd9fea00)
0x00000006fd9fea00:   0000000000000000 00007ff891a9e97b
0x00000006fd9fea10:   0000017bcbc051d0 0000017bcbc051c0
0x00000006fd9fea20:   fffffffffffffffe 00007ff875ce3b84
0x00000006fd9fea30:   0000017bcbc051c8 00007ff891aa3bf6
0x00000006fd9fea40:   0000017bcbc051d0 0000017b00000000
0x00000006fd9fea50:   0000017bcbc051e8 0000017bcbc051c0
0x00000006fd9fea60:   fffffffffffffffe 0000000000000000
0x00000006fd9fea70:   0000000000000001 00007ff875cc0000
0x00000006fd9fea80:   00000006fd9feaf8 00007ff891aa3b1b
0x00000006fd9fea90:   0000000000000000 00000006fd9feb08
0x00000006fd9feaa0:   00000006fd9fedc0 00007ff891b80e40
0x00000006fd9feab0:   0000000000000000 00007ff891aa3ad4
0x00000006fd9feac0:   0000000000000000 0000000000000001
0x00000006fd9fead0:   ffffffff00000001 00000006fd9feaf8
0x00000006fd9feae0:   0000000000000000 00007ff875ce3a12
0x00000006fd9feaf0:   00007ff875cfd118 0000000600000002 

Instructions: (pc=0x00007ff875ce66f0)
0x00007ff875ce65f0:   8b 4d 60 e8 98 c9 ff ff 48 8b 55 68 48 8b 8d 08
0x00007ff875ce6600:   01 00 00 e8 49 be ff ff 33 d2 33 c9 e8 49 de ff
0x00007ff875ce6610:   ff 90 cc cc cc cc cc cc cc cc cc cc cc cc cc cc
0x00007ff875ce6620:   48 8d 8a 80 00 00 00 e9 14 e9 fe ff 48 89 54 24
0x00007ff875ce6630:   10 55 48 83 ec 20 48 8b ea 48 8d 05 dd ca ff ff
0x00007ff875ce6640:   48 83 c4 20 5d c3 cc 40 55 48 8b ea 48 8b 01 33
0x00007ff875ce6650:   c9 81 38 05 00 00 c0 0f 94 c1 8b c1 5d c3 cc 40
0x00007ff875ce6660:   55 48 83 ec 20 48 8b ea 8a 4d 40 48 83 c4 20 5d
0x00007ff875ce6670:   e9 df cd ff ff cc 40 55 48 83 ec 20 48 8b ea e8
0x00007ff875ce6680:   fc cb ff ff 8a 4d 38 48 83 c4 20 5d e9 c3 cd ff
0x00007ff875ce6690:   ff cc 40 55 48 83 ec 30 48 8b ea 48 8b 01 8b 10
0x00007ff875ce66a0:   48 89 4c 24 28 89 54 24 20 4c 8d 0d a4 d1 ff ff
0x00007ff875ce66b0:   4c 8b 45 70 8b 55 68 48 8b 4d 60 e8 30 cb ff ff
0x00007ff875ce66c0:   90 48 83 c4 30 5d c3 cc cc cc cc cc cc cc cc cc
0x00007ff875ce66d0:   40 53 48 83 ec 30 48 c7 44 24 20 fe ff ff ff 48
0x00007ff875ce66e0:   8b 1d 2a 64 01 00 48 85 db 74 16 e8 90 85 ff ff
0x00007ff875ce66f0:   4c 8b 00 48 8b d3 48 8b c8 41 ff 90 b0 00 00 00
0x00007ff875ce6700:   90 48 83 c4 30 5b c3 cc cc cc cc cc cc cc cc cc
0x00007ff875ce6710:   40 53 48 83 ec 20 48 8b 1d 9b 65 01 00 48 85 db
0x00007ff875ce6720:   74 57 b8 ff ff ff ff f0 0f c1 43 10 83 f8 01 75
0x00007ff875ce6730:   3d 48 85 db 74 38 48 8b 0b 48 85 c9 74 0d ff 15
0x00007ff875ce6740:   64 0b 00 00 48 c7 03 00 00 00 00 48 8b 4b 08 48
0x00007ff875ce6750:   85 c9 74 0d e8 37 c8 ff ff 48 c7 43 08 00 00 00
0x00007ff875ce6760:   00 ba 18 00 00 00 48 8b cb e8 22 c8 ff ff 48 c7
0x00007ff875ce6770:   05 3f 65 01 00 00 00 00 00 48 83 c4 20 5b c3 cc
0x00007ff875ce6780:   40 53 48 83 ec 20 48 8b 1d 0b 65 01 00 48 85 db
0x00007ff875ce6790:   74 57 b8 ff ff ff ff f0 0f c1 43 10 83 f8 01 75
0x00007ff875ce67a0:   3d 48 85 db 74 38 48 8b 0b 48 85 c9 74 0d ff 15
0x00007ff875ce67b0:   f4 0a 00 00 48 c7 03 00 00 00 00 48 8b 4b 08 48
0x00007ff875ce67c0:   85 c9 74 0d e8 c7 c7 ff ff 48 c7 43 08 00 00 00
0x00007ff875ce67d0:   00 ba 18 00 00 00 48 8b cb e8 b2 c7 ff ff 48 c7
0x00007ff875ce67e0:   05 af 64 01 00 00 00 00 00 48 83 c4 20 5b c3 cc 


Stack slot to memory mapping:
stack at sp + 0 slots: 0x0 is NULL
stack at sp + 1 slots: 0x00007ff891a9e97b ucrtbase.dll
stack at sp + 2 slots: 0x0000017bcbc051d0 points into unknown readable memory: 0x00001577926d8b0e | 0e 8b 6d 92 77 15 00 00
stack at sp + 3 slots: 0x0000017bcbc051c0 points into unknown readable memory: 0x1ffe08041ff68b0e | 0e 8b f6 1f 04 08 fe 1f
stack at sp + 4 slots: 0xfffffffffffffffe is an unknown value
stack at sp + 5 slots: 0x00007ff875ce3b84 glass.dll
stack at sp + 6 slots: 0x0000017bcbc051c8 points into unknown readable memory: 0x00001577926d8b0e | 0e 8b 6d 92 77 15 00 00
stack at sp + 7 slots: 0x00007ff891aa3bf6 ucrtbase.dll

VM_Operation (0x00000006feaf7aa0): Exit, mode: safepoint, requested by thread 0x0000017bcc7f37b0


---------------  P R O C E S S  ---------------

Threads class SMR info:
_java_thread_list=0x0000017bcca2abb0, length=18, elements={
0x0000017ba6f6fbf0, 0x0000017bca6ccf10, 0x0000017bca6cd9f0, 0x0000017bcafe70c0,
0x0000017bcafe9990, 0x0000017bcafea350, 0x0000017bcaff3100, 0x0000017bcaff8950,
0x0000017bcb0054e0, 0x0000017bca6b0f30, 0x0000017bcb30ea40, 0x0000017bcbc96c90,
0x0000017bcc7ef010, 0x0000017bcc7f37b0, 0x0000017bcc919fe0, 0x0000017bcc9159a0,
0x0000017bcbfa7d70, 0x0000017bcbfa8240
}

Java Threads: ( => current thread )
  0x0000017ba6f6fbf0 JavaThread "main" [_thread_blocked, id=2708, stack(0x00000006fd300000,0x00000006fd400000)]
  0x0000017bca6ccf10 JavaThread "Reference Handler" daemon [_thread_blocked, id=6064, stack(0x00000006fda00000,0x00000006fdb00000)]
  0x0000017bca6cd9f0 JavaThread "Finalizer" daemon [_thread_blocked, id=8284, stack(0x00000006fdb00000,0x00000006fdc00000)]
  0x0000017bcafe70c0 JavaThread "Signal Dispatcher" daemon [_thread_blocked, id=18532, stack(0x00000006fdc00000,0x00000006fdd00000)]
  0x0000017bcafe9990 JavaThread "Attach Listener" daemon [_thread_blocked, id=17460, stack(0x00000006fdd00000,0x00000006fde00000)]
  0x0000017bcafea350 JavaThread "Service Thread" daemon [_thread_blocked, id=10992, stack(0x00000006fde00000,0x00000006fdf00000)]
  0x0000017bcaff3100 JavaThread "C2 CompilerThread0" daemon [_thread_blocked, id=19124, stack(0x00000006fdf00000,0x00000006fe000000)]
  0x0000017bcaff8950 JavaThread "C1 CompilerThread0" daemon [_thread_blocked, id=11836, stack(0x00000006fe000000,0x00000006fe100000)]
  0x0000017bcb0054e0 JavaThread "Sweeper thread" daemon [_thread_blocked, id=8752, stack(0x00000006fe100000,0x00000006fe200000)]
  0x0000017bca6b0f30 JavaThread "Common-Cleaner" daemon [_thread_blocked, id=9404, stack(0x00000006fe200000,0x00000006fe300000)]
  0x0000017bcb30ea40 JavaThread "Notification Thread" daemon [_thread_blocked, id=15960, stack(0x00000006fe500000,0x00000006fe600000)]
  0x0000017bcbc96c90 JavaThread "QuantumRenderer-0" daemon [_thread_blocked, id=7300, stack(0x00000006fe700000,0x00000006fe800000)]
  0x0000017bcc7ef010 JavaThread "InvokeLaterDispatcher" daemon [_thread_blocked, id=6820, stack(0x00000006fe900000,0x00000006fea00000)]
  0x0000017bcc7f37b0 JavaThread "JavaFX Application Thread" [_thread_blocked, id=14840, stack(0x00000006fea00000,0x00000006feb00000)]
  0x0000017bcc919fe0 JavaThread "JavaFX-Launcher" [_thread_blocked, id=17248, stack(0x00000006fed00000,0x00000006fee00000)]
  0x0000017bcc9159a0 JavaThread "Thread-2" daemon [_thread_in_native, id=11780, stack(0x00000006fec00000,0x00000006fed00000)]
  0x0000017bcbfa7d70 JavaThread "Prism Font Disposer" daemon [_thread_blocked, id=3076, stack(0x00000006ff300000,0x00000006ff400000)]
  0x0000017bcbfa8240 JavaThread "Cleaner-0" daemon [_thread_blocked, id=17072, stack(0x00000006ff700000,0x00000006ff800000)]

Other Threads:
=>0x0000017bca6c9770 VMThread "VM Thread" [stack: 0x00000006fd900000,0x00000006fda00000] [id=4664]
  0x0000017ba6fc05f0 GCTaskThread "GC Thread#0" [stack: 0x00000006fd400000,0x00000006fd500000] [id=12916]
  0x0000017bcb682940 GCTaskThread "GC Thread#1" [stack: 0x00000006fee00000,0x00000006fef00000] [id=9508]
  0x0000017bcb67f640 GCTaskThread "GC Thread#2" [stack: 0x00000006fef00000,0x00000006ff000000] [id=17752]
  0x0000017bcca5d850 GCTaskThread "GC Thread#3" [stack: 0x00000006ff000000,0x00000006ff100000] [id=18920]
  0x0000017bcca5a550 GCTaskThread "GC Thread#4" [stack: 0x00000006ff100000,0x00000006ff200000] [id=18996]
  0x0000017bcca5c200 GCTaskThread "GC Thread#5" [stack: 0x00000006ff200000,0x00000006ff300000] [id=5908]
  0x0000017ba6fd3e90 ConcurrentGCThread "G1 Main Marker" [stack: 0x00000006fd500000,0x00000006fd600000] [id=12280]
  0x0000017ba6fd4a10 ConcurrentGCThread "G1 Conc#0" [stack: 0x00000006fd600000,0x00000006fd700000] [id=10564]
  0x0000017bca5420c0 ConcurrentGCThread "G1 Refine#0" [stack: 0x00000006fd700000,0x00000006fd800000] [id=7648]
  0x0000017bca543b00 ConcurrentGCThread "G1 Young RemSet Sampling" [stack: 0x00000006fd800000,0x00000006fd900000] [id=13572]

Threads with active compile tasks:
C1 CompilerThread0  
[error occurred during error reporting (printing all threads), id 0xc0000005, EXCEPTION_ACCESS_VIOLATION (0xc0000005) at pc=0x00007ff82da50253]

VM state: at safepoint (shutting down)

VM Mutex/Monitor currently owned by a thread:  ([mutex/lock_event])
[0x0000017ba6f6bc00] Threads_lock - owner thread: 0x0000017bca6c9770
[0x0000017ba6f6b930] Heap_lock - owner thread: 0x0000017bcc7f37b0

Heap address: 0x0000000701000000, size: 4080 MB, Compressed Oops mode: Zero based, Oop shift amount: 3
CDS archive(s) mapped at: [0x0000000800000000-0x0000000800b50000-0x0000000800b50000), size 11862016, SharedBaseAddress: 0x0000000800000000, ArchiveRelocationMode: 0.
Compressed class space mapped at: 0x0000000800b50000-0x0000000840b50000, size: 1073741824
Narrow klass base: 0x0000000800000000, Narrow klass shift: 3, Narrow klass range: 0x100000000

GC Precious Log:
 CPUs: 8 total, 8 available
 Memory: 16313M
 Large Page Support: Disabled
 NUMA Support: Disabled
 Compressed Oops: Enabled (Zero based)
 Heap Region Size: 2M
 Heap Min Capacity: 8M
 Heap Initial Capacity: 256M
 Heap Max Capacity: 4080M
 Pre-touch: Disabled
 Parallel Workers: 8
 Concurrent Workers: 2
 Concurrent Refinement Workers: 8
 Periodic GC: Disabled

Heap:
 garbage-first heap   total 262144K, used 47473K [0x0000000701000000, 0x0000000800000000)
  region size 2048K, 5 young (10240K), 3 survivors (6144K)
 Metaspace       used 14996K, capacity 15322K, committed 15616K, reserved 1062912K
  class space    used 2168K, capacity 2263K, committed 2304K, reserved 1048576K

Heap Regions: E=young(eden), S=young(survivor), O=old, HS=humongous(starts), HC=humongous(continues), CS=collection set, F=free, OA=open archive, CA=closed archive, TAMS=top-at-mark-start (previous, next)
|   0|0x0000000701000000, 0x0000000701200000, 0x0000000701200000|100%|HS|  |TAMS 0x0000000701000000, 0x0000000701000000| Complete 
|   1|0x0000000701200000, 0x0000000701400000, 0x0000000701400000|100%|HC|  |TAMS 0x0000000701200000, 0x0000000701200000| Complete 
|   2|0x0000000701400000, 0x0000000701600000, 0x0000000701600000|100%|HC|  |TAMS 0x0000000701400000, 0x0000000701400000| Complete 
|   3|0x0000000701600000, 0x0000000701800000, 0x0000000701800000|100%|HS|  |TAMS 0x0000000701600000, 0x0000000701600000| Complete 
|   4|0x0000000701800000, 0x0000000701a00000, 0x0000000701a00000|100%|HC|  |TAMS 0x0000000701800000, 0x0000000701800000| Complete 
|   5|0x0000000701a00000, 0x0000000701c00000, 0x0000000701c00000|100%|HC|  |TAMS 0x0000000701a00000, 0x0000000701a00000| Complete 
|   6|0x0000000701c00000, 0x0000000701e00000, 0x0000000701e00000|100%|HS|  |TAMS 0x0000000701c00000, 0x0000000701c00000| Complete 
|   7|0x0000000701e00000, 0x0000000702000000, 0x0000000702000000|100%|HC|  |TAMS 0x0000000701e00000, 0x0000000701e00000| Complete 
|   8|0x0000000702000000, 0x0000000702200000, 0x0000000702200000|100%|HC|  |TAMS 0x0000000702000000, 0x0000000702000000| Complete 
|   9|0x0000000702200000, 0x0000000702400000, 0x0000000702400000|100%|HS|  |TAMS 0x0000000702200000, 0x0000000702200000| Complete 
|  10|0x0000000702400000, 0x0000000702600000, 0x0000000702600000|100%|HC|  |TAMS 0x0000000702400000, 0x0000000702400000| Complete 
|  11|0x0000000702600000, 0x0000000702800000, 0x0000000702800000|100%|HC|  |TAMS 0x0000000702600000, 0x0000000702600000| Complete 
|  12|0x0000000702800000, 0x0000000702a00000, 0x0000000702a00000|100%|HS|  |TAMS 0x0000000702800000, 0x0000000702800000| Complete 
|  13|0x0000000702a00000, 0x0000000702c00000, 0x0000000702c00000|100%|HC|  |TAMS 0x0000000702a00000, 0x0000000702a00000| Complete 
|  14|0x0000000702c00000, 0x0000000702e00000, 0x0000000702e00000|100%|HC|  |TAMS 0x0000000702c00000, 0x0000000702c00000| Complete 
|  15|0x0000000702e00000, 0x0000000703000000, 0x0000000703000000|100%|HC|  |TAMS 0x0000000702e00000, 0x0000000702e00000| Complete 
|  16|0x0000000703000000, 0x0000000703200000, 0x0000000703200000|100%|HC|  |TAMS 0x0000000703000000, 0x0000000703000000| Complete 
|  17|0x0000000703200000, 0x0000000703400000, 0x0000000703400000|100%|HC|  |TAMS 0x0000000703200000, 0x0000000703200000| Complete 
|  18|0x0000000703400000, 0x0000000703600000, 0x0000000703600000|100%|HS|  |TAMS 0x0000000703400000, 0x0000000703400000| Complete 
|  19|0x0000000703600000, 0x000000070365c400, 0x0000000703800000| 18%| O|  |TAMS 0x0000000703600000, 0x0000000703600000| Untracked 
|  20|0x0000000703800000, 0x0000000703800000, 0x0000000703a00000|  0%| F|  |TAMS 0x0000000703800000, 0x0000000703800000| Untracked 
|  21|0x0000000703a00000, 0x0000000703a00000, 0x0000000703c00000|  0%| F|  |TAMS 0x0000000703a00000, 0x0000000703a00000| Untracked 
|  22|0x0000000703c00000, 0x0000000703c00000, 0x0000000703e00000|  0%| F|  |TAMS 0x0000000703c00000, 0x0000000703c00000| Untracked 
|  23|0x0000000703e00000, 0x0000000703e00000, 0x0000000704000000|  0%| F|  |TAMS 0x0000000703e00000, 0x0000000703e00000| Untracked 
|  24|0x0000000704000000, 0x0000000704000000, 0x0000000704200000|  0%| F|  |TAMS 0x0000000704000000, 0x0000000704000000| Untracked 
|  25|0x0000000704200000, 0x0000000704200000, 0x0000000704400000|  0%| F|  |TAMS 0x0000000704200000, 0x0000000704200000| Untracked 
|  26|0x0000000704400000, 0x0000000704400000, 0x0000000704600000|  0%| F|  |TAMS 0x0000000704400000, 0x0000000704400000| Untracked 
|  27|0x0000000704600000, 0x0000000704600000, 0x0000000704800000|  0%| F|  |TAMS 0x0000000704600000, 0x0000000704600000| Untracked 
|  28|0x0000000704800000, 0x0000000704800000, 0x0000000704a00000|  0%| F|  |TAMS 0x0000000704800000, 0x0000000704800000| Untracked 
|  29|0x0000000704a00000, 0x0000000704a00000, 0x0000000704c00000|  0%| F|  |TAMS 0x0000000704a00000, 0x0000000704a00000| Untracked 
|  30|0x0000000704c00000, 0x0000000704c00000, 0x0000000704e00000|  0%| F|  |TAMS 0x0000000704c00000, 0x0000000704c00000| Untracked 
|  31|0x0000000704e00000, 0x0000000704e00000, 0x0000000705000000|  0%| F|  |TAMS 0x0000000704e00000, 0x0000000704e00000| Untracked 
|  32|0x0000000705000000, 0x0000000705000000, 0x0000000705200000|  0%| F|  |TAMS 0x0000000705000000, 0x0000000705000000| Untracked 
|  33|0x0000000705200000, 0x0000000705200000, 0x0000000705400000|  0%| F|  |TAMS 0x0000000705200000, 0x0000000705200000| Untracked 
|  34|0x0000000705400000, 0x0000000705400000, 0x0000000705600000|  0%| F|  |TAMS 0x0000000705400000, 0x0000000705400000| Untracked 
|  35|0x0000000705600000, 0x0000000705600000, 0x0000000705800000|  0%| F|  |TAMS 0x0000000705600000, 0x0000000705600000| Untracked 
|  36|0x0000000705800000, 0x0000000705800000, 0x0000000705a00000|  0%| F|  |TAMS 0x0000000705800000, 0x0000000705800000| Untracked 
|  37|0x0000000705a00000, 0x0000000705a00000, 0x0000000705c00000|  0%| F|  |TAMS 0x0000000705a00000, 0x0000000705a00000| Untracked 
|  38|0x0000000705c00000, 0x0000000705c00000, 0x0000000705e00000|  0%| F|  |TAMS 0x0000000705c00000, 0x0000000705c00000| Untracked 
|  39|0x0000000705e00000, 0x0000000705e00000, 0x0000000706000000|  0%| F|  |TAMS 0x0000000705e00000, 0x0000000705e00000| Untracked 
|  40|0x0000000706000000, 0x0000000706000000, 0x0000000706200000|  0%| F|  |TAMS 0x0000000706000000, 0x0000000706000000| Untracked 
|  41|0x0000000706200000, 0x0000000706200000, 0x0000000706400000|  0%| F|  |TAMS 0x0000000706200000, 0x0000000706200000| Untracked 
|  42|0x0000000706400000, 0x0000000706400000, 0x0000000706600000|  0%| F|  |TAMS 0x0000000706400000, 0x0000000706400000| Untracked 
|  43|0x0000000706600000, 0x0000000706600000, 0x0000000706800000|  0%| F|  |TAMS 0x0000000706600000, 0x0000000706600000| Untracked 
|  44|0x0000000706800000, 0x0000000706800000, 0x0000000706a00000|  0%| F|  |TAMS 0x0000000706800000, 0x0000000706800000| Untracked 
|  45|0x0000000706a00000, 0x0000000706a00000, 0x0000000706c00000|  0%| F|  |TAMS 0x0000000706a00000, 0x0000000706a00000| Untracked 
|  46|0x0000000706c00000, 0x0000000706c00000, 0x0000000706e00000|  0%| F|  |TAMS 0x0000000706c00000, 0x0000000706c00000| Untracked 
|  47|0x0000000706e00000, 0x0000000706e00000, 0x0000000707000000|  0%| F|  |TAMS 0x0000000706e00000, 0x0000000706e00000| Untracked 
|  48|0x0000000707000000, 0x0000000707000000, 0x0000000707200000|  0%| F|  |TAMS 0x0000000707000000, 0x0000000707000000| Untracked 
|  49|0x0000000707200000, 0x0000000707200000, 0x0000000707400000|  0%| F|  |TAMS 0x0000000707200000, 0x0000000707200000| Untracked 
|  50|0x0000000707400000, 0x0000000707400000, 0x0000000707600000|  0%| F|  |TAMS 0x0000000707400000, 0x0000000707400000| Untracked 
|  51|0x0000000707600000, 0x0000000707600000, 0x0000000707800000|  0%| F|  |TAMS 0x0000000707600000, 0x0000000707600000| Untracked 
|  52|0x0000000707800000, 0x0000000707800000, 0x0000000707a00000|  0%| F|  |TAMS 0x0000000707800000, 0x0000000707800000| Untracked 
|  53|0x0000000707a00000, 0x0000000707a00000, 0x0000000707c00000|  0%| F|  |TAMS 0x0000000707a00000, 0x0000000707a00000| Untracked 
|  54|0x0000000707c00000, 0x0000000707c00000, 0x0000000707e00000|  0%| F|  |TAMS 0x0000000707c00000, 0x0000000707c00000| Untracked 
|  55|0x0000000707e00000, 0x0000000707e00000, 0x0000000708000000|  0%| F|  |TAMS 0x0000000707e00000, 0x0000000707e00000| Untracked 
|  56|0x0000000708000000, 0x0000000708000000, 0x0000000708200000|  0%| F|  |TAMS 0x0000000708000000, 0x0000000708000000| Untracked 
|  57|0x0000000708200000, 0x0000000708200000, 0x0000000708400000|  0%| F|  |TAMS 0x0000000708200000, 0x0000000708200000| Untracked 
|  58|0x0000000708400000, 0x0000000708400000, 0x0000000708600000|  0%| F|  |TAMS 0x0000000708400000, 0x0000000708400000| Untracked 
|  59|0x0000000708600000, 0x0000000708600000, 0x0000000708800000|  0%| F|  |TAMS 0x0000000708600000, 0x0000000708600000| Untracked 
|  60|0x0000000708800000, 0x0000000708800000, 0x0000000708a00000|  0%| F|  |TAMS 0x0000000708800000, 0x0000000708800000| Untracked 
|  61|0x0000000708a00000, 0x0000000708a00000, 0x0000000708c00000|  0%| F|  |TAMS 0x0000000708a00000, 0x0000000708a00000| Untracked 
|  62|0x0000000708c00000, 0x0000000708c00000, 0x0000000708e00000|  0%| F|  |TAMS 0x0000000708c00000, 0x0000000708c00000| Untracked 
|  63|0x0000000708e00000, 0x0000000708e00000, 0x0000000709000000|  0%| F|  |TAMS 0x0000000708e00000, 0x0000000708e00000| Untracked 
|  64|0x0000000709000000, 0x0000000709000000, 0x0000000709200000|  0%| F|  |TAMS 0x0000000709000000, 0x0000000709000000| Untracked 
|  65|0x0000000709200000, 0x0000000709200000, 0x0000000709400000|  0%| F|  |TAMS 0x0000000709200000, 0x0000000709200000| Untracked 
|  66|0x0000000709400000, 0x0000000709400000, 0x0000000709600000|  0%| F|  |TAMS 0x0000000709400000, 0x0000000709400000| Untracked 
|  67|0x0000000709600000, 0x0000000709600000, 0x0000000709800000|  0%| F|  |TAMS 0x0000000709600000, 0x0000000709600000| Untracked 
|  68|0x0000000709800000, 0x0000000709800000, 0x0000000709a00000|  0%| F|  |TAMS 0x0000000709800000, 0x0000000709800000| Untracked 
|  69|0x0000000709a00000, 0x0000000709a00000, 0x0000000709c00000|  0%| F|  |TAMS 0x0000000709a00000, 0x0000000709a00000| Untracked 
|  70|0x0000000709c00000, 0x0000000709c00000, 0x0000000709e00000|  0%| F|  |TAMS 0x0000000709c00000, 0x0000000709c00000| Untracked 
|  71|0x0000000709e00000, 0x0000000709e00000, 0x000000070a000000|  0%| F|  |TAMS 0x0000000709e00000, 0x0000000709e00000| Untracked 
|  72|0x000000070a000000, 0x000000070a000000, 0x000000070a200000|  0%| F|  |TAMS 0x000000070a000000, 0x000000070a000000| Untracked 
|  73|0x000000070a200000, 0x000000070a200000, 0x000000070a400000|  0%| F|  |TAMS 0x000000070a200000, 0x000000070a200000| Untracked 
|  74|0x000000070a400000, 0x000000070a400000, 0x000000070a600000|  0%| F|  |TAMS 0x000000070a400000, 0x000000070a400000| Untracked 
|  75|0x000000070a600000, 0x000000070a600000, 0x000000070a800000|  0%| F|  |TAMS 0x000000070a600000, 0x000000070a600000| Untracked 
|  76|0x000000070a800000, 0x000000070a800000, 0x000000070aa00000|  0%| F|  |TAMS 0x000000070a800000, 0x000000070a800000| Untracked 
|  77|0x000000070aa00000, 0x000000070aa00000, 0x000000070ac00000|  0%| F|  |TAMS 0x000000070aa00000, 0x000000070aa00000| Untracked 
|  78|0x000000070ac00000, 0x000000070ac00000, 0x000000070ae00000|  0%| F|  |TAMS 0x000000070ac00000, 0x000000070ac00000| Untracked 
|  79|0x000000070ae00000, 0x000000070ae00000, 0x000000070b000000|  0%| F|  |TAMS 0x000000070ae00000, 0x000000070ae00000| Untracked 
|  80|0x000000070b000000, 0x000000070b000000, 0x000000070b200000|  0%| F|  |TAMS 0x000000070b000000, 0x000000070b000000| Untracked 
|  81|0x000000070b200000, 0x000000070b200000, 0x000000070b400000|  0%| F|  |TAMS 0x000000070b200000, 0x000000070b200000| Untracked 
|  82|0x000000070b400000, 0x000000070b400000, 0x000000070b600000|  0%| F|  |TAMS 0x000000070b400000, 0x000000070b400000| Untracked 
|  83|0x000000070b600000, 0x000000070b600000, 0x000000070b800000|  0%| F|  |TAMS 0x000000070b600000, 0x000000070b600000| Untracked 
|  84|0x000000070b800000, 0x000000070b800000, 0x000000070ba00000|  0%| F|  |TAMS 0x000000070b800000, 0x000000070b800000| Untracked 
|  85|0x000000070ba00000, 0x000000070ba00000, 0x000000070bc00000|  0%| F|  |TAMS 0x000000070ba00000, 0x000000070ba00000| Untracked 
|  86|0x000000070bc00000, 0x000000070bc00000, 0x000000070be00000|  0%| F|  |TAMS 0x000000070bc00000, 0x000000070bc00000| Untracked 
|  87|0x000000070be00000, 0x000000070be00000, 0x000000070c000000|  0%| F|  |TAMS 0x000000070be00000, 0x000000070be00000| Untracked 
|  88|0x000000070c000000, 0x000000070c000000, 0x000000070c200000|  0%| F|  |TAMS 0x000000070c000000, 0x000000070c000000| Untracked 
|  89|0x000000070c200000, 0x000000070c200000, 0x000000070c400000|  0%| F|  |TAMS 0x000000070c200000, 0x000000070c200000| Untracked 
|  90|0x000000070c400000, 0x000000070c400000, 0x000000070c600000|  0%| F|  |TAMS 0x000000070c400000, 0x000000070c400000| Untracked 
|  91|0x000000070c600000, 0x000000070c600000, 0x000000070c800000|  0%| F|  |TAMS 0x000000070c600000, 0x000000070c600000| Untracked 
|  92|0x000000070c800000, 0x000000070c800000, 0x000000070ca00000|  0%| F|  |TAMS 0x000000070c800000, 0x000000070c800000| Untracked 
|  93|0x000000070ca00000, 0x000000070ca00000, 0x000000070cc00000|  0%| F|  |TAMS 0x000000070ca00000, 0x000000070ca00000| Untracked 
|  94|0x000000070cc00000, 0x000000070cc00000, 0x000000070ce00000|  0%| F|  |TAMS 0x000000070cc00000, 0x000000070cc00000| Untracked 
|  95|0x000000070ce00000, 0x000000070ce00000, 0x000000070d000000|  0%| F|  |TAMS 0x000000070ce00000, 0x000000070ce00000| Untracked 
|  96|0x000000070d000000, 0x000000070d000000, 0x000000070d200000|  0%| F|  |TAMS 0x000000070d000000, 0x000000070d000000| Untracked 
|  97|0x000000070d200000, 0x000000070d200000, 0x000000070d400000|  0%| F|  |TAMS 0x000000070d200000, 0x000000070d200000| Untracked 
|  98|0x000000070d400000, 0x000000070d400000, 0x000000070d600000|  0%| F|  |TAMS 0x000000070d400000, 0x000000070d400000| Untracked 
|  99|0x000000070d600000, 0x000000070d600000, 0x000000070d800000|  0%| F|  |TAMS 0x000000070d600000, 0x000000070d600000| Untracked 
| 100|0x000000070d800000, 0x000000070d800000, 0x000000070da00000|  0%| F|  |TAMS 0x000000070d800000, 0x000000070d800000| Untracked 
| 101|0x000000070da00000, 0x000000070da00000, 0x000000070dc00000|  0%| F|  |TAMS 0x000000070da00000, 0x000000070da00000| Untracked 
| 102|0x000000070dc00000, 0x000000070dc00000, 0x000000070de00000|  0%| F|  |TAMS 0x000000070dc00000, 0x000000070dc00000| Untracked 
| 103|0x000000070de00000, 0x000000070de00000, 0x000000070e000000|  0%| F|  |TAMS 0x000000070de00000, 0x000000070de00000| Untracked 
| 104|0x000000070e000000, 0x000000070e000000, 0x000000070e200000|  0%| F|  |TAMS 0x000000070e000000, 0x000000070e000000| Untracked 
| 105|0x000000070e200000, 0x000000070e200000, 0x000000070e400000|  0%| F|  |TAMS 0x000000070e200000, 0x000000070e200000| Untracked 
| 106|0x000000070e400000, 0x000000070e600000, 0x000000070e600000|100%| S|CS|TAMS 0x000000070e400000, 0x000000070e400000| Complete 
| 107|0x000000070e600000, 0x000000070e800000, 0x000000070e800000|100%| S|CS|TAMS 0x000000070e600000, 0x000000070e600000| Complete 
| 108|0x000000070e800000, 0x000000070ea00000, 0x000000070ea00000|100%| S|CS|TAMS 0x000000070e800000, 0x000000070e800000| Complete 
| 109|0x000000070ea00000, 0x000000070ea00000, 0x000000070ec00000|  0%| F|  |TAMS 0x000000070ea00000, 0x000000070ea00000| Untracked 
| 110|0x000000070ec00000, 0x000000070ec00000, 0x000000070ee00000|  0%| F|  |TAMS 0x000000070ec00000, 0x000000070ec00000| Untracked 
| 111|0x000000070ee00000, 0x000000070ee00000, 0x000000070f000000|  0%| F|  |TAMS 0x000000070ee00000, 0x000000070ee00000| Untracked 
| 112|0x000000070f000000, 0x000000070f000000, 0x000000070f200000|  0%| F|  |TAMS 0x000000070f000000, 0x000000070f000000| Untracked 
| 113|0x000000070f200000, 0x000000070f200000, 0x000000070f400000|  0%| F|  |TAMS 0x000000070f200000, 0x000000070f200000| Untracked 
| 114|0x000000070f400000, 0x000000070f400000, 0x000000070f600000|  0%| F|  |TAMS 0x000000070f400000, 0x000000070f400000| Untracked 
| 115|0x000000070f600000, 0x000000070f600000, 0x000000070f800000|  0%| F|  |TAMS 0x000000070f600000, 0x000000070f600000| Untracked 
| 116|0x000000070f800000, 0x000000070f800000, 0x000000070fa00000|  0%| F|  |TAMS 0x000000070f800000, 0x000000070f800000| Untracked 
| 117|0x000000070fa00000, 0x000000070fa00000, 0x000000070fc00000|  0%| F|  |TAMS 0x000000070fa00000, 0x000000070fa00000| Untracked 
| 118|0x000000070fc00000, 0x000000070fc00000, 0x000000070fe00000|  0%| F|  |TAMS 0x000000070fc00000, 0x000000070fc00000| Untracked 
| 119|0x000000070fe00000, 0x000000070fe00000, 0x0000000710000000|  0%| F|  |TAMS 0x000000070fe00000, 0x000000070fe00000| Untracked 
| 120|0x0000000710000000, 0x0000000710000000, 0x0000000710200000|  0%| F|  |TAMS 0x0000000710000000, 0x0000000710000000| Untracked 
| 121|0x0000000710200000, 0x0000000710200000, 0x0000000710400000|  0%| F|  |TAMS 0x0000000710200000, 0x0000000710200000| Untracked 
| 122|0x0000000710400000, 0x0000000710400000, 0x0000000710600000|  0%| F|  |TAMS 0x0000000710400000, 0x0000000710400000| Untracked 
| 123|0x0000000710600000, 0x0000000710600000, 0x0000000710800000|  0%| F|  |TAMS 0x0000000710600000, 0x0000000710600000| Untracked 
| 124|0x0000000710800000, 0x0000000710800000, 0x0000000710a00000|  0%| F|  |TAMS 0x0000000710800000, 0x0000000710800000| Untracked 
| 125|0x0000000710a00000, 0x0000000710a00000, 0x0000000710c00000|  0%| F|  |TAMS 0x0000000710a00000, 0x0000000710a00000| Untracked 
| 126|0x0000000710c00000, 0x0000000710d96038, 0x0000000710e00000| 79%| E|  |TAMS 0x0000000710c00000, 0x0000000710c00000| Complete 
| 127|0x0000000710e00000, 0x0000000711000000, 0x0000000711000000|100%| E|CS|TAMS 0x0000000710e00000, 0x0000000710e00000| Complete 

Card table byte_map: [0x0000017bbece0000,0x0000017bbf4e0000] _byte_map_base: 0x0000017bbb4d8000

Marking Bits (Prev, Next): (CMBitMap*) 0x0000017ba6fc2d90, (CMBitMap*) 0x0000017ba6fc2dd0
 Prev Bits: [0x0000017bbfce0000, 0x0000017bc3ca0000)
 Next Bits: [0x0000017bc3ca0000, 0x0000017bc7c60000)

Polling page: 0x0000017ba4ec0000

Metaspace:

Usage:
  Non-class:     12.75 MB capacity,    12.53 MB ( 98%) used,   208.05 KB (  2%) free+waste,    22.69 KB ( <1%) overhead. 
      Class:      2.21 MB capacity,     2.12 MB ( 96%) used,    84.38 KB (  4%) free+waste,    10.31 KB ( <1%) overhead. 
       Both:     14.96 MB capacity,    14.65 MB ( 98%) used,   292.44 KB (  2%) free+waste,    33.00 KB ( <1%) overhead. 

Virtual space:
  Non-class space:       14.00 MB reserved,      13.00 MB ( 93%) committed 
      Class space:        1.00 GB reserved,       2.25 MB ( <1%) committed 
             Both:        1.01 GB reserved,      15.25 MB (  1%) committed 

Chunk freelists:
   Non-Class:  61.00 KB
       Class:  9.00 KB
        Both:  70.00 KB

MaxMetaspaceSize: 17179869184.00 GB
CompressedClassSpaceSize: 1.00 GB

CodeHeap 'non-profiled nmethods': size=120000Kb used=749Kb max_used=749Kb free=119250Kb
 bounds [0x0000017bb6c80000, 0x0000017bb6ef0000, 0x0000017bbe1b0000]
CodeHeap 'profiled nmethods': size=120000Kb used=3338Kb max_used=3338Kb free=116661Kb
 bounds [0x0000017baf750000, 0x0000017bafaa0000, 0x0000017bb6c80000]
CodeHeap 'non-nmethods': size=5760Kb used=1433Kb max_used=1447Kb free=4326Kb
 bounds [0x0000017baf1b0000, 0x0000017baf420000, 0x0000017baf750000]
 total_blobs=2705 nmethods=1940 adapters=677
 compilation: enabled
              stopped_count=0, restarted_count=0
 full_count=0

Compilation events (20 events):
Event: 2.991 Thread 0x0000017bcaff8950 nmethod 1932 0x0000017bb6d3a110 code [0x0000017bb6d3a2a0, 0x0000017bb6d3a358]
Event: 2.991 Thread 0x0000017bcaff8950 1933       1       javafx.scene.input.MouseEvent::isStillSincePress (5 bytes)
Event: 2.991 Thread 0x0000017bcaff8950 nmethod 1933 0x0000017bb6d3a410 code [0x0000017bb6d3a5a0, 0x0000017bb6d3a658]
Event: 2.991 Thread 0x0000017bcaff8950 1934       3       java.util.concurrent.atomic.AtomicBoolean::getAndSet (25 bytes)
Event: 2.991 Thread 0x0000017bcaff8950 nmethod 1934 0x0000017bafa8f710 code [0x0000017bafa8f920, 0x0000017bafa90198]
Event: 2.991 Thread 0x0000017bcaff8950 1935       3       java.lang.invoke.VarHandleGuards::guard_LI_I (73 bytes)
Event: 2.992 Thread 0x0000017bcaff8950 nmethod 1935 0x0000017bafa90410 code [0x0000017bafa906c0, 0x0000017bafa91a28]
Event: 2.992 Thread 0x0000017bcaff8950 1936       3       jdk.internal.misc.Unsafe::getAndSetInt (24 bytes)
Event: 2.992 Thread 0x0000017bcaff8950 nmethod 1936 0x0000017bafa92010 code [0x0000017bafa921c0, 0x0000017bafa923e8]
Event: 3.006 Thread 0x0000017bcaff8950 1938       1       java.util.EventObject::getSource (5 bytes)
Event: 3.006 Thread 0x0000017bcaff8950 nmethod 1938 0x0000017bb6d3aa10 code [0x0000017bb6d3aba0, 0x0000017bb6d3ac58]
Event: 3.014 Thread 0x0000017bcaff8950 1939       1       com.sun.javafx.tk.quantum.GlassScene::getStage (5 bytes)
Event: 3.014 Thread 0x0000017bcaff8950 nmethod 1939 0x0000017bb6d3ad10 code [0x0000017bb6d3aea0, 0x0000017bb6d3af58]
Event: 3.014 Thread 0x0000017bcaff8950 1940       3       javafx.scene.Scene$TargetWrapper::set (11 bytes)
Event: 3.014 Thread 0x0000017bcaff8950 nmethod 1940 0x0000017bafa92510 code [0x0000017bafa926a0, 0x0000017bafa92878]
Event: 3.014 Thread 0x0000017bcaff8950 1941       1       javafx.scene.input.MouseEvent::getPickResult (5 bytes)
Event: 3.014 Thread 0x0000017bcaff8950 nmethod 1941 0x0000017bb6d3b010 code [0x0000017bb6d3b1a0, 0x0000017bb6d3b258]
Event: 3.118 Thread 0x0000017bcaff8950 1942       1       com.sun.javafx.stage.WindowEventDispatcher::getLastDispatcher (5 bytes)
Event: 3.118 Thread 0x0000017bcaff8950 nmethod 1942 0x0000017bb6d3b310 code [0x0000017bb6d3b4a0, 0x0000017bb6d3b558]
Event: 3.463 Thread 0x0000017bcaff8950 1944       3       java.lang.invoke.InnerClassLambdaMetafactory::<init> (255 bytes)

GC Heap History (4 events):
Event: 0.517 GC heap before
{Heap before GC invocations=0 (full 0):
 garbage-first heap   total 262144K, used 22528K [0x0000000701000000, 0x0000000800000000)
  region size 2048K, 11 young (22528K), 0 survivors (0K)
 Metaspace       used 6039K, capacity 7484K, committed 7552K, reserved 1056768K
  class space    used 704K, capacity 830K, committed 896K, reserved 1048576K
}
Event: 0.520 GC heap after
{Heap after GC invocations=1 (full 0):
 garbage-first heap   total 262144K, used 3037K [0x0000000701000000, 0x0000000800000000)
  region size 2048K, 2 young (4096K), 2 survivors (4096K)
 Metaspace       used 6039K, capacity 7484K, committed 7552K, reserved 1056768K
  class space    used 704K, capacity 830K, committed 896K, reserved 1048576K
}
Event: 1.774 GC heap before
{Heap before GC invocations=1 (full 0):
 garbage-first heap   total 262144K, used 76765K [0x0000000701000000, 0x0000000800000000)
  region size 2048K, 19 young (38912K), 2 survivors (4096K)
 Metaspace       used 14827K, capacity 15162K, committed 15360K, reserved 1062912K
  class space    used 2148K, capacity 2231K, committed 2304K, reserved 1048576K
}
Event: 1.779 GC heap after
{Heap after GC invocations=2 (full 0):
 garbage-first heap   total 262144K, used 45425K [0x0000000701000000, 0x0000000800000000)
  region size 2048K, 3 young (6144K), 3 survivors (6144K)
 Metaspace       used 14827K, capacity 15162K, committed 15360K, reserved 1062912K
  class space    used 2148K, capacity 2231K, committed 2304K, reserved 1048576K
}

Deoptimization events (20 events):
Event: 0.934 Thread 0x0000017bcc7f37b0 Uncommon trap: trap_request=0xffffff45 fr.pc=0x0000017bb6c98cb4 relative=0x0000000000000034
Event: 0.934 Thread 0x0000017bcc7f37b0 Uncommon trap: reason=unstable_if action=reinterpret pc=0x0000017bb6c98cb4 method=java.lang.StringLatin1.canEncode(I)Z @ 4 c2
Event: 0.934 Thread 0x0000017bcc7f37b0 DEOPT PACKING pc=0x0000017bb6c98cb4 sp=0x00000006feafae80
Event: 0.934 Thread 0x0000017bcc7f37b0 DEOPT UNPACKING pc=0x0000017baf1fe42f sp=0x00000006feafae10 mode 2
Event: 0.981 Thread 0x0000017bcc7f37b0 Uncommon trap: trap_request=0xffffffde fr.pc=0x0000017bb6c901bc relative=0x000000000000019c
Event: 0.981 Thread 0x0000017bcc7f37b0 Uncommon trap: reason=class_check action=maybe_recompile pc=0x0000017bb6c901bc method=java.lang.String.equals(Ljava/lang/Object;)Z @ 8 c2
Event: 0.981 Thread 0x0000017bcc7f37b0 DEOPT PACKING pc=0x0000017bb6c901bc sp=0x00000006feafca10
Event: 0.981 Thread 0x0000017bcc7f37b0 DEOPT UNPACKING pc=0x0000017baf1fe42f sp=0x00000006feafc9b8 mode 2
Event: 0.981 Thread 0x0000017bcc7f37b0 Uncommon trap: trap_request=0xffffffde fr.pc=0x0000017bb6c901bc relative=0x000000000000019c
Event: 0.981 Thread 0x0000017bcc7f37b0 Uncommon trap: reason=class_check action=maybe_recompile pc=0x0000017bb6c901bc method=java.lang.String.equals(Ljava/lang/Object;)Z @ 8 c2
Event: 0.981 Thread 0x0000017bcc7f37b0 DEOPT PACKING pc=0x0000017bb6c901bc sp=0x00000006feafc920
Event: 0.981 Thread 0x0000017bcc7f37b0 DEOPT UNPACKING pc=0x0000017baf1fe42f sp=0x00000006feafc8c8 mode 2
Event: 0.981 Thread 0x0000017bcc7f37b0 Uncommon trap: trap_request=0xffffffde fr.pc=0x0000017bb6c901bc relative=0x000000000000019c
Event: 0.981 Thread 0x0000017bcc7f37b0 Uncommon trap: reason=class_check action=maybe_recompile pc=0x0000017bb6c901bc method=java.lang.String.equals(Ljava/lang/Object;)Z @ 8 c2
Event: 0.981 Thread 0x0000017bcc7f37b0 DEOPT PACKING pc=0x0000017bb6c901bc sp=0x00000006feafc920
Event: 0.981 Thread 0x0000017bcc7f37b0 DEOPT UNPACKING pc=0x0000017baf1fe42f sp=0x00000006feafc8c8 mode 2
Event: 0.983 Thread 0x0000017bcc7f37b0 Uncommon trap: trap_request=0xffffffde fr.pc=0x0000017bb6c901bc relative=0x000000000000019c
Event: 0.983 Thread 0x0000017bcc7f37b0 Uncommon trap: reason=class_check action=maybe_recompile pc=0x0000017bb6c901bc method=java.lang.String.equals(Ljava/lang/Object;)Z @ 8 c2
Event: 0.983 Thread 0x0000017bcc7f37b0 DEOPT PACKING pc=0x0000017bb6c901bc sp=0x00000006feafc730
Event: 0.983 Thread 0x0000017bcc7f37b0 DEOPT UNPACKING pc=0x0000017baf1fe42f sp=0x00000006feafc6d8 mode 2

Classes unloaded (0 events):
No events

Classes redefined (0 events):
No events

Internal exceptions (20 events):
Event: 0.475 Thread 0x0000017ba6f6fbf0 Exception <a 'java/lang/NoSuchMethodError'{0x000000070fc05170}: 'java.lang.Object java.lang.invoke.DirectMethodHandle$Holder.newInvokeSpecial(java.lang.Object, java.lang.Object, java.lang.Object, java.lang.Object, java.lang.Object)'> (0x000000070fc05170) 
thrown [./open/src/hotspot/share/interpreter/linkResolver.cpp, line 782]
Event: 0.476 Thread 0x0000017bcc919fe0 Exception <a 'java/lang/NoSuchMethodError'{0x000000070fc750a8}: 'void java.lang.invoke.DirectMethodHandle$Holder.invokeStatic(java.lang.Object, java.lang.Object, java.lang.Object, java.lang.Object)'> (0x000000070fc750a8) 
thrown [./open/src/hotspot/share/interpreter/linkResolver.cpp, line 782]
Event: 0.502 Thread 0x0000017bcc7f37b0 Exception <a 'sun/nio/fs/WindowsException'{0x000000070fb0a0d0}> (0x000000070fb0a0d0) 
thrown [./open/src/hotspot/share/prims/jni.cpp, line 578]
Event: 0.538 Thread 0x0000017bcc7f37b0 Exception <a 'java/lang/NoSuchMethodError'{0x0000000710d181c8}: 'java.lang.Object java.lang.invoke.DirectMethodHandle$Holder.invokeStaticInit(java.lang.Object, java.lang.Object, java.lang.Object, java.lang.Object)'> (0x0000000710d181c8) 
thrown [./open/src/hotspot/share/interpreter/linkResolver.cpp, line 782]
Event: 0.538 Thread 0x0000017bcc7f37b0 Exception <a 'java/lang/NullPointerException'{0x0000000710d243b0}> (0x0000000710d243b0) 
thrown [./open/src/hotspot/share/interpreter/linkResolver.cpp, line 1374]
Event: 0.540 Thread 0x0000017bcc7f37b0 Exception <a 'java/lang/NoSuchMethodError'{0x0000000710d495b0}: 'void java.lang.invoke.DirectMethodHandle$Holder.invokeSpecial(java.lang.Object, java.lang.Object, java.lang.Object, java.lang.Object, java.lang.Object)'> (0x0000000710d495b0) 
thrown [./open/src/hotspot/share/interpreter/linkResolver.cpp, line 782]
Event: 0.920 Thread 0x0000017bcc7f37b0 Exception <a 'sun/nio/fs/WindowsException'{0x000000070fcea0e8}> (0x000000070fcea0e8) 
thrown [./open/src/hotspot/share/prims/jni.cpp, line 578]
Event: 0.930 Thread 0x0000017bcc7f37b0 Implicit null exception at 0x0000017bb6ce3b14 to 0x0000017bb6ce3efc
Event: 0.990 Thread 0x0000017bcc7f37b0 Exception <a 'java/lang/NoSuchMethodError'{0x000000070f51d9b0}: 'java.lang.Object java.lang.invoke.DirectMethodHandle$Holder.invokeInterface(java.lang.Object, java.lang.Object, java.lang.Object)'> (0x000000070f51d9b0) 
thrown [./open/src/hotspot/share/interpreter/linkResolver.cpp, line 782]
Event: 0.990 Thread 0x0000017bcc7f37b0 Exception <a 'java/lang/IncompatibleClassChangeError'{0x000000070f5217d8}: Found class java.lang.Object, but interface was expected> (0x000000070f5217d8) 
thrown [./open/src/hotspot/share/interpreter/linkResolver.cpp, line 848]
Event: 1.016 Thread 0x0000017bcc7f37b0 Exception <a 'java/lang/NoSuchMethodError'{0x000000070f299700}: 'java.lang.Object java.lang.invoke.DirectMethodHandle$Holder.newInvokeSpecial(java.lang.Object, java.lang.Object, int)'> (0x000000070f299700) 
thrown [./open/src/hotspot/share/interpreter/linkResolver.cpp, line 782]
Event: 1.030 Thread 0x0000017bcbc96c90 Exception <a 'java/lang/NoSuchMethodError'{0x000000070f3ab0f8}: 'int java.lang.invoke.DirectMethodHandle$Holder.invokeStaticInit(java.lang.Object, java.lang.Object)'> (0x000000070f3ab0f8) 
thrown [./open/src/hotspot/share/interpreter/linkResolver.cpp, line 782]
Event: 1.648 Thread 0x0000017bcc7f37b0 Exception <a 'java/lang/NoSuchMethodError'{0x000000070eef8208}: 'long java.lang.invoke.DirectMethodHandle$Holder.invokeStatic(java.lang.Object, java.lang.Object, java.lang.Object)'> (0x000000070eef8208) 
thrown [./open/src/hotspot/share/interpreter/linkResolver.cpp, line 782]
Event: 1.648 Thread 0x0000017bcc7f37b0 Exception <a 'java/lang/NoSuchMethodError'{0x000000070eefbe60}: 'long java.lang.invoke.DirectMethodHandle$Holder.invokeStaticInit(java.lang.Object, java.lang.Object, java.lang.Object)'> (0x000000070eefbe60) 
thrown [./open/src/hotspot/share/interpreter/linkResolver.cpp, line 782]
Event: 1.649 Thread 0x0000017bcc7f37b0 Exception <a 'java/lang/NoSuchMethodError'{0x000000070ef14168}: 'java.lang.Object java.lang.invoke.DirectMethodHandle$Holder.newInvokeSpecial(java.lang.Object, java.lang.Object, long)'> (0x000000070ef14168) 
thrown [./open/src/hotspot/share/interpreter/linkResolver.cpp, line 782]
Event: 1.649 Thread 0x0000017bcc7f37b0 Exception <a 'java/lang/NoSuchMethodError'{0x000000070ef17ed8}: 'java.lang.Object java.lang.invoke.Invokers$Holder.linkToTargetMethod(java.lang.Object, long, java.lang.Object)'> (0x000000070ef17ed8) 
thrown [./open/src/hotspot/share/interpreter/linkResolver.cpp, line 782]
Event: 1.740 Thread 0x0000017bcc7f37b0 Exception <a 'java/lang/ClassNotFoundException'{0x000000070ec76e08}: com/sun/javafx/scene/control/skin/resources/controls> (0x000000070ec76e08) 
thrown [./open/src/hotspot/share/prims/jni.cpp, line 599]
Event: 1.741 Thread 0x0000017bcc7f37b0 Exception <a 'java/lang/ClassNotFoundException'{0x000000070ec84ea8}: com/sun/javafx/scene/control/skin/resources/controls_cs> (0x000000070ec84ea8) 
thrown [./open/src/hotspot/share/prims/jni.cpp, line 599]
Event: 1.741 Thread 0x0000017bcc7f37b0 Exception <a 'java/lang/ClassNotFoundException'{0x000000070ec86540}: com/sun/javafx/scene/control/skin/resources/controls_cs_CZ> (0x000000070ec86540) 
thrown [./open/src/hotspot/share/prims/jni.cpp, line 599]
Event: 1.762 Thread 0x0000017bcc7f37b0 Exception <a 'java/lang/NoSuchMethodError'{0x000000070ea12220}: 'void java.lang.invoke.DirectMethodHandle$Holder.invokeSpecial(java.lang.Object, java.lang.Object, java.lang.Object, java.lang.Object, java.lang.Object, java.lang.Object)'> (0x000000070ea12220) 
thrown [./open/src/hotspot/share/interpreter/linkResolver.cpp, line 782]

Events (20 events):
Event: 1.063 loading class java/nio/DoubleBuffer done
Event: 1.063 loading class java/nio/DirectFloatBufferU
Event: 1.063 loading class java/nio/DirectFloatBufferU done
Event: 1.182 Thread 0x0000017bcb30f410 Thread exited: 0x0000017bcb30f410
Event: 1.262 Thread 0x0000017bcb1d68a0 Thread exited: 0x0000017bcb1d68a0
Event: 1.631 loading class java/io/UnsupportedEncodingException
Event: 1.631 loading class java/io/UnsupportedEncodingException done
Event: 1.774 Executing VM operation: G1CollectForAllocation
Event: 1.779 Executing VM operation: G1CollectForAllocation done
Event: 1.779 Executing VM operation: HandshakeAllThreads
Event: 1.779 Executing VM operation: HandshakeAllThreads done
Event: 1.782 loading class java/lang/FdLibm$Hypot
Event: 1.782 loading class java/lang/FdLibm$Hypot done
Event: 1.782 loading class java/lang/FdLibm
Event: 1.782 loading class java/lang/FdLibm done
Event: 3.463 Thread 0x0000017bcbfa5220 Thread added: 0x0000017bcbfa5220
Event: 3.463 Thread 0x0000017bcbfa5bc0 Thread added: 0x0000017bcbfa5bc0
Event: 3.463 Thread 0x0000017bcbfa5220 Thread exited: 0x0000017bcbfa5220
Event: 3.464 Thread 0x0000017bcbfa5bc0 Thread exited: 0x0000017bcbfa5bc0
Event: 3.464 Executing VM operation: Exit


Dynamic libraries:
0x00007ff69d600000 - 0x00007ff69d60f000 	C:\Program Files\Java\jdk-15.0.1\bin\javaw.exe
0x00007ff8940b0000 - 0x00007ff8942a6000 	C:\Windows\SYSTEM32\ntdll.dll
0x00007ff892940000 - 0x00007ff8929fd000 	C:\Windows\System32\KERNEL32.DLL
0x00007ff891b90000 - 0x00007ff891e59000 	C:\Windows\System32\KERNELBASE.dll
0x00007ff891a90000 - 0x00007ff891b90000 	C:\Windows\System32\ucrtbase.dll
0x00007ff886ed0000 - 0x00007ff886ee8000 	C:\Program Files\Java\jdk-15.0.1\bin\jli.dll
0x00007ff886ef0000 - 0x00007ff886f09000 	C:\Program Files\Java\jdk-15.0.1\bin\VCRUNTIME140.dll
0x00007ff892880000 - 0x00007ff89292c000 	C:\Windows\System32\ADVAPI32.dll
0x00007ff892ef0000 - 0x00007ff892f8e000 	C:\Windows\System32\msvcrt.dll
0x00007ff892e50000 - 0x00007ff892eec000 	C:\Windows\System32\sechost.dll
0x00007ff893f10000 - 0x00007ff89403b000 	C:\Windows\System32\RPCRT4.dll
0x00007ff892c30000 - 0x00007ff892dd0000 	C:\Windows\System32\USER32.dll
0x00007ff87ba40000 - 0x00007ff87bcdb000 	C:\Windows\WinSxS\amd64_microsoft.windows.common-controls_6595b64144ccf1df_6.0.19041.746_none_ca02b4b61b8320a4\COMCTL32.dll
0x00007ff8920e0000 - 0x00007ff892102000 	C:\Windows\System32\win32u.dll
0x00007ff893220000 - 0x00007ff89324a000 	C:\Windows\System32\GDI32.dll
0x00007ff891850000 - 0x00007ff89195b000 	C:\Windows\System32\gdi32full.dll
0x00007ff891e60000 - 0x00007ff891efd000 	C:\Windows\System32\msvcp_win.dll
0x00007ff88c0e0000 - 0x00007ff88c0ea000 	C:\Windows\SYSTEM32\VERSION.dll
0x00007ff894040000 - 0x00007ff894070000 	C:\Windows\System32\IMM32.DLL
0x00007ff88e8a0000 - 0x00007ff88e8ac000 	C:\Program Files\Java\jdk-15.0.1\bin\vcruntime140_1.dll
0x00007ff86b880000 - 0x00007ff86b911000 	C:\Program Files\Java\jdk-15.0.1\bin\msvcp140.dll
0x00007ff82d300000 - 0x00007ff82de5e000 	C:\Program Files\Java\jdk-15.0.1\bin\server\jvm.dll
0x00007ff8935b0000 - 0x00007ff8935b8000 	C:\Windows\System32\PSAPI.DLL
0x00007ff881040000 - 0x00007ff881067000 	C:\Windows\SYSTEM32\WINMM.dll
0x00007ff88e8f0000 - 0x00007ff88e8f9000 	C:\Windows\SYSTEM32\WSOCK32.dll
0x00007ff892fa0000 - 0x00007ff89300b000 	C:\Windows\System32\WS2_32.dll
0x00007ff88f770000 - 0x00007ff88f782000 	C:\Windows\SYSTEM32\kernel.appcore.dll
0x00007ff887ed0000 - 0x00007ff887eda000 	C:\Program Files\Java\jdk-15.0.1\bin\jimage.dll
0x00007ff87bce0000 - 0x00007ff87bec4000 	C:\Windows\SYSTEM32\DBGHELP.DLL
0x00007ff87ea80000 - 0x00007ff87eaac000 	C:\Windows\SYSTEM32\dbgcore.DLL
0x00007ff891960000 - 0x00007ff8919e0000 	C:\Windows\System32\bcryptPrimitives.dll
0x00007ff8804d0000 - 0x00007ff8804f5000 	C:\Program Files\Java\jdk-15.0.1\bin\java.dll
0x00007ff8936f0000 - 0x00007ff893e33000 	C:\Windows\System32\SHELL32.dll
0x00007ff88f970000 - 0x00007ff8900ff000 	C:\Windows\SYSTEM32\windows.storage.dll
0x00007ff893250000 - 0x00007ff8935a6000 	C:\Windows\System32\combase.dll
0x00007ff891250000 - 0x00007ff89127c000 	C:\Windows\SYSTEM32\Wldp.dll
0x00007ff892b80000 - 0x00007ff892c2e000 	C:\Windows\System32\SHCORE.dll
0x00007ff892a00000 - 0x00007ff892a55000 	C:\Windows\System32\shlwapi.dll
0x00007ff891720000 - 0x00007ff891746000 	C:\Windows\SYSTEM32\profapi.dll
0x00007ff886eb0000 - 0x00007ff886ec9000 	C:\Program Files\Java\jdk-15.0.1\bin\net.dll
0x00007ff88aa00000 - 0x00007ff88ab00000 	C:\Windows\SYSTEM32\WINHTTP.dll
0x00007ff890fd0000 - 0x00007ff89103a000 	C:\Windows\system32\mswsock.dll
0x00007ff880c30000 - 0x00007ff880c42000 	C:\Program Files\Java\jdk-15.0.1\bin\nio.dll
0x00007ff877c10000 - 0x00007ff877c28000 	C:\Program Files\Java\jdk-15.0.1\bin\zip.dll
0x0000017ba4f90000 - 0x0000017ba4f93000 	C:\Users\PC\.openjfx\cache\14\api-ms-win-core-console-l1-1-0.dll
0x0000017ba6e90000 - 0x0000017ba6e93000 	C:\Users\PC\.openjfx\cache\14\api-ms-win-core-datetime-l1-1-0.dll
0x0000017ba6ea0000 - 0x0000017ba6ea3000 	C:\Users\PC\.openjfx\cache\14\api-ms-win-core-debug-l1-1-0.dll
0x0000017ba6eb0000 - 0x0000017ba6eb3000 	C:\Users\PC\.openjfx\cache\14\api-ms-win-core-errorhandling-l1-1-0.dll
0x0000017ba6ec0000 - 0x0000017ba6ec4000 	C:\Users\PC\.openjfx\cache\14\api-ms-win-core-file-l1-1-0.dll
0x0000017ba6ed0000 - 0x0000017ba6ed3000 	C:\Users\PC\.openjfx\cache\14\api-ms-win-core-file-l1-2-0.dll
0x0000017ba6ee0000 - 0x0000017ba6ee3000 	C:\Users\PC\.openjfx\cache\14\api-ms-win-core-file-l2-1-0.dll
0x0000017ba6ef0000 - 0x0000017ba6ef3000 	C:\Users\PC\.openjfx\cache\14\api-ms-win-core-handle-l1-1-0.dll
0x0000017ba6f00000 - 0x0000017ba6f03000 	C:\Users\PC\.openjfx\cache\14\api-ms-win-core-heap-l1-1-0.dll
0x0000017ba6f10000 - 0x0000017ba6f13000 	C:\Users\PC\.openjfx\cache\14\api-ms-win-core-interlocked-l1-1-0.dll
0x0000017ba6f20000 - 0x0000017ba6f23000 	C:\Users\PC\.openjfx\cache\14\api-ms-win-core-libraryloader-l1-1-0.dll
0x0000017ba6f30000 - 0x0000017ba6f33000 	C:\Users\PC\.openjfx\cache\14\api-ms-win-core-localization-l1-2-0.dll
0x0000017ba6f40000 - 0x0000017ba6f43000 	C:\Users\PC\.openjfx\cache\14\api-ms-win-core-memory-l1-1-0.dll
0x0000017bcccc0000 - 0x0000017bcccc3000 	C:\Users\PC\.openjfx\cache\14\api-ms-win-core-namedpipe-l1-1-0.dll
0x0000017bcccd0000 - 0x0000017bcccd3000 	C:\Users\PC\.openjfx\cache\14\api-ms-win-core-processenvironment-l1-1-0.dll
0x0000017bccce0000 - 0x0000017bccce3000 	C:\Users\PC\.openjfx\cache\14\api-ms-win-core-processthreads-l1-1-0.dll
0x0000017bcce10000 - 0x0000017bcce13000 	C:\Users\PC\.openjfx\cache\14\api-ms-win-core-processthreads-l1-1-1.dll
0x0000017bcce20000 - 0x0000017bcce23000 	C:\Users\PC\.openjfx\cache\14\api-ms-win-core-profile-l1-1-0.dll
0x0000017bcce30000 - 0x0000017bcce33000 	C:\Users\PC\.openjfx\cache\14\api-ms-win-core-rtlsupport-l1-1-0.dll
0x0000017bcce40000 - 0x0000017bcce43000 	C:\Users\PC\.openjfx\cache\14\api-ms-win-core-string-l1-1-0.dll
0x0000017bcce50000 - 0x0000017bcce53000 	C:\Users\PC\.openjfx\cache\14\api-ms-win-core-synch-l1-1-0.dll
0x0000017bcce60000 - 0x0000017bcce63000 	C:\Users\PC\.openjfx\cache\14\api-ms-win-core-synch-l1-2-0.dll
0x0000017bccbb0000 - 0x0000017bccbb3000 	C:\Users\PC\.openjfx\cache\14\api-ms-win-core-sysinfo-l1-1-0.dll
0x0000017bccbc0000 - 0x0000017bccbc3000 	C:\Users\PC\.openjfx\cache\14\api-ms-win-core-timezone-l1-1-0.dll
0x0000017bccbd0000 - 0x0000017bccbd3000 	C:\Users\PC\.openjfx\cache\14\api-ms-win-core-util-l1-1-0.dll
0x0000017bccbe0000 - 0x0000017bccbe3000 	C:\Users\PC\.openjfx\cache\14\api-ms-win-crt-conio-l1-1-0.dll
0x0000017bccbf0000 - 0x0000017bccbf4000 	C:\Users\PC\.openjfx\cache\14\api-ms-win-crt-convert-l1-1-0.dll
0x0000017bccc00000 - 0x0000017bccc03000 	C:\Users\PC\.openjfx\cache\14\api-ms-win-crt-environment-l1-1-0.dll
0x0000017bccc10000 - 0x0000017bccc13000 	C:\Users\PC\.openjfx\cache\14\api-ms-win-crt-filesystem-l1-1-0.dll
0x0000017bccc20000 - 0x0000017bccc23000 	C:\Users\PC\.openjfx\cache\14\api-ms-win-crt-heap-l1-1-0.dll
0x0000017bccc30000 - 0x0000017bccc33000 	C:\Users\PC\.openjfx\cache\14\api-ms-win-crt-locale-l1-1-0.dll
0x0000017bccc40000 - 0x0000017bccc45000 	C:\Users\PC\.openjfx\cache\14\api-ms-win-crt-math-l1-1-0.dll
0x0000017bccc50000 - 0x0000017bccc55000 	C:\Users\PC\.openjfx\cache\14\api-ms-win-crt-multibyte-l1-1-0.dll
0x0000017bccc60000 - 0x0000017bccc70000 	C:\Users\PC\.openjfx\cache\14\api-ms-win-crt-private-l1-1-0.dll
0x0000017bccc70000 - 0x0000017bccc73000 	C:\Users\PC\.openjfx\cache\14\api-ms-win-crt-process-l1-1-0.dll
0x0000017bccc80000 - 0x0000017bccc84000 	C:\Users\PC\.openjfx\cache\14\api-ms-win-crt-runtime-l1-1-0.dll
0x0000017bccc90000 - 0x0000017bccc94000 	C:\Users\PC\.openjfx\cache\14\api-ms-win-crt-stdio-l1-1-0.dll
0x0000017bccca0000 - 0x0000017bccca4000 	C:\Users\PC\.openjfx\cache\14\api-ms-win-crt-string-l1-1-0.dll
0x0000017bcccb0000 - 0x0000017bcccb3000 	C:\Users\PC\.openjfx\cache\14\api-ms-win-crt-time-l1-1-0.dll
0x0000017bcccf0000 - 0x0000017bcccf3000 	C:\Users\PC\.openjfx\cache\14\api-ms-win-crt-utility-l1-1-0.dll
0x00007ff837890000 - 0x00007ff83798c000 	C:\Users\PC\.openjfx\cache\14\ucrtbase.dll
0x00007ff877bf0000 - 0x00007ff877c05000 	C:\Users\PC\.openjfx\cache\14\vcruntime140.dll
0x00007ff86acc0000 - 0x00007ff86ad5b000 	C:\Users\PC\.openjfx\cache\14\msvcp140.dll
0x00007ff875e30000 - 0x00007ff875e81000 	C:\Users\PC\.openjfx\cache\14\concrt140.dll
0x00007ff877bc0000 - 0x00007ff877be3000 	C:\Users\PC\.openjfx\cache\14\prism_d3d.dll
0x00007ff886ce0000 - 0x00007ff886eaf000 	C:\Windows\system32\d3d9.dll
0x00007ff88f590000 - 0x00007ff88f5bf000 	C:\Windows\SYSTEM32\dwmapi.dll
0x00007ff88f2b0000 - 0x00007ff88f34e000 	C:\Windows\system32\uxtheme.dll
0x00007ff8881c0000 - 0x00007ff8882c5000 	C:\Windows\System32\DriverStore\FileRepository\nv_dispi.inf_amd64_a51067c0ac557884\nvldumdx.dll
0x00007ff8913d0000 - 0x00007ff8913e2000 	C:\Windows\SYSTEM32\msasn1.dll
0x00007ff88bce0000 - 0x00007ff88bd11000 	C:\Windows\SYSTEM32\cryptnet.dll
0x00007ff891f80000 - 0x00007ff8920d6000 	C:\Windows\System32\CRYPT32.dll
0x00007ff8911c0000 - 0x00007ff8911cc000 	C:\Windows\SYSTEM32\cryptbase.dll
0x00007ff8917f0000 - 0x00007ff891850000 	C:\Windows\System32\WINTRUST.DLL
0x00007ff892300000 - 0x00007ff89231d000 	C:\Windows\System32\imagehlp.dll
0x00007ff8911a0000 - 0x00007ff8911b8000 	C:\Windows\SYSTEM32\CRYPTSP.dll
0x00007ff890900000 - 0x00007ff890934000 	C:\Windows\system32\rsaenh.dll
0x00007ff891f00000 - 0x00007ff891f27000 	C:\Windows\System32\bcrypt.dll
0x00007ff81a790000 - 0x00007ff81c3d7000 	C:\Windows\System32\DriverStore\FileRepository\nv_dispi.inf_amd64_a51067c0ac557884\nvd3dumx.dll
0x00007ff875cc0000 - 0x00007ff875d05000 	C:\Users\PC\.openjfx\cache\14\glass.dll
0x00007ff892220000 - 0x00007ff8922fb000 	C:\Windows\System32\COMDLG32.dll
0x00007ff8935c0000 - 0x00007ff8936ea000 	C:\Windows\System32\ole32.dll
0x00007ff893e40000 - 0x00007ff893f0d000 	C:\Windows\System32\OLEAUT32.dll
0x00007ff892a60000 - 0x00007ff892b76000 	C:\Windows\System32\MSCTF.dll
0x00007ff861600000 - 0x00007ff8618b9000 	C:\Windows\system32\nvspcap64.dll
0x00007ff890530000 - 0x00007ff890563000 	C:\Windows\SYSTEM32\ntmarta.dll
0x00007ff890110000 - 0x00007ff890133000 	C:\Windows\SYSTEM32\gpapi.dll
0x00007ff888830000 - 0x00007ff88886b000 	C:\Windows\SYSTEM32\dxcore.dll
0x00007ff891f30000 - 0x00007ff891f7e000 	C:\Windows\System32\cfgmgr32.dll
0x00007ff8761f0000 - 0x00007ff876204000 	C:\Users\PC\.openjfx\cache\14\javafx_font.dll
0x00007ff880710000 - 0x00007ff88098f000 	C:\Windows\SYSTEM32\dwrite.dll
0x00007ff8732f0000 - 0x00007ff87331c000 	C:\Users\PC\.openjfx\cache\14\javafx_iio.dll
0x00007ff892110000 - 0x00007ff8921b9000 	C:\Windows\System32\clbcatq.dll
0x00007ff88b090000 - 0x00007ff88b244000 	C:\Windows\SYSTEM32\WindowsCodecs.dll
0x00007ff878d90000 - 0x00007ff878dce000 	C:\Windows\system32\dataexchange.dll
0x00007ff88e200000 - 0x00007ff88e3e7000 	C:\Windows\system32\dcomp.dll
0x00007ff88d830000 - 0x00007ff88da94000 	C:\Windows\system32\d3d11.dll
0x00007ff890140000 - 0x00007ff890233000 	C:\Windows\system32\dxgi.dll
0x00007ff88b740000 - 0x00007ff88b941000 	C:\Windows\system32\twinapi.appcore.dll
0x00007ff876210000 - 0x00007ff876244000 	C:\Program Files\Common Files\Microsoft Shared\Ink\rtscom.dll
0x00007ff8876a0000 - 0x00007ff88779b000 	C:\Windows\SYSTEM32\textinputframework.dll
0x00007ff88ec90000 - 0x00007ff88ed82000 	C:\Windows\System32\CoreMessaging.dll
0x00007ff88e930000 - 0x00007ff88ec8e000 	C:\Windows\System32\CoreUIComponents.dll
0x00007ff88e0a0000 - 0x00007ff88e1f4000 	C:\Windows\SYSTEM32\wintypes.dll

dbghelp: loaded successfully - version: 4.0.5 - missing functions: none
symbol engine: initialized successfully - sym options: 0x614 - pdb path: .;C:\Program Files\Java\jdk-15.0.1\bin;C:\Windows\SYSTEM32;C:\Windows\WinSxS\amd64_microsoft.windows.common-controls_6595b64144ccf1df_6.0.19041.746_none_ca02b4b61b8320a4;C:\Program Files\Java\jdk-15.0.1\bin\server;C:\Users\PC\.openjfx\cache\14;C:\Windows\System32\DriverStore\FileRepository\nv_dispi.inf_amd64_a51067c0ac557884;C:\Program Files\Common Files\Microsoft Shared\Ink

VM Arguments:
jvm_args: -Dfile.encoding=UTF-8 --module-path=C:\Users\PC\git\repository\Adventure\target\classes;C:\Users\PC\.m2\repository\org\openjfx\javafx-controls\14\javafx-controls-14-win.jar;C:\Users\PC\.m2\repository\org\openjfx\javafx-graphics\14\javafx-graphics-14-win.jar;C:\Users\PC\.m2\repository\org\openjfx\javafx-base\14\javafx-base-14-win.jar;C:\Users\PC\.m2\repository\org\openjfx\javafx-fxml\14\javafx-fxml-14-win.jar;C:\Users\PC\.m2\repository\jakarta\json\jakarta.json-api\2.0.0\jakarta.json-api-2.0.0.jar;C:\Users\PC\.m2\repository\org\glassfish\jakarta.json\2.0.0\jakarta.json-2.0.0-module.jar -XX:+ShowCodeDetailsInExceptionMessages -Djdk.module.main=lab01 
java_command: lab01/lab.Main
java_class_path (initial): C:\Users\PC\.m2\repository\org\openjfx\javafx-controls\14\javafx-controls-14.jar;C:\Users\PC\.m2\repository\org\openjfx\javafx-graphics\14\javafx-graphics-14.jar;C:\Users\PC\.m2\repository\org\openjfx\javafx-base\14\javafx-base-14.jar;C:\Users\PC\.m2\repository\org\openjfx\javafx-fxml\14\javafx-fxml-14.jar;C:\Users\PC\.m2\repository\jakarta\xml\bind\jakarta.xml.bind-api\3.0.0\jakarta.xml.bind-api-3.0.0.jar;C:\Users\PC\.m2\repository\com\sun\activation\jakarta.activation\2.0.0\jakarta.activation-2.0.0.jar
Launcher Type: SUN_STANDARD

[Global flags]
     intx CICompilerCount                          = 4                                         {product} {ergonomic}
     uint ConcGCThreads                            = 2                                         {product} {ergonomic}
     uint G1ConcRefinementThreads                  = 8                                         {product} {ergonomic}
   size_t G1HeapRegionSize                         = 2097152                                   {product} {ergonomic}
    uintx GCDrainStackTargetSize                   = 64                                        {product} {ergonomic}
   size_t InitialHeapSize                          = 268435456                                 {product} {ergonomic}
   size_t MarkStackSize                            = 4194304                                   {product} {ergonomic}
   size_t MaxHeapSize                              = 4278190080                                {product} {ergonomic}
   size_t MaxNewSize                               = 2566914048                                {product} {ergonomic}
   size_t MinHeapDeltaBytes                        = 2097152                                   {product} {ergonomic}
   size_t MinHeapSize                              = 8388608                                   {product} {ergonomic}
    uintx NonNMethodCodeHeapSize                   = 5839372                                {pd product} {ergonomic}
    uintx NonProfiledCodeHeapSize                  = 122909434                              {pd product} {ergonomic}
    uintx ProfiledCodeHeapSize                     = 122909434                              {pd product} {ergonomic}
    uintx ReservedCodeCacheSize                    = 251658240                              {pd product} {ergonomic}
     bool SegmentedCodeCache                       = true                                      {product} {ergonomic}
     bool ShowCodeDetailsInExceptionMessages       = true                                   {manageable} {command line}
   size_t SoftMaxHeapSize                          = 4278190080                             {manageable} {ergonomic}
     bool UseCompressedClassPointers               = true                                 {lp64_product} {ergonomic}
     bool UseCompressedOops                        = true                                 {lp64_product} {ergonomic}
     bool UseG1GC                                  = true                                      {product} {ergonomic}
     bool UseLargePagesIndividualAllocation        = false                                  {pd product} {ergonomic}

Logging:
Log output configuration:
 #0: stdout all=off uptime,level,tags
 #1: stderr all=off uptime,level,tags

Environment Variables:
JAVA_HOME=C:\Program Files\Java\jdk-15.0.1
PATH=C:/Users/PC/.p2/pool/plugins/org.eclipse.justj.openjdk.hotspot.jre.full.win32.x86_64_15.0.1.v20201027-0507/jre/bin/server;C:/Users/PC/.p2/pool/plugins/org.eclipse.justj.openjdk.hotspot.jre.full.win32.x86_64_15.0.1.v20201027-0507/jre/bin;C:\Program Files\Common Files\Oracle\Java\javapath;C:\Windows\system32;C:\Windows;C:\Windows\System32\Wbem;C:\Windows\System32\WindowsPowerShell\v1.0\;C:\Windows\System32\OpenSSH\;C:\Program Files\NVIDIA Corporation\NVIDIA NvDLISR;C:\Program Files (x86)\NVIDIA Corporation\PhysX\Common;C:\Program Files\Java\jdk-15.0.1\bin;D:\xampp\php;C:\ProgramData\ComposerSetup\bin;C:\Users\PC\AppData\Local\Microsoft\WindowsApps;C:\Users\PC\AppData\Roaming\Composer\vendor\bin;D:\Programs\Eclipse\java-2020-12\eclipse;
USERNAME=PC
OS=Windows_NT
PROCESSOR_IDENTIFIER=AMD64 Family 23 Model 113 Stepping 0, AuthenticAMD



---------------  S Y S T E M  ---------------

OS:
 Windows 10 , 64 bit Build 19041 (10.0.19041.662)
OS uptime: 3 days 1:34 hours

CPU: total 8 (initial active 8) (8 cores per cpu, 2 threads per core) family 23 model 113 stepping 0 microcode 0x0, cmov, cx8, fxsr, mmx, sse, sse2, sse3, ssse3, sse4.1, sse4.2, popcnt, vzeroupper, avx, avx2, aes, clmul, 3dnowpref, lzcnt, sse4a, ht, tsc, tscinvbit, tscinv, bmi1, bmi2, adx, sha, fma, clflush, clflushopt

Memory: 4k page, system-wide physical 16313M (9766M free)
TotalPageFile size 18745M (AvailPageFile size 8629M)
current process WorkingSet (physical memory assigned to process): 189M, peak: 189M
current process commit charge ("private bytes"): 434M, peak: 435M

vm_info: Java HotSpot(TM) 64-Bit Server VM (15.0.1+9-18) for windows-amd64 JRE (15.0.1+9-18), built on Sep 15 2020 14:43:54 by "mach5one" with unknown MS VC++:1925

END.
