#
# A fatal error has been detected by the Java Runtime Environment:
#
#  EXCEPTION_ACCESS_VIOLATION (0xc0000005) at pc=0x00007ff875ce66f0, pid=18720, tid=17584
#
# JRE version: Java(TM) SE Runtime Environment (15.0.1+9) (build 15.0.1+9-18)
# Java VM: Java HotSpot(TM) 64-Bit Server VM (15.0.1+9-18, mixed mode, sharing, tiered, compressed oops, g1 gc, windows-amd64)
# Problematic frame:
# C  [glass.dll+0x266f0]
#
# No core dump will be written. Minidumps are not enabled by default on client versions of Windows
#
# If you would like to submit a bug report, please visit:
#   https://bugreport.java.com/bugreport/crash.jsp
#

---------------  S U M M A R Y ------------

Command Line: -Dfile.encoding=UTF-8 --module-path=C:\Users\PC\git\repository\Adventure\target\classes;C:\Users\PC\.m2\repository\org\openjfx\javafx-controls\14\javafx-controls-14-win.jar;C:\Users\PC\.m2\repository\org\openjfx\javafx-graphics\14\javafx-graphics-14-win.jar;C:\Users\PC\.m2\repository\org\openjfx\javafx-base\14\javafx-base-14-win.jar;C:\Users\PC\.m2\repository\org\openjfx\javafx-fxml\14\javafx-fxml-14-win.jar;C:\Users\PC\.m2\repository\jakarta\json\jakarta.json-api\2.0.0\jakarta.json-api-2.0.0.jar;C:\Users\PC\.m2\repository\org\glassfish\jakarta.json\2.0.0\jakarta.json-2.0.0-module.jar -XX:+ShowCodeDetailsInExceptionMessages -Djdk.module.main=lab01 lab01/lab.Main

Host: AMD Ryzen 3 3100 4-Core Processor              , 8 cores, 15G,  Windows 10 , 64 bit Build 19041 (10.0.19041.662)
Time: Wed Feb  3 19:23:56 2021 Støední Evropa (bìžný èas) elapsed time: 9.619123 seconds (0d 0h 0m 9s)

---------------  T H R E A D  ---------------

Current thread (0x0000019a745fa590):  VMThread "VM Thread" [stack: 0x0000003b20800000,0x0000003b20900000] [id=17584]

Stack: [0x0000003b20800000,0x0000003b20900000],  sp=0x0000003b208fefb0,  free space=1019k
Native frames: (J=compiled Java code, j=interpreted, Vv=VM code, C=native code)
C  [glass.dll+0x266f0]


siginfo: EXCEPTION_ACCESS_VIOLATION (0xc0000005), reading address 0x0000000000000000


Register to memory mapping:

RIP=0x00007ff875ce66f0 glass.dll
RAX=0x0 is NULL
RBX=0x0000019a746099f8 is a global jni handle
RCX=0x0000019a745fa590 points into unknown readable memory: 0x00007ff82dc04238 | 38 42 c0 2d f8 7f 00 00
RDX=0x0000003b208fefb0 points into unknown readable memory: 0x0000000000000000 | 00 00 00 00 00 00 00 00
RSP=0x0000003b208fefb0 points into unknown readable memory: 0x0000000000000000 | 00 00 00 00 00 00 00 00
RBP=0x0000019a75882338 points into unknown readable memory: 0x0000c1b185d2b985 | 85 b9 d2 85 b1 c1 00 00
RSI=0x0000019a75882310 points into unknown readable memory: 0x000f3ebf3c147405 | 05 74 14 3c bf 3e 0f 00
RDI=0x0000c1b185d2b985 is an unknown value
R8 =0x0000000000010002 is an unknown value
R9 =0x0000c1b185d2b985 is an unknown value
R10=0x0000000000008000 is an unknown value
R11=0x0000003b208fef50 points into unknown readable memory: 0x0000019a75882310 | 10 23 88 75 9a 01 00 00
R12=0x00007ff875ce3b84 glass.dll
R13=0x0000019a50efbd90 points into unknown readable memory: 0x8000000900000001 | 01 00 00 00 09 00 00 80
R14=0x0000003b208ff0b8 points into unknown readable memory: 0x0000003b208ff0a0 | a0 f0 8f 20 3b 00 00 00
R15=0x0000019a75882310 points into unknown readable memory: 0x000f3ebf3c147405 | 05 74 14 3c bf 3e 0f 00


Registers:
RAX=0x0000000000000000, RBX=0x0000019a746099f8, RCX=0x0000019a745fa590, RDX=0x0000003b208fefb0
RSP=0x0000003b208fefb0, RBP=0x0000019a75882338, RSI=0x0000019a75882310, RDI=0x0000c1b185d2b985
R8 =0x0000000000010002, R9 =0x0000c1b185d2b985, R10=0x0000000000008000, R11=0x0000003b208fef50
R12=0x00007ff875ce3b84, R13=0x0000019a50efbd90, R14=0x0000003b208ff0b8, R15=0x0000019a75882310
RIP=0x00007ff875ce66f0, EFLAGS=0x0000000000010202

Top of Stack: (sp=0x0000003b208fefb0)
0x0000003b208fefb0:   0000000000000000 00007ff891a9e97b
0x0000003b208fefc0:   0000019a75882320 0000019a75882310
0x0000003b208fefd0:   fffffffffffffffe 00007ff875ce3b84
0x0000003b208fefe0:   0000019a75882318 00007ff891aa3bf6
0x0000003b208feff0:   0000019a75882320 0000019a00000000
0x0000003b208ff000:   0000019a75882338 0000019a75882310
0x0000003b208ff010:   fffffffffffffffe 0000000000000000
0x0000003b208ff020:   0000000000000001 00007ff875cc0000
0x0000003b208ff030:   0000003b208ff0a8 00007ff891aa3b1b
0x0000003b208ff040:   0000000000000000 0000003b208ff0b8
0x0000003b208ff050:   0000003b208ff370 00007ff891b80e40
0x0000003b208ff060:   0000000000000000 00007ff891aa3ad4
0x0000003b208ff070:   0000000000000000 0000000000000001
0x0000003b208ff080:   ffffffff00000001 0000003b208ff0a8
0x0000003b208ff090:   0000000000000000 00007ff875ce3a12
0x0000003b208ff0a0:   00007ff875cfd118 0000003b00000002 

Instructions: (pc=0x00007ff875ce66f0)
0x00007ff875ce65f0:   8b 4d 60 e8 98 c9 ff ff 48 8b 55 68 48 8b 8d 08
0x00007ff875ce6600:   01 00 00 e8 49 be ff ff 33 d2 33 c9 e8 49 de ff
0x00007ff875ce6610:   ff 90 cc cc cc cc cc cc cc cc cc cc cc cc cc cc
0x00007ff875ce6620:   48 8d 8a 80 00 00 00 e9 14 e9 fe ff 48 89 54 24
0x00007ff875ce6630:   10 55 48 83 ec 20 48 8b ea 48 8d 05 dd ca ff ff
0x00007ff875ce6640:   48 83 c4 20 5d c3 cc 40 55 48 8b ea 48 8b 01 33
0x00007ff875ce6650:   c9 81 38 05 00 00 c0 0f 94 c1 8b c1 5d c3 cc 40
0x00007ff875ce6660:   55 48 83 ec 20 48 8b ea 8a 4d 40 48 83 c4 20 5d
0x00007ff875ce6670:   e9 df cd ff ff cc 40 55 48 83 ec 20 48 8b ea e8
0x00007ff875ce6680:   fc cb ff ff 8a 4d 38 48 83 c4 20 5d e9 c3 cd ff
0x00007ff875ce6690:   ff cc 40 55 48 83 ec 30 48 8b ea 48 8b 01 8b 10
0x00007ff875ce66a0:   48 89 4c 24 28 89 54 24 20 4c 8d 0d a4 d1 ff ff
0x00007ff875ce66b0:   4c 8b 45 70 8b 55 68 48 8b 4d 60 e8 30 cb ff ff
0x00007ff875ce66c0:   90 48 83 c4 30 5d c3 cc cc cc cc cc cc cc cc cc
0x00007ff875ce66d0:   40 53 48 83 ec 30 48 c7 44 24 20 fe ff ff ff 48
0x00007ff875ce66e0:   8b 1d 2a 64 01 00 48 85 db 74 16 e8 90 85 ff ff
0x00007ff875ce66f0:   4c 8b 00 48 8b d3 48 8b c8 41 ff 90 b0 00 00 00
0x00007ff875ce6700:   90 48 83 c4 30 5b c3 cc cc cc cc cc cc cc cc cc
0x00007ff875ce6710:   40 53 48 83 ec 20 48 8b 1d 9b 65 01 00 48 85 db
0x00007ff875ce6720:   74 57 b8 ff ff ff ff f0 0f c1 43 10 83 f8 01 75
0x00007ff875ce6730:   3d 48 85 db 74 38 48 8b 0b 48 85 c9 74 0d ff 15
0x00007ff875ce6740:   64 0b 00 00 48 c7 03 00 00 00 00 48 8b 4b 08 48
0x00007ff875ce6750:   85 c9 74 0d e8 37 c8 ff ff 48 c7 43 08 00 00 00
0x00007ff875ce6760:   00 ba 18 00 00 00 48 8b cb e8 22 c8 ff ff 48 c7
0x00007ff875ce6770:   05 3f 65 01 00 00 00 00 00 48 83 c4 20 5b c3 cc
0x00007ff875ce6780:   40 53 48 83 ec 20 48 8b 1d 0b 65 01 00 48 85 db
0x00007ff875ce6790:   74 57 b8 ff ff ff ff f0 0f c1 43 10 83 f8 01 75
0x00007ff875ce67a0:   3d 48 85 db 74 38 48 8b 0b 48 85 c9 74 0d ff 15
0x00007ff875ce67b0:   f4 0a 00 00 48 c7 03 00 00 00 00 48 8b 4b 08 48
0x00007ff875ce67c0:   85 c9 74 0d e8 c7 c7 ff ff 48 c7 43 08 00 00 00
0x00007ff875ce67d0:   00 ba 18 00 00 00 48 8b cb e8 b2 c7 ff ff 48 c7
0x00007ff875ce67e0:   05 af 64 01 00 00 00 00 00 48 83 c4 20 5b c3 cc 


Stack slot to memory mapping:
stack at sp + 0 slots: 0x0 is NULL
stack at sp + 1 slots: 0x00007ff891a9e97b ucrtbase.dll
stack at sp + 2 slots: 0x0000019a75882320 points into unknown readable memory: 0x0000c1b185d2b985 | 85 b9 d2 85 b1 c1 00 00
stack at sp + 3 slots: 0x0000019a75882310 points into unknown readable memory: 0x000f3ebf3c147405 | 05 74 14 3c bf 3e 0f 00
stack at sp + 4 slots: 0xfffffffffffffffe is an unknown value
stack at sp + 5 slots: 0x00007ff875ce3b84 glass.dll
stack at sp + 6 slots: 0x0000019a75882318 points into unknown readable memory: 0x0000c1b185d2b985 | 85 b9 d2 85 b1 c1 00 00
stack at sp + 7 slots: 0x00007ff891aa3bf6 ucrtbase.dll

VM_Operation (0x0000003b219f7940): Exit, mode: safepoint, requested by thread 0x0000019a75b9f760


---------------  P R O C E S S  ---------------

Threads class SMR info:
_java_thread_list=0x0000019a7d661160, length=18, elements={
0x0000019a50e913b0, 0x0000019a745fd9d0, 0x0000019a746003a0, 0x0000019a74f18a40,
0x0000019a74f1b410, 0x0000019a74f1bdd0, 0x0000019a74f25ae0, 0x0000019a74f2aaa0,
0x0000019a74f3db70, 0x0000019a745e31a0, 0x0000019a752a7cf0, 0x0000019a75b7c060,
0x0000019a756a2aa0, 0x0000019a75b9f760, 0x0000019a75ee94a0, 0x0000019a75eee200,
0x0000019a765d6900, 0x0000019a765d7770
}

Java Threads: ( => current thread )
  0x0000019a50e913b0 JavaThread "main" [_thread_blocked, id=17112, stack(0x0000003b20200000,0x0000003b20300000)]
  0x0000019a745fd9d0 JavaThread "Reference Handler" daemon [_thread_blocked, id=17040, stack(0x0000003b20900000,0x0000003b20a00000)]
  0x0000019a746003a0 JavaThread "Finalizer" daemon [_thread_blocked, id=11844, stack(0x0000003b20a00000,0x0000003b20b00000)]
  0x0000019a74f18a40 JavaThread "Signal Dispatcher" daemon [_thread_blocked, id=5352, stack(0x0000003b20b00000,0x0000003b20c00000)]
  0x0000019a74f1b410 JavaThread "Attach Listener" daemon [_thread_blocked, id=256, stack(0x0000003b20c00000,0x0000003b20d00000)]
  0x0000019a74f1bdd0 JavaThread "Service Thread" daemon [_thread_blocked, id=15316, stack(0x0000003b20d00000,0x0000003b20e00000)]
  0x0000019a74f25ae0 JavaThread "C2 CompilerThread0" daemon [_thread_blocked, id=14864, stack(0x0000003b20e00000,0x0000003b20f00000)]
  0x0000019a74f2aaa0 JavaThread "C1 CompilerThread0" daemon [_thread_blocked, id=13444, stack(0x0000003b20f00000,0x0000003b21000000)]
  0x0000019a74f3db70 JavaThread "Sweeper thread" daemon [_thread_blocked, id=6748, stack(0x0000003b21000000,0x0000003b21100000)]
  0x0000019a745e31a0 JavaThread "Common-Cleaner" daemon [_thread_blocked, id=15400, stack(0x0000003b21100000,0x0000003b21200000)]
  0x0000019a752a7cf0 JavaThread "Notification Thread" daemon [_thread_blocked, id=8372, stack(0x0000003b21400000,0x0000003b21500000)]
  0x0000019a75b7c060 JavaThread "QuantumRenderer-0" daemon [_thread_blocked, id=5124, stack(0x0000003b21600000,0x0000003b21700000)]
  0x0000019a756a2aa0 JavaThread "InvokeLaterDispatcher" daemon [_thread_blocked, id=16212, stack(0x0000003b21800000,0x0000003b21900000)]
  0x0000019a75b9f760 JavaThread "JavaFX Application Thread" [_thread_blocked, id=16064, stack(0x0000003b21900000,0x0000003b21a00000)]
  0x0000019a75ee94a0 JavaThread "JavaFX-Launcher" [_thread_blocked, id=10792, stack(0x0000003b21c20000,0x0000003b21d20000)]
  0x0000019a75eee200 JavaThread "Thread-2" daemon [_thread_in_native, id=5060, stack(0x0000003b21b20000,0x0000003b21c20000)]
  0x0000019a765d6900 JavaThread "Prism Font Disposer" daemon [_thread_blocked, id=14296, stack(0x0000003b22220000,0x0000003b22320000)]
  0x0000019a765d7770 JavaThread "Cleaner-0" daemon [_thread_blocked, id=16104, stack(0x0000003b21300000,0x0000003b21400000)]

Other Threads:
=>0x0000019a745fa590 VMThread "VM Thread" [stack: 0x0000003b20800000,0x0000003b20900000] [id=17584]
  0x0000019a50ee0a90 GCTaskThread "GC Thread#0" [stack: 0x0000003b20300000,0x0000003b20400000] [id=8744]
  0x0000019a752381b0 GCTaskThread "GC Thread#1" [stack: 0x0000003b21d20000,0x0000003b21e20000] [id=11384]
  0x0000019a75238b40 GCTaskThread "GC Thread#2" [stack: 0x0000003b21e20000,0x0000003b21f20000] [id=5148]
  0x0000019a75fc0980 GCTaskThread "GC Thread#3" [stack: 0x0000003b21f20000,0x0000003b22020000] [id=9340]
  0x0000019a75fc1ca0 GCTaskThread "GC Thread#4" [stack: 0x0000003b22020000,0x0000003b22120000] [id=3828]
  0x0000019a75fbf660 GCTaskThread "GC Thread#5" [stack: 0x0000003b22120000,0x0000003b22220000] [id=17424]
  0x0000019a50ef4330 ConcurrentGCThread "G1 Main Marker" [stack: 0x0000003b20400000,0x0000003b20500000] [id=10080]
  0x0000019a50ef5ec0 ConcurrentGCThread "G1 Conc#0" [stack: 0x0000003b20500000,0x0000003b20600000] [id=10916]
  0x0000019a50f6e740 ConcurrentGCThread "G1 Refine#0" [stack: 0x0000003b20600000,0x0000003b20700000] [id=13344]
  0x0000019a744752c0 ConcurrentGCThread "G1 Young RemSet Sampling" [stack: 0x0000003b20700000,0x0000003b20800000] [id=10812]

Threads with active compile tasks:

VM state: at safepoint (shutting down)

VM Mutex/Monitor currently owned by a thread:  ([mutex/lock_event])
[0x0000019a50e8b140] Threads_lock - owner thread: 0x0000019a745fa590
[0x0000019a50e8c2b0] Heap_lock - owner thread: 0x0000019a75b9f760

Heap address: 0x0000000701000000, size: 4080 MB, Compressed Oops mode: Zero based, Oop shift amount: 3
CDS archive(s) mapped at: [0x0000000800000000-0x0000000800b50000-0x0000000800b50000), size 11862016, SharedBaseAddress: 0x0000000800000000, ArchiveRelocationMode: 0.
Compressed class space mapped at: 0x0000000800b50000-0x0000000840b50000, size: 1073741824
Narrow klass base: 0x0000000800000000, Narrow klass shift: 3, Narrow klass range: 0x100000000

GC Precious Log:
 CPUs: 8 total, 8 available
 Memory: 16313M
 Large Page Support: Disabled
 NUMA Support: Disabled
 Compressed Oops: Enabled (Zero based)
 Heap Region Size: 2M
 Heap Min Capacity: 8M
 Heap Initial Capacity: 256M
 Heap Max Capacity: 4080M
 Pre-touch: Disabled
 Parallel Workers: 8
 Concurrent Workers: 2
 Concurrent Refinement Workers: 8
 Periodic GC: Disabled

Heap:
 garbage-first heap   total 262144K, used 49745K [0x0000000701000000, 0x0000000800000000)
  region size 2048K, 6 young (12288K), 3 survivors (6144K)
 Metaspace       used 15301K, capacity 15548K, committed 15616K, reserved 1062912K
  class space    used 2190K, capacity 2273K, committed 2304K, reserved 1048576K

Heap Regions: E=young(eden), S=young(survivor), O=old, HS=humongous(starts), HC=humongous(continues), CS=collection set, F=free, OA=open archive, CA=closed archive, TAMS=top-at-mark-start (previous, next)
|   0|0x0000000701000000, 0x0000000701200000, 0x0000000701200000|100%|HS|  |TAMS 0x0000000701000000, 0x0000000701000000| Complete 
|   1|0x0000000701200000, 0x0000000701400000, 0x0000000701400000|100%|HC|  |TAMS 0x0000000701200000, 0x0000000701200000| Complete 
|   2|0x0000000701400000, 0x0000000701600000, 0x0000000701600000|100%|HC|  |TAMS 0x0000000701400000, 0x0000000701400000| Complete 
|   3|0x0000000701600000, 0x0000000701800000, 0x0000000701800000|100%|HS|  |TAMS 0x0000000701600000, 0x0000000701600000| Complete 
|   4|0x0000000701800000, 0x0000000701a00000, 0x0000000701a00000|100%|HC|  |TAMS 0x0000000701800000, 0x0000000701800000| Complete 
|   5|0x0000000701a00000, 0x0000000701c00000, 0x0000000701c00000|100%|HC|  |TAMS 0x0000000701a00000, 0x0000000701a00000| Complete 
|   6|0x0000000701c00000, 0x0000000701e00000, 0x0000000701e00000|100%|HS|  |TAMS 0x0000000701c00000, 0x0000000701c00000| Complete 
|   7|0x0000000701e00000, 0x0000000702000000, 0x0000000702000000|100%|HC|  |TAMS 0x0000000701e00000, 0x0000000701e00000| Complete 
|   8|0x0000000702000000, 0x0000000702200000, 0x0000000702200000|100%|HC|  |TAMS 0x0000000702000000, 0x0000000702000000| Complete 
|   9|0x0000000702200000, 0x0000000702400000, 0x0000000702400000|100%|HS|  |TAMS 0x0000000702200000, 0x0000000702200000| Complete 
|  10|0x0000000702400000, 0x0000000702600000, 0x0000000702600000|100%|HC|  |TAMS 0x0000000702400000, 0x0000000702400000| Complete 
|  11|0x0000000702600000, 0x0000000702800000, 0x0000000702800000|100%|HC|  |TAMS 0x0000000702600000, 0x0000000702600000| Complete 
|  12|0x0000000702800000, 0x0000000702a00000, 0x0000000702a00000|100%|HS|  |TAMS 0x0000000702800000, 0x0000000702800000| Complete 
|  13|0x0000000702a00000, 0x0000000702c00000, 0x0000000702c00000|100%|HC|  |TAMS 0x0000000702a00000, 0x0000000702a00000| Complete 
|  14|0x0000000702c00000, 0x0000000702e00000, 0x0000000702e00000|100%|HC|  |TAMS 0x0000000702c00000, 0x0000000702c00000| Complete 
|  15|0x0000000702e00000, 0x0000000703000000, 0x0000000703000000|100%|HC|  |TAMS 0x0000000702e00000, 0x0000000702e00000| Complete 
|  16|0x0000000703000000, 0x0000000703200000, 0x0000000703200000|100%|HC|  |TAMS 0x0000000703000000, 0x0000000703000000| Complete 
|  17|0x0000000703200000, 0x0000000703400000, 0x0000000703400000|100%|HC|  |TAMS 0x0000000703200000, 0x0000000703200000| Complete 
|  18|0x0000000703400000, 0x0000000703600000, 0x0000000703600000|100%|HS|  |TAMS 0x0000000703400000, 0x0000000703400000| Complete 
|  19|0x0000000703600000, 0x0000000703694400, 0x0000000703800000| 28%| O|  |TAMS 0x0000000703600000, 0x0000000703600000| Untracked 
|  20|0x0000000703800000, 0x0000000703800000, 0x0000000703a00000|  0%| F|  |TAMS 0x0000000703800000, 0x0000000703800000| Untracked 
|  21|0x0000000703a00000, 0x0000000703a00000, 0x0000000703c00000|  0%| F|  |TAMS 0x0000000703a00000, 0x0000000703a00000| Untracked 
|  22|0x0000000703c00000, 0x0000000703c00000, 0x0000000703e00000|  0%| F|  |TAMS 0x0000000703c00000, 0x0000000703c00000| Untracked 
|  23|0x0000000703e00000, 0x0000000703e00000, 0x0000000704000000|  0%| F|  |TAMS 0x0000000703e00000, 0x0000000703e00000| Untracked 
|  24|0x0000000704000000, 0x0000000704000000, 0x0000000704200000|  0%| F|  |TAMS 0x0000000704000000, 0x0000000704000000| Untracked 
|  25|0x0000000704200000, 0x0000000704200000, 0x0000000704400000|  0%| F|  |TAMS 0x0000000704200000, 0x0000000704200000| Untracked 
|  26|0x0000000704400000, 0x0000000704400000, 0x0000000704600000|  0%| F|  |TAMS 0x0000000704400000, 0x0000000704400000| Untracked 
|  27|0x0000000704600000, 0x0000000704600000, 0x0000000704800000|  0%| F|  |TAMS 0x0000000704600000, 0x0000000704600000| Untracked 
|  28|0x0000000704800000, 0x0000000704800000, 0x0000000704a00000|  0%| F|  |TAMS 0x0000000704800000, 0x0000000704800000| Untracked 
|  29|0x0000000704a00000, 0x0000000704a00000, 0x0000000704c00000|  0%| F|  |TAMS 0x0000000704a00000, 0x0000000704a00000| Untracked 
|  30|0x0000000704c00000, 0x0000000704c00000, 0x0000000704e00000|  0%| F|  |TAMS 0x0000000704c00000, 0x0000000704c00000| Untracked 
|  31|0x0000000704e00000, 0x0000000704e00000, 0x0000000705000000|  0%| F|  |TAMS 0x0000000704e00000, 0x0000000704e00000| Untracked 
|  32|0x0000000705000000, 0x0000000705000000, 0x0000000705200000|  0%| F|  |TAMS 0x0000000705000000, 0x0000000705000000| Untracked 
|  33|0x0000000705200000, 0x0000000705200000, 0x0000000705400000|  0%| F|  |TAMS 0x0000000705200000, 0x0000000705200000| Untracked 
|  34|0x0000000705400000, 0x0000000705400000, 0x0000000705600000|  0%| F|  |TAMS 0x0000000705400000, 0x0000000705400000| Untracked 
|  35|0x0000000705600000, 0x0000000705600000, 0x0000000705800000|  0%| F|  |TAMS 0x0000000705600000, 0x0000000705600000| Untracked 
|  36|0x0000000705800000, 0x0000000705800000, 0x0000000705a00000|  0%| F|  |TAMS 0x0000000705800000, 0x0000000705800000| Untracked 
|  37|0x0000000705a00000, 0x0000000705a00000, 0x0000000705c00000|  0%| F|  |TAMS 0x0000000705a00000, 0x0000000705a00000| Untracked 
|  38|0x0000000705c00000, 0x0000000705c00000, 0x0000000705e00000|  0%| F|  |TAMS 0x0000000705c00000, 0x0000000705c00000| Untracked 
|  39|0x0000000705e00000, 0x0000000705e00000, 0x0000000706000000|  0%| F|  |TAMS 0x0000000705e00000, 0x0000000705e00000| Untracked 
|  40|0x0000000706000000, 0x0000000706000000, 0x0000000706200000|  0%| F|  |TAMS 0x0000000706000000, 0x0000000706000000| Untracked 
|  41|0x0000000706200000, 0x0000000706200000, 0x0000000706400000|  0%| F|  |TAMS 0x0000000706200000, 0x0000000706200000| Untracked 
|  42|0x0000000706400000, 0x0000000706400000, 0x0000000706600000|  0%| F|  |TAMS 0x0000000706400000, 0x0000000706400000| Untracked 
|  43|0x0000000706600000, 0x0000000706600000, 0x0000000706800000|  0%| F|  |TAMS 0x0000000706600000, 0x0000000706600000| Untracked 
|  44|0x0000000706800000, 0x0000000706800000, 0x0000000706a00000|  0%| F|  |TAMS 0x0000000706800000, 0x0000000706800000| Untracked 
|  45|0x0000000706a00000, 0x0000000706a00000, 0x0000000706c00000|  0%| F|  |TAMS 0x0000000706a00000, 0x0000000706a00000| Untracked 
|  46|0x0000000706c00000, 0x0000000706c00000, 0x0000000706e00000|  0%| F|  |TAMS 0x0000000706c00000, 0x0000000706c00000| Untracked 
|  47|0x0000000706e00000, 0x0000000706e00000, 0x0000000707000000|  0%| F|  |TAMS 0x0000000706e00000, 0x0000000706e00000| Untracked 
|  48|0x0000000707000000, 0x0000000707000000, 0x0000000707200000|  0%| F|  |TAMS 0x0000000707000000, 0x0000000707000000| Untracked 
|  49|0x0000000707200000, 0x0000000707200000, 0x0000000707400000|  0%| F|  |TAMS 0x0000000707200000, 0x0000000707200000| Untracked 
|  50|0x0000000707400000, 0x0000000707400000, 0x0000000707600000|  0%| F|  |TAMS 0x0000000707400000, 0x0000000707400000| Untracked 
|  51|0x0000000707600000, 0x0000000707600000, 0x0000000707800000|  0%| F|  |TAMS 0x0000000707600000, 0x0000000707600000| Untracked 
|  52|0x0000000707800000, 0x0000000707800000, 0x0000000707a00000|  0%| F|  |TAMS 0x0000000707800000, 0x0000000707800000| Untracked 
|  53|0x0000000707a00000, 0x0000000707a00000, 0x0000000707c00000|  0%| F|  |TAMS 0x0000000707a00000, 0x0000000707a00000| Untracked 
|  54|0x0000000707c00000, 0x0000000707c00000, 0x0000000707e00000|  0%| F|  |TAMS 0x0000000707c00000, 0x0000000707c00000| Untracked 
|  55|0x0000000707e00000, 0x0000000707e00000, 0x0000000708000000|  0%| F|  |TAMS 0x0000000707e00000, 0x0000000707e00000| Untracked 
|  56|0x0000000708000000, 0x0000000708000000, 0x0000000708200000|  0%| F|  |TAMS 0x0000000708000000, 0x0000000708000000| Untracked 
|  57|0x0000000708200000, 0x0000000708200000, 0x0000000708400000|  0%| F|  |TAMS 0x0000000708200000, 0x0000000708200000| Untracked 
|  58|0x0000000708400000, 0x0000000708400000, 0x0000000708600000|  0%| F|  |TAMS 0x0000000708400000, 0x0000000708400000| Untracked 
|  59|0x0000000708600000, 0x0000000708600000, 0x0000000708800000|  0%| F|  |TAMS 0x0000000708600000, 0x0000000708600000| Untracked 
|  60|0x0000000708800000, 0x0000000708800000, 0x0000000708a00000|  0%| F|  |TAMS 0x0000000708800000, 0x0000000708800000| Untracked 
|  61|0x0000000708a00000, 0x0000000708a00000, 0x0000000708c00000|  0%| F|  |TAMS 0x0000000708a00000, 0x0000000708a00000| Untracked 
|  62|0x0000000708c00000, 0x0000000708c00000, 0x0000000708e00000|  0%| F|  |TAMS 0x0000000708c00000, 0x0000000708c00000| Untracked 
|  63|0x0000000708e00000, 0x0000000708e00000, 0x0000000709000000|  0%| F|  |TAMS 0x0000000708e00000, 0x0000000708e00000| Untracked 
|  64|0x0000000709000000, 0x0000000709000000, 0x0000000709200000|  0%| F|  |TAMS 0x0000000709000000, 0x0000000709000000| Untracked 
|  65|0x0000000709200000, 0x0000000709200000, 0x0000000709400000|  0%| F|  |TAMS 0x0000000709200000, 0x0000000709200000| Untracked 
|  66|0x0000000709400000, 0x0000000709400000, 0x0000000709600000|  0%| F|  |TAMS 0x0000000709400000, 0x0000000709400000| Untracked 
|  67|0x0000000709600000, 0x0000000709600000, 0x0000000709800000|  0%| F|  |TAMS 0x0000000709600000, 0x0000000709600000| Untracked 
|  68|0x0000000709800000, 0x0000000709800000, 0x0000000709a00000|  0%| F|  |TAMS 0x0000000709800000, 0x0000000709800000| Untracked 
|  69|0x0000000709a00000, 0x0000000709a00000, 0x0000000709c00000|  0%| F|  |TAMS 0x0000000709a00000, 0x0000000709a00000| Untracked 
|  70|0x0000000709c00000, 0x0000000709c00000, 0x0000000709e00000|  0%| F|  |TAMS 0x0000000709c00000, 0x0000000709c00000| Untracked 
|  71|0x0000000709e00000, 0x0000000709e00000, 0x000000070a000000|  0%| F|  |TAMS 0x0000000709e00000, 0x0000000709e00000| Untracked 
|  72|0x000000070a000000, 0x000000070a000000, 0x000000070a200000|  0%| F|  |TAMS 0x000000070a000000, 0x000000070a000000| Untracked 
|  73|0x000000070a200000, 0x000000070a200000, 0x000000070a400000|  0%| F|  |TAMS 0x000000070a200000, 0x000000070a200000| Untracked 
|  74|0x000000070a400000, 0x000000070a400000, 0x000000070a600000|  0%| F|  |TAMS 0x000000070a400000, 0x000000070a400000| Untracked 
|  75|0x000000070a600000, 0x000000070a600000, 0x000000070a800000|  0%| F|  |TAMS 0x000000070a600000, 0x000000070a600000| Untracked 
|  76|0x000000070a800000, 0x000000070a800000, 0x000000070aa00000|  0%| F|  |TAMS 0x000000070a800000, 0x000000070a800000| Untracked 
|  77|0x000000070aa00000, 0x000000070aa00000, 0x000000070ac00000|  0%| F|  |TAMS 0x000000070aa00000, 0x000000070aa00000| Untracked 
|  78|0x000000070ac00000, 0x000000070ac00000, 0x000000070ae00000|  0%| F|  |TAMS 0x000000070ac00000, 0x000000070ac00000| Untracked 
|  79|0x000000070ae00000, 0x000000070ae00000, 0x000000070b000000|  0%| F|  |TAMS 0x000000070ae00000, 0x000000070ae00000| Untracked 
|  80|0x000000070b000000, 0x000000070b000000, 0x000000070b200000|  0%| F|  |TAMS 0x000000070b000000, 0x000000070b000000| Untracked 
|  81|0x000000070b200000, 0x000000070b200000, 0x000000070b400000|  0%| F|  |TAMS 0x000000070b200000, 0x000000070b200000| Untracked 
|  82|0x000000070b400000, 0x000000070b400000, 0x000000070b600000|  0%| F|  |TAMS 0x000000070b400000, 0x000000070b400000| Untracked 
|  83|0x000000070b600000, 0x000000070b600000, 0x000000070b800000|  0%| F|  |TAMS 0x000000070b600000, 0x000000070b600000| Untracked 
|  84|0x000000070b800000, 0x000000070b800000, 0x000000070ba00000|  0%| F|  |TAMS 0x000000070b800000, 0x000000070b800000| Untracked 
|  85|0x000000070ba00000, 0x000000070ba00000, 0x000000070bc00000|  0%| F|  |TAMS 0x000000070ba00000, 0x000000070ba00000| Untracked 
|  86|0x000000070bc00000, 0x000000070bc00000, 0x000000070be00000|  0%| F|  |TAMS 0x000000070bc00000, 0x000000070bc00000| Untracked 
|  87|0x000000070be00000, 0x000000070be00000, 0x000000070c000000|  0%| F|  |TAMS 0x000000070be00000, 0x000000070be00000| Untracked 
|  88|0x000000070c000000, 0x000000070c000000, 0x000000070c200000|  0%| F|  |TAMS 0x000000070c000000, 0x000000070c000000| Untracked 
|  89|0x000000070c200000, 0x000000070c200000, 0x000000070c400000|  0%| F|  |TAMS 0x000000070c200000, 0x000000070c200000| Untracked 
|  90|0x000000070c400000, 0x000000070c400000, 0x000000070c600000|  0%| F|  |TAMS 0x000000070c400000, 0x000000070c400000| Untracked 
|  91|0x000000070c600000, 0x000000070c600000, 0x000000070c800000|  0%| F|  |TAMS 0x000000070c600000, 0x000000070c600000| Untracked 
|  92|0x000000070c800000, 0x000000070c800000, 0x000000070ca00000|  0%| F|  |TAMS 0x000000070c800000, 0x000000070c800000| Untracked 
|  93|0x000000070ca00000, 0x000000070ca00000, 0x000000070cc00000|  0%| F|  |TAMS 0x000000070ca00000, 0x000000070ca00000| Untracked 
|  94|0x000000070cc00000, 0x000000070cc00000, 0x000000070ce00000|  0%| F|  |TAMS 0x000000070cc00000, 0x000000070cc00000| Untracked 
|  95|0x000000070ce00000, 0x000000070ce00000, 0x000000070d000000|  0%| F|  |TAMS 0x000000070ce00000, 0x000000070ce00000| Untracked 
|  96|0x000000070d000000, 0x000000070d000000, 0x000000070d200000|  0%| F|  |TAMS 0x000000070d000000, 0x000000070d000000| Untracked 
|  97|0x000000070d200000, 0x000000070d200000, 0x000000070d400000|  0%| F|  |TAMS 0x000000070d200000, 0x000000070d200000| Untracked 
|  98|0x000000070d400000, 0x000000070d400000, 0x000000070d600000|  0%| F|  |TAMS 0x000000070d400000, 0x000000070d400000| Untracked 
|  99|0x000000070d600000, 0x000000070d600000, 0x000000070d800000|  0%| F|  |TAMS 0x000000070d600000, 0x000000070d600000| Untracked 
| 100|0x000000070d800000, 0x000000070d800000, 0x000000070da00000|  0%| F|  |TAMS 0x000000070d800000, 0x000000070d800000| Untracked 
| 101|0x000000070da00000, 0x000000070da00000, 0x000000070dc00000|  0%| F|  |TAMS 0x000000070da00000, 0x000000070da00000| Untracked 
| 102|0x000000070dc00000, 0x000000070dc00000, 0x000000070de00000|  0%| F|  |TAMS 0x000000070dc00000, 0x000000070dc00000| Untracked 
| 103|0x000000070de00000, 0x000000070de00000, 0x000000070e000000|  0%| F|  |TAMS 0x000000070de00000, 0x000000070de00000| Untracked 
| 104|0x000000070e000000, 0x000000070e000000, 0x000000070e200000|  0%| F|  |TAMS 0x000000070e000000, 0x000000070e000000| Untracked 
| 105|0x000000070e200000, 0x000000070e200000, 0x000000070e400000|  0%| F|  |TAMS 0x000000070e200000, 0x000000070e200000| Untracked 
| 106|0x000000070e400000, 0x000000070e600000, 0x000000070e600000|100%| S|CS|TAMS 0x000000070e400000, 0x000000070e400000| Complete 
| 107|0x000000070e600000, 0x000000070e800000, 0x000000070e800000|100%| S|CS|TAMS 0x000000070e600000, 0x000000070e600000| Complete 
| 108|0x000000070e800000, 0x000000070ea00000, 0x000000070ea00000|100%| S|CS|TAMS 0x000000070e800000, 0x000000070e800000| Complete 
| 109|0x000000070ea00000, 0x000000070ea00000, 0x000000070ec00000|  0%| F|  |TAMS 0x000000070ea00000, 0x000000070ea00000| Untracked 
| 110|0x000000070ec00000, 0x000000070ec00000, 0x000000070ee00000|  0%| F|  |TAMS 0x000000070ec00000, 0x000000070ec00000| Untracked 
| 111|0x000000070ee00000, 0x000000070ee00000, 0x000000070f000000|  0%| F|  |TAMS 0x000000070ee00000, 0x000000070ee00000| Untracked 
| 112|0x000000070f000000, 0x000000070f000000, 0x000000070f200000|  0%| F|  |TAMS 0x000000070f000000, 0x000000070f000000| Untracked 
| 113|0x000000070f200000, 0x000000070f200000, 0x000000070f400000|  0%| F|  |TAMS 0x000000070f200000, 0x000000070f200000| Untracked 
| 114|0x000000070f400000, 0x000000070f400000, 0x000000070f600000|  0%| F|  |TAMS 0x000000070f400000, 0x000000070f400000| Untracked 
| 115|0x000000070f600000, 0x000000070f600000, 0x000000070f800000|  0%| F|  |TAMS 0x000000070f600000, 0x000000070f600000| Untracked 
| 116|0x000000070f800000, 0x000000070f800000, 0x000000070fa00000|  0%| F|  |TAMS 0x000000070f800000, 0x000000070f800000| Untracked 
| 117|0x000000070fa00000, 0x000000070fa00000, 0x000000070fc00000|  0%| F|  |TAMS 0x000000070fa00000, 0x000000070fa00000| Untracked 
| 118|0x000000070fc00000, 0x000000070fc00000, 0x000000070fe00000|  0%| F|  |TAMS 0x000000070fc00000, 0x000000070fc00000| Untracked 
| 119|0x000000070fe00000, 0x000000070fe00000, 0x0000000710000000|  0%| F|  |TAMS 0x000000070fe00000, 0x000000070fe00000| Untracked 
| 120|0x0000000710000000, 0x0000000710000000, 0x0000000710200000|  0%| F|  |TAMS 0x0000000710000000, 0x0000000710000000| Untracked 
| 121|0x0000000710200000, 0x0000000710200000, 0x0000000710400000|  0%| F|  |TAMS 0x0000000710200000, 0x0000000710200000| Untracked 
| 122|0x0000000710400000, 0x0000000710400000, 0x0000000710600000|  0%| F|  |TAMS 0x0000000710400000, 0x0000000710400000| Untracked 
| 123|0x0000000710600000, 0x0000000710600000, 0x0000000710800000|  0%| F|  |TAMS 0x0000000710600000, 0x0000000710600000| Untracked 
| 124|0x0000000710800000, 0x0000000710800000, 0x0000000710a00000|  0%| F|  |TAMS 0x0000000710800000, 0x0000000710800000| Untracked 
| 125|0x0000000710a00000, 0x0000000710a96028, 0x0000000710c00000| 29%| E|  |TAMS 0x0000000710a00000, 0x0000000710a00000| Complete 
| 126|0x0000000710c00000, 0x0000000710e00000, 0x0000000710e00000|100%| E|CS|TAMS 0x0000000710c00000, 0x0000000710c00000| Complete 
| 127|0x0000000710e00000, 0x0000000711000000, 0x0000000711000000|100%| E|CS|TAMS 0x0000000710e00000, 0x0000000710e00000| Complete 

Card table byte_map: [0x0000019a68c10000,0x0000019a69410000] _byte_map_base: 0x0000019a65408000

Marking Bits (Prev, Next): (CMBitMap*) 0x0000019a50ee3230, (CMBitMap*) 0x0000019a50ee3270
 Prev Bits: [0x0000019a69c10000, 0x0000019a6dbd0000)
 Next Bits: [0x0000019a6dbd0000, 0x0000019a71b90000)

Polling page: 0x0000019a50670000

Metaspace:

Usage:
  Non-class:     12.96 MB capacity,    12.80 MB ( 99%) used,   139.55 KB (  1%) free+waste,    24.00 KB ( <1%) overhead. 
      Class:      2.22 MB capacity,     2.14 MB ( 96%) used,    71.73 KB (  3%) free+waste,    10.88 KB ( <1%) overhead. 
       Both:     15.18 MB capacity,    14.94 MB ( 98%) used,   211.28 KB (  1%) free+waste,    34.88 KB ( <1%) overhead. 

Virtual space:
  Non-class space:       14.00 MB reserved,      13.00 MB ( 93%) committed 
      Class space:        1.00 GB reserved,       2.25 MB ( <1%) committed 
             Both:        1.01 GB reserved,      15.25 MB (  1%) committed 

Chunk freelists:
   Non-Class:  37.00 KB
       Class:  0 bytes
        Both:  37.00 KB

MaxMetaspaceSize: 17179869184.00 GB
CompressedClassSpaceSize: 1.00 GB

CodeHeap 'non-profiled nmethods': size=120000Kb used=795Kb max_used=795Kb free=119204Kb
 bounds [0x0000019a60ba0000, 0x0000019a60e10000, 0x0000019a680d0000]
CodeHeap 'profiled nmethods': size=120000Kb used=3779Kb max_used=3779Kb free=116220Kb
 bounds [0x0000019a59670000, 0x0000019a59a30000, 0x0000019a60ba0000]
CodeHeap 'non-nmethods': size=5760Kb used=1441Kb max_used=1456Kb free=4318Kb
 bounds [0x0000019a590d0000, 0x0000019a59340000, 0x0000019a59670000]
 total_blobs=2908 nmethods=2135 adapters=685
 compilation: enabled
              stopped_count=0, restarted_count=0
 full_count=0

Compilation events (20 events):
Event: 8.197 Thread 0x0000019a74f2aaa0 2128       3       com.sun.javafx.tk.quantum.GlassViewEventHandler$$Lambda$242/0x0000000800d0f878::get (8 bytes)
Event: 8.197 Thread 0x0000019a74f2aaa0 nmethod 2128 0x0000019a59a19510 code [0x0000019a59a19740, 0x0000019a59a19d48]
Event: 8.197 Thread 0x0000019a74f2aaa0 2129       3       com.sun.javafx.tk.quantum.GlassViewEventHandler::lambda$handleMouseEvent$2 (18 bytes)
Event: 8.198 Thread 0x0000019a74f2aaa0 nmethod 2129 0x0000019a59a1a090 code [0x0000019a59a1a2c0, 0x0000019a59a1a868]
Event: 8.198 Thread 0x0000019a74f2aaa0 2130       3       com.sun.javafx.tk.quantum.GlassViewEventHandler$MouseEventNotification::run (5 bytes)
Event: 8.198 Thread 0x0000019a74f2aaa0 nmethod 2130 0x0000019a59a1ab10 code [0x0000019a59a1acc0, 0x0000019a59a1ae08]
Event: 8.198 Thread 0x0000019a74f2aaa0 2131   !   3       com.sun.javafx.tk.quantum.GlassViewEventHandler$MouseEventNotification::run (703 bytes)
Event: 8.198 Thread 0x0000019a74f2aaa0 nmethod 2131 0x0000019a59a1ae90 code [0x0000019a59a1b160, 0x0000019a59a1c4e8]
Event: 8.236 Thread 0x0000019a74f2aaa0 2132       3       com.sun.javafx.scene.input.PickResultChooser::processOffer (146 bytes)
Event: 8.237 Thread 0x0000019a74f2aaa0 nmethod 2132 0x0000019a59a1cd10 code [0x0000019a59a1cf60, 0x0000019a59a1dca8]
Event: 8.244 Thread 0x0000019a74f2aaa0 2133       3       javafx.scene.Scene$TargetWrapper::clear (12 bytes)
Event: 8.244 Thread 0x0000019a74f2aaa0 nmethod 2133 0x0000019a59a1e090 code [0x0000019a59a1e240, 0x0000019a59a1e438]
Event: 8.252 Thread 0x0000019a74f2aaa0 2134       3       javafx.scene.Scene$MouseHandler::clearPDREventTargets (46 bytes)
Event: 8.252 Thread 0x0000019a74f2aaa0 nmethod 2134 0x0000019a59a1e510 code [0x0000019a59a1e700, 0x0000019a59a1ecf8]
Event: 8.420 Thread 0x0000019a74f25ae0 2135       4       javafx.scene.Node::updateLocalToParentTransform (442 bytes)
Event: 8.428 Thread 0x0000019a74f2aaa0 2136       3       javafx.scene.Node::sceneToLocal0 (46 bytes)
Event: 8.429 Thread 0x0000019a74f2aaa0 nmethod 2136 0x0000019a59a1ee90 code [0x0000019a59a1f180, 0x0000019a59a20958]
Event: 8.436 Thread 0x0000019a74f25ae0 nmethod 2135 0x0000019a60c63e90 code [0x0000019a60c642a0, 0x0000019a60c658d8]
Event: 8.516 Thread 0x0000019a74f25ae0 2137       4       java.lang.ThreadLocal::get (38 bytes)
Event: 8.519 Thread 0x0000019a74f25ae0 nmethod 2137 0x0000019a60c66690 code [0x0000019a60c66820, 0x0000019a60c66b28]

GC Heap History (4 events):
Event: 0.518 GC heap before
{Heap before GC invocations=0 (full 0):
 garbage-first heap   total 262144K, used 22528K [0x0000000701000000, 0x0000000800000000)
  region size 2048K, 11 young (22528K), 0 survivors (0K)
 Metaspace       used 6038K, capacity 7484K, committed 7552K, reserved 1056768K
  class space    used 704K, capacity 830K, committed 896K, reserved 1048576K
}
Event: 0.520 GC heap after
{Heap after GC invocations=1 (full 0):
 garbage-first heap   total 262144K, used 2981K [0x0000000701000000, 0x0000000800000000)
  region size 2048K, 2 young (4096K), 2 survivors (4096K)
 Metaspace       used 6038K, capacity 7484K, committed 7552K, reserved 1056768K
  class space    used 704K, capacity 830K, committed 896K, reserved 1048576K
}
Event: 1.599 GC heap before
{Heap before GC invocations=1 (full 0):
 garbage-first heap   total 262144K, used 76709K [0x0000000701000000, 0x0000000800000000)
  region size 2048K, 19 young (38912K), 2 survivors (4096K)
 Metaspace       used 14781K, capacity 15162K, committed 15360K, reserved 1062912K
  class space    used 2143K, capacity 2231K, committed 2304K, reserved 1048576K
}
Event: 1.603 GC heap after
{Heap after GC invocations=2 (full 0):
 garbage-first heap   total 262144K, used 45649K [0x0000000701000000, 0x0000000800000000)
  region size 2048K, 3 young (6144K), 3 survivors (6144K)
 Metaspace       used 14781K, capacity 15162K, committed 15360K, reserved 1062912K
  class space    used 2143K, capacity 2231K, committed 2304K, reserved 1048576K
}

Deoptimization events (20 events):
Event: 1.615 Thread 0x0000019a75b9f760 Uncommon trap: trap_request=0xffffffde fr.pc=0x0000019a60c51dac relative=0x000000000000010c
Event: 1.615 Thread 0x0000019a75b9f760 Uncommon trap: reason=class_check action=maybe_recompile pc=0x0000019a60c51dac method=jdk.internal.misc.Unsafe.allocateUninitializedArray(Ljava/lang/Class;I)Ljava/lang/Object; @ 51 c2
Event: 1.615 Thread 0x0000019a75b9f760 DEOPT PACKING pc=0x0000019a60c51dac sp=0x0000003b219f7e50
Event: 1.615 Thread 0x0000019a75b9f760 DEOPT UNPACKING pc=0x0000019a5911e42f sp=0x0000003b219f7dd8 mode 2
Event: 1.622 Thread 0x0000019a75b7c060 Uncommon trap: trap_request=0xffffffde fr.pc=0x0000019a60c51dac relative=0x000000000000010c
Event: 1.622 Thread 0x0000019a75b7c060 Uncommon trap: reason=class_check action=maybe_recompile pc=0x0000019a60c51dac method=jdk.internal.misc.Unsafe.allocateUninitializedArray(Ljava/lang/Class;I)Ljava/lang/Object; @ 51 c2
Event: 1.622 Thread 0x0000019a75b7c060 DEOPT PACKING pc=0x0000019a60c51dac sp=0x0000003b216fd5e0
Event: 1.622 Thread 0x0000019a75b7c060 DEOPT UNPACKING pc=0x0000019a5911e42f sp=0x0000003b216fd568 mode 2
Event: 3.061 Thread 0x0000019a75b9f760 Uncommon trap: trap_request=0xffffffde fr.pc=0x0000019a60c51dac relative=0x000000000000010c
Event: 3.061 Thread 0x0000019a75b9f760 Uncommon trap: reason=class_check action=maybe_recompile pc=0x0000019a60c51dac method=jdk.internal.misc.Unsafe.allocateUninitializedArray(Ljava/lang/Class;I)Ljava/lang/Object; @ 51 c2
Event: 3.061 Thread 0x0000019a75b9f760 DEOPT PACKING pc=0x0000019a60c51dac sp=0x0000003b219f7670
Event: 3.061 Thread 0x0000019a75b9f760 DEOPT UNPACKING pc=0x0000019a5911e42f sp=0x0000003b219f75f8 mode 2
Event: 3.062 Thread 0x0000019a75b9f760 Uncommon trap: trap_request=0xffffffde fr.pc=0x0000019a60c51dac relative=0x000000000000010c
Event: 3.062 Thread 0x0000019a75b9f760 Uncommon trap: reason=class_check action=maybe_recompile pc=0x0000019a60c51dac method=jdk.internal.misc.Unsafe.allocateUninitializedArray(Ljava/lang/Class;I)Ljava/lang/Object; @ 51 c2
Event: 3.062 Thread 0x0000019a75b9f760 DEOPT PACKING pc=0x0000019a60c51dac sp=0x0000003b219f67d0
Event: 3.062 Thread 0x0000019a75b9f760 DEOPT UNPACKING pc=0x0000019a5911e42f sp=0x0000003b219f6758 mode 2
Event: 3.063 Thread 0x0000019a75b9f760 Uncommon trap: trap_request=0xffffff45 fr.pc=0x0000019a60c334b0 relative=0x0000000000000f90
Event: 3.063 Thread 0x0000019a75b9f760 Uncommon trap: reason=unstable_if action=reinterpret pc=0x0000019a60c334b0 method=java.util.concurrent.ConcurrentHashMap.putVal(Ljava/lang/Object;Ljava/lang/Object;Z)Ljava/lang/Object; @ 148 c2
Event: 3.063 Thread 0x0000019a75b9f760 DEOPT PACKING pc=0x0000019a60c334b0 sp=0x0000003b219f7020
Event: 3.063 Thread 0x0000019a75b9f760 DEOPT UNPACKING pc=0x0000019a5911e42f sp=0x0000003b219f6fa0 mode 2

Classes unloaded (0 events):
No events

Classes redefined (0 events):
No events

Internal exceptions (20 events):
Event: 0.538 Thread 0x0000019a75b9f760 Exception <a 'java/lang/NullPointerException'{0x0000000710d25698}> (0x0000000710d25698) 
thrown [./open/src/hotspot/share/interpreter/linkResolver.cpp, line 1374]
Event: 0.540 Thread 0x0000019a75b9f760 Exception <a 'java/lang/NoSuchMethodError'{0x0000000710d4adb8}: 'void java.lang.invoke.DirectMethodHandle$Holder.invokeSpecial(java.lang.Object, java.lang.Object, java.lang.Object, java.lang.Object, java.lang.Object)'> (0x0000000710d4adb8) 
thrown [./open/src/hotspot/share/interpreter/linkResolver.cpp, line 782]
Event: 0.920 Thread 0x0000019a75b9f760 Exception <a 'sun/nio/fs/WindowsException'{0x000000070fced4a8}> (0x000000070fced4a8) 
thrown [./open/src/hotspot/share/prims/jni.cpp, line 578]
Event: 0.993 Thread 0x0000019a75b9f760 Exception <a 'java/lang/NoSuchMethodError'{0x000000070f522348}: 'java.lang.Object java.lang.invoke.DirectMethodHandle$Holder.invokeInterface(java.lang.Object, java.lang.Object, java.lang.Object)'> (0x000000070f522348) 
thrown [./open/src/hotspot/share/interpreter/linkResolver.cpp, line 782]
Event: 0.993 Thread 0x0000019a75b9f760 Exception <a 'java/lang/IncompatibleClassChangeError'{0x000000070f526170}: Found class java.lang.Object, but interface was expected> (0x000000070f526170) 
thrown [./open/src/hotspot/share/interpreter/linkResolver.cpp, line 848]
Event: 1.018 Thread 0x0000019a75b9f760 Exception <a 'java/lang/NoSuchMethodError'{0x000000070f29dbd0}: 'java.lang.Object java.lang.invoke.DirectMethodHandle$Holder.newInvokeSpecial(java.lang.Object, java.lang.Object, int)'> (0x000000070f29dbd0) 
thrown [./open/src/hotspot/share/interpreter/linkResolver.cpp, line 782]
Event: 1.031 Thread 0x0000019a75b7c060 Exception <a 'java/lang/NoSuchMethodError'{0x000000070f3a4100}: 'int java.lang.invoke.DirectMethodHandle$Holder.invokeStaticInit(java.lang.Object, java.lang.Object)'> (0x000000070f3a4100) 
thrown [./open/src/hotspot/share/interpreter/linkResolver.cpp, line 782]
Event: 1.472 Thread 0x0000019a75b9f760 Exception <a 'java/lang/NoSuchMethodError'{0x000000070ef06288}: 'long java.lang.invoke.DirectMethodHandle$Holder.invokeStatic(java.lang.Object, java.lang.Object, java.lang.Object)'> (0x000000070ef06288) 
thrown [./open/src/hotspot/share/interpreter/linkResolver.cpp, line 782]
Event: 1.473 Thread 0x0000019a75b9f760 Exception <a 'java/lang/NoSuchMethodError'{0x000000070ef09ee0}: 'long java.lang.invoke.DirectMethodHandle$Holder.invokeStaticInit(java.lang.Object, java.lang.Object, java.lang.Object)'> (0x000000070ef09ee0) 
thrown [./open/src/hotspot/share/interpreter/linkResolver.cpp, line 782]
Event: 1.474 Thread 0x0000019a75b9f760 Exception <a 'java/lang/NoSuchMethodError'{0x000000070ef221e8}: 'java.lang.Object java.lang.invoke.DirectMethodHandle$Holder.newInvokeSpecial(java.lang.Object, java.lang.Object, long)'> (0x000000070ef221e8) 
thrown [./open/src/hotspot/share/interpreter/linkResolver.cpp, line 782]
Event: 1.474 Thread 0x0000019a75b9f760 Exception <a 'java/lang/NoSuchMethodError'{0x000000070ef25f58}: 'java.lang.Object java.lang.invoke.Invokers$Holder.linkToTargetMethod(java.lang.Object, long, java.lang.Object)'> (0x000000070ef25f58) 
thrown [./open/src/hotspot/share/interpreter/linkResolver.cpp, line 782]
Event: 1.567 Thread 0x0000019a75b9f760 Exception <a 'java/lang/ClassNotFoundException'{0x000000070ec842f0}: com/sun/javafx/scene/control/skin/resources/controls> (0x000000070ec842f0) 
thrown [./open/src/hotspot/share/prims/jni.cpp, line 599]
Event: 1.568 Thread 0x0000019a75b9f760 Exception <a 'java/lang/ClassNotFoundException'{0x000000070ec92390}: com/sun/javafx/scene/control/skin/resources/controls_cs> (0x000000070ec92390) 
thrown [./open/src/hotspot/share/prims/jni.cpp, line 599]
Event: 1.568 Thread 0x0000019a75b9f760 Exception <a 'java/lang/ClassNotFoundException'{0x000000070ec93a28}: com/sun/javafx/scene/control/skin/resources/controls_cs_CZ> (0x000000070ec93a28) 
thrown [./open/src/hotspot/share/prims/jni.cpp, line 599]
Event: 1.588 Thread 0x0000019a75b9f760 Exception <a 'java/lang/NoSuchMethodError'{0x000000070ea20270}: 'void java.lang.invoke.DirectMethodHandle$Holder.invokeSpecial(java.lang.Object, java.lang.Object, java.lang.Object, java.lang.Object, java.lang.Object, java.lang.Object)'> (0x000000070ea20270) 
thrown [./open/src/hotspot/share/interpreter/linkResolver.cpp, line 782]
Event: 6.676 Thread 0x0000019a75b9f760 Exception <a 'java/lang/NullPointerException'{0x0000000710efa810}> (0x0000000710efa810) 
thrown [./open/src/hotspot/share/interpreter/linkResolver.cpp, line 1374]
Event: 6.676 Thread 0x0000019a75b9f760 Exception <a 'java/lang/reflect/InvocationTargetException'{0x0000000710efb588}> (0x0000000710efb588) 
thrown [./open/src/hotspot/share/runtime/reflection.cpp, line 1157]
Event: 8.013 Thread 0x0000019a75b9f760 Exception <a 'java/lang/NoSuchMethodError'{0x0000000710d58e20}: 'java.lang.Object java.lang.invoke.DirectMethodHandle$Holder.newInvokeSpecial(java.lang.Object, java.lang.Object, int, int, int, int, int, java.lang.Object)'> (0x0000000710d58e20) 
thrown [./open/src/hotspot/share/interpreter/linkResolver.cpp, line 782]
Event: 8.014 Thread 0x0000019a75b9f760 Exception <a 'java/lang/NoSuchMethodError'{0x0000000710d6d188}: 'java.lang.Object java.lang.invoke.DirectMethodHandle$Holder.newInvokeSpecial(java.lang.Object, java.lang.Object, java.lang.Object, int, int, int, int, int)'> (0x0000000710d6d188) 
thrown [./open/src/hotspot/share/interpreter/linkResolver.cpp, line 782]
Event: 8.014 Thread 0x0000019a75b9f760 Exception <a 'java/lang/NoSuchMethodError'{0x0000000710d754e0}: 'java.lang.Object java.lang.invoke.Invokers$Holder.linkToTargetMethod(java.lang.Object, java.lang.Object, int, int, int, int, int, java.lang.Object)'> (0x0000000710d754e0) 
thrown [./open/src/hotspot/share/interpreter/linkResolver.cpp, line 782]

Events (20 events):
Event: 3.064 loading class sun/util/resources/Bundles$2
Event: 3.064 loading class sun/util/resources/Bundles$2 done
Event: 3.065 loading class sun/text/RuleBasedBreakIterator
Event: 3.065 loading class sun/text/RuleBasedBreakIterator done
Event: 3.065 loading class sun/text/CompactByteArray
Event: 3.065 loading class sun/text/CompactByteArray done
Event: 3.065 loading class sun/text/SupplementaryCharacterData
Event: 3.065 loading class sun/text/SupplementaryCharacterData done
Event: 3.065 loading class java/text/BreakIterator$BreakIteratorCache
Event: 3.065 loading class java/text/BreakIterator$BreakIteratorCache done
Event: 5.068 Loaded shared library C:\Program Files\Java\jdk-15.0.1\bin\java.dll
Event: 6.677 loading class java/lang/Throwable$WrappedPrintStream
Event: 6.677 loading class java/lang/Throwable$PrintStreamOrWriter
Event: 6.677 loading class java/lang/Throwable$PrintStreamOrWriter done
Event: 6.677 loading class java/lang/Throwable$WrappedPrintStream done
Event: 9.285 Thread 0x0000019a765d55c0 Thread added: 0x0000019a765d55c0
Event: 9.285 Thread 0x0000019a765d5a90 Thread added: 0x0000019a765d5a90
Event: 9.285 Thread 0x0000019a765d55c0 Thread exited: 0x0000019a765d55c0
Event: 9.285 Thread 0x0000019a765d5a90 Thread exited: 0x0000019a765d5a90
Event: 9.285 Executing VM operation: Exit


Dynamic libraries:
0x00007ff69d600000 - 0x00007ff69d60f000 	C:\Program Files\Java\jdk-15.0.1\bin\javaw.exe
0x00007ff8940b0000 - 0x00007ff8942a6000 	C:\Windows\SYSTEM32\ntdll.dll
0x00007ff892940000 - 0x00007ff8929fd000 	C:\Windows\System32\KERNEL32.DLL
0x00007ff891b90000 - 0x00007ff891e59000 	C:\Windows\System32\KERNELBASE.dll
0x00007ff891a90000 - 0x00007ff891b90000 	C:\Windows\System32\ucrtbase.dll
0x00007ff886ed0000 - 0x00007ff886ee9000 	C:\Program Files\Java\jdk-15.0.1\bin\VCRUNTIME140.dll
0x00007ff886ef0000 - 0x00007ff886f08000 	C:\Program Files\Java\jdk-15.0.1\bin\jli.dll
0x00007ff892880000 - 0x00007ff89292c000 	C:\Windows\System32\ADVAPI32.dll
0x00007ff892ef0000 - 0x00007ff892f8e000 	C:\Windows\System32\msvcrt.dll
0x00007ff892e50000 - 0x00007ff892eec000 	C:\Windows\System32\sechost.dll
0x00007ff893f10000 - 0x00007ff89403b000 	C:\Windows\System32\RPCRT4.dll
0x00007ff892c30000 - 0x00007ff892dd0000 	C:\Windows\System32\USER32.dll
0x00007ff8920e0000 - 0x00007ff892102000 	C:\Windows\System32\win32u.dll
0x00007ff87ba40000 - 0x00007ff87bcdb000 	C:\Windows\WinSxS\amd64_microsoft.windows.common-controls_6595b64144ccf1df_6.0.19041.746_none_ca02b4b61b8320a4\COMCTL32.dll
0x00007ff893220000 - 0x00007ff89324a000 	C:\Windows\System32\GDI32.dll
0x00007ff891850000 - 0x00007ff89195b000 	C:\Windows\System32\gdi32full.dll
0x00007ff891e60000 - 0x00007ff891efd000 	C:\Windows\System32\msvcp_win.dll
0x00007ff88c0e0000 - 0x00007ff88c0ea000 	C:\Windows\SYSTEM32\VERSION.dll
0x00007ff894040000 - 0x00007ff894070000 	C:\Windows\System32\IMM32.DLL
0x00007ff88e8a0000 - 0x00007ff88e8ac000 	C:\Program Files\Java\jdk-15.0.1\bin\vcruntime140_1.dll
0x00007ff86b880000 - 0x00007ff86b911000 	C:\Program Files\Java\jdk-15.0.1\bin\msvcp140.dll
0x00007ff82d300000 - 0x00007ff82de5e000 	C:\Program Files\Java\jdk-15.0.1\bin\server\jvm.dll
0x00007ff8935b0000 - 0x00007ff8935b8000 	C:\Windows\System32\PSAPI.DLL
0x00007ff88e8f0000 - 0x00007ff88e8f9000 	C:\Windows\SYSTEM32\WSOCK32.dll
0x00007ff881040000 - 0x00007ff881067000 	C:\Windows\SYSTEM32\WINMM.dll
0x00007ff892fa0000 - 0x00007ff89300b000 	C:\Windows\System32\WS2_32.dll
0x00007ff88f770000 - 0x00007ff88f782000 	C:\Windows\SYSTEM32\kernel.appcore.dll
0x00007ff887ed0000 - 0x00007ff887eda000 	C:\Program Files\Java\jdk-15.0.1\bin\jimage.dll
0x00007ff87bce0000 - 0x00007ff87bec4000 	C:\Windows\SYSTEM32\DBGHELP.DLL
0x00007ff87ea80000 - 0x00007ff87eaac000 	C:\Windows\SYSTEM32\dbgcore.DLL
0x00007ff891960000 - 0x00007ff8919e0000 	C:\Windows\System32\bcryptPrimitives.dll
0x00007ff8804d0000 - 0x00007ff8804f5000 	C:\Program Files\Java\jdk-15.0.1\bin\java.dll
0x00007ff8936f0000 - 0x00007ff893e33000 	C:\Windows\System32\SHELL32.dll
0x00007ff88f970000 - 0x00007ff8900ff000 	C:\Windows\SYSTEM32\windows.storage.dll
0x00007ff893250000 - 0x00007ff8935a6000 	C:\Windows\System32\combase.dll
0x00007ff891250000 - 0x00007ff89127c000 	C:\Windows\SYSTEM32\Wldp.dll
0x00007ff892b80000 - 0x00007ff892c2e000 	C:\Windows\System32\SHCORE.dll
0x00007ff892a00000 - 0x00007ff892a55000 	C:\Windows\System32\shlwapi.dll
0x00007ff891720000 - 0x00007ff891746000 	C:\Windows\SYSTEM32\profapi.dll
0x00007ff886eb0000 - 0x00007ff886ec9000 	C:\Program Files\Java\jdk-15.0.1\bin\net.dll
0x00007ff88aa00000 - 0x00007ff88ab00000 	C:\Windows\SYSTEM32\WINHTTP.dll
0x00007ff890fd0000 - 0x00007ff89103a000 	C:\Windows\system32\mswsock.dll
0x00007ff880c30000 - 0x00007ff880c42000 	C:\Program Files\Java\jdk-15.0.1\bin\nio.dll
0x00007ff877c10000 - 0x00007ff877c28000 	C:\Program Files\Java\jdk-15.0.1\bin\zip.dll
0x0000019a76ae0000 - 0x0000019a76ae3000 	C:\Users\PC\.openjfx\cache\14\api-ms-win-core-console-l1-1-0.dll
0x0000019a76af0000 - 0x0000019a76af3000 	C:\Users\PC\.openjfx\cache\14\api-ms-win-core-datetime-l1-1-0.dll
0x0000019a76b00000 - 0x0000019a76b03000 	C:\Users\PC\.openjfx\cache\14\api-ms-win-core-debug-l1-1-0.dll
0x0000019a76b10000 - 0x0000019a76b13000 	C:\Users\PC\.openjfx\cache\14\api-ms-win-core-errorhandling-l1-1-0.dll
0x0000019a76b20000 - 0x0000019a76b24000 	C:\Users\PC\.openjfx\cache\14\api-ms-win-core-file-l1-1-0.dll
0x0000019a76ea0000 - 0x0000019a76ea3000 	C:\Users\PC\.openjfx\cache\14\api-ms-win-core-file-l1-2-0.dll
0x0000019a76eb0000 - 0x0000019a76eb3000 	C:\Users\PC\.openjfx\cache\14\api-ms-win-core-file-l2-1-0.dll
0x0000019a76b30000 - 0x0000019a76b33000 	C:\Users\PC\.openjfx\cache\14\api-ms-win-core-handle-l1-1-0.dll
0x0000019a76b40000 - 0x0000019a76b43000 	C:\Users\PC\.openjfx\cache\14\api-ms-win-core-heap-l1-1-0.dll
0x0000019a76b50000 - 0x0000019a76b53000 	C:\Users\PC\.openjfx\cache\14\api-ms-win-core-interlocked-l1-1-0.dll
0x0000019a76b60000 - 0x0000019a76b63000 	C:\Users\PC\.openjfx\cache\14\api-ms-win-core-libraryloader-l1-1-0.dll
0x0000019a76b70000 - 0x0000019a76b73000 	C:\Users\PC\.openjfx\cache\14\api-ms-win-core-localization-l1-2-0.dll
0x0000019a76b80000 - 0x0000019a76b83000 	C:\Users\PC\.openjfx\cache\14\api-ms-win-core-memory-l1-1-0.dll
0x0000019a76b90000 - 0x0000019a76b93000 	C:\Users\PC\.openjfx\cache\14\api-ms-win-core-namedpipe-l1-1-0.dll
0x0000019a76ba0000 - 0x0000019a76ba3000 	C:\Users\PC\.openjfx\cache\14\api-ms-win-core-processenvironment-l1-1-0.dll
0x0000019a76bb0000 - 0x0000019a76bb3000 	C:\Users\PC\.openjfx\cache\14\api-ms-win-core-processthreads-l1-1-0.dll
0x0000019a76bc0000 - 0x0000019a76bc3000 	C:\Users\PC\.openjfx\cache\14\api-ms-win-core-processthreads-l1-1-1.dll
0x0000019a76bd0000 - 0x0000019a76bd3000 	C:\Users\PC\.openjfx\cache\14\api-ms-win-core-profile-l1-1-0.dll
0x0000019a76be0000 - 0x0000019a76be3000 	C:\Users\PC\.openjfx\cache\14\api-ms-win-core-rtlsupport-l1-1-0.dll
0x0000019a76bf0000 - 0x0000019a76bf3000 	C:\Users\PC\.openjfx\cache\14\api-ms-win-core-string-l1-1-0.dll
0x0000019a76e30000 - 0x0000019a76e33000 	C:\Users\PC\.openjfx\cache\14\api-ms-win-core-synch-l1-1-0.dll
0x0000019a76e40000 - 0x0000019a76e43000 	C:\Users\PC\.openjfx\cache\14\api-ms-win-core-synch-l1-2-0.dll
0x0000019a76e50000 - 0x0000019a76e53000 	C:\Users\PC\.openjfx\cache\14\api-ms-win-core-sysinfo-l1-1-0.dll
0x0000019a76e60000 - 0x0000019a76e63000 	C:\Users\PC\.openjfx\cache\14\api-ms-win-core-timezone-l1-1-0.dll
0x0000019a76e70000 - 0x0000019a76e73000 	C:\Users\PC\.openjfx\cache\14\api-ms-win-core-util-l1-1-0.dll
0x0000019a76e80000 - 0x0000019a76e83000 	C:\Users\PC\.openjfx\cache\14\api-ms-win-crt-conio-l1-1-0.dll
0x0000019a76d20000 - 0x0000019a76d24000 	C:\Users\PC\.openjfx\cache\14\api-ms-win-crt-convert-l1-1-0.dll
0x0000019a76d30000 - 0x0000019a76d33000 	C:\Users\PC\.openjfx\cache\14\api-ms-win-crt-environment-l1-1-0.dll
0x0000019a76d40000 - 0x0000019a76d43000 	C:\Users\PC\.openjfx\cache\14\api-ms-win-crt-filesystem-l1-1-0.dll
0x0000019a76d50000 - 0x0000019a76d53000 	C:\Users\PC\.openjfx\cache\14\api-ms-win-crt-heap-l1-1-0.dll
0x0000019a76d60000 - 0x0000019a76d63000 	C:\Users\PC\.openjfx\cache\14\api-ms-win-crt-locale-l1-1-0.dll
0x0000019a76d70000 - 0x0000019a76d75000 	C:\Users\PC\.openjfx\cache\14\api-ms-win-crt-math-l1-1-0.dll
0x0000019a76c00000 - 0x0000019a76c05000 	C:\Users\PC\.openjfx\cache\14\api-ms-win-crt-multibyte-l1-1-0.dll
0x0000019a76c10000 - 0x0000019a76c20000 	C:\Users\PC\.openjfx\cache\14\api-ms-win-crt-private-l1-1-0.dll
0x0000019a76c20000 - 0x0000019a76c23000 	C:\Users\PC\.openjfx\cache\14\api-ms-win-crt-process-l1-1-0.dll
0x0000019a76c30000 - 0x0000019a76c34000 	C:\Users\PC\.openjfx\cache\14\api-ms-win-crt-runtime-l1-1-0.dll
0x0000019a76c40000 - 0x0000019a76c44000 	C:\Users\PC\.openjfx\cache\14\api-ms-win-crt-stdio-l1-1-0.dll
0x0000019a76c50000 - 0x0000019a76c54000 	C:\Users\PC\.openjfx\cache\14\api-ms-win-crt-string-l1-1-0.dll
0x0000019a76c60000 - 0x0000019a76c63000 	C:\Users\PC\.openjfx\cache\14\api-ms-win-crt-time-l1-1-0.dll
0x0000019a76c70000 - 0x0000019a76c73000 	C:\Users\PC\.openjfx\cache\14\api-ms-win-crt-utility-l1-1-0.dll
0x00007ff837890000 - 0x00007ff83798c000 	C:\Users\PC\.openjfx\cache\14\ucrtbase.dll
0x00007ff877bf0000 - 0x00007ff877c05000 	C:\Users\PC\.openjfx\cache\14\vcruntime140.dll
0x00007ff86acc0000 - 0x00007ff86ad5b000 	C:\Users\PC\.openjfx\cache\14\msvcp140.dll
0x00007ff875e30000 - 0x00007ff875e81000 	C:\Users\PC\.openjfx\cache\14\concrt140.dll
0x00007ff877bc0000 - 0x00007ff877be3000 	C:\Users\PC\.openjfx\cache\14\prism_d3d.dll
0x00007ff886ce0000 - 0x00007ff886eaf000 	C:\Windows\system32\d3d9.dll
0x00007ff88f590000 - 0x00007ff88f5bf000 	C:\Windows\SYSTEM32\dwmapi.dll
0x00007ff88f2b0000 - 0x00007ff88f34e000 	C:\Windows\system32\uxtheme.dll
0x00007ff8881c0000 - 0x00007ff8882c5000 	C:\Windows\System32\DriverStore\FileRepository\nv_dispi.inf_amd64_a51067c0ac557884\nvldumdx.dll
0x00007ff8913d0000 - 0x00007ff8913e2000 	C:\Windows\SYSTEM32\msasn1.dll
0x00007ff88bce0000 - 0x00007ff88bd11000 	C:\Windows\SYSTEM32\cryptnet.dll
0x00007ff891f80000 - 0x00007ff8920d6000 	C:\Windows\System32\CRYPT32.dll
0x00007ff8911c0000 - 0x00007ff8911cc000 	C:\Windows\SYSTEM32\cryptbase.dll
0x00007ff8917f0000 - 0x00007ff891850000 	C:\Windows\System32\WINTRUST.DLL
0x00007ff892300000 - 0x00007ff89231d000 	C:\Windows\System32\imagehlp.dll
0x00007ff8911a0000 - 0x00007ff8911b8000 	C:\Windows\SYSTEM32\CRYPTSP.dll
0x00007ff890900000 - 0x00007ff890934000 	C:\Windows\system32\rsaenh.dll
0x00007ff891f00000 - 0x00007ff891f27000 	C:\Windows\System32\bcrypt.dll
0x00007ff81a790000 - 0x00007ff81c3d7000 	C:\Windows\System32\DriverStore\FileRepository\nv_dispi.inf_amd64_a51067c0ac557884\nvd3dumx.dll
0x00007ff875cc0000 - 0x00007ff875d05000 	C:\Users\PC\.openjfx\cache\14\glass.dll
0x00007ff892220000 - 0x00007ff8922fb000 	C:\Windows\System32\COMDLG32.dll
0x00007ff8935c0000 - 0x00007ff8936ea000 	C:\Windows\System32\ole32.dll
0x00007ff893e40000 - 0x00007ff893f0d000 	C:\Windows\System32\OLEAUT32.dll
0x00007ff892a60000 - 0x00007ff892b76000 	C:\Windows\System32\MSCTF.dll
0x00007ff861600000 - 0x00007ff8618b9000 	C:\Windows\system32\nvspcap64.dll
0x00007ff890530000 - 0x00007ff890563000 	C:\Windows\SYSTEM32\ntmarta.dll
0x00007ff890110000 - 0x00007ff890133000 	C:\Windows\SYSTEM32\gpapi.dll
0x00007ff888830000 - 0x00007ff88886b000 	C:\Windows\SYSTEM32\dxcore.dll
0x00007ff891f30000 - 0x00007ff891f7e000 	C:\Windows\System32\cfgmgr32.dll
0x00007ff8761f0000 - 0x00007ff876204000 	C:\Users\PC\.openjfx\cache\14\javafx_font.dll
0x00007ff880710000 - 0x00007ff88098f000 	C:\Windows\SYSTEM32\dwrite.dll
0x00007ff8732f0000 - 0x00007ff87331c000 	C:\Users\PC\.openjfx\cache\14\javafx_iio.dll
0x00007ff892110000 - 0x00007ff8921b9000 	C:\Windows\System32\clbcatq.dll
0x00007ff88b090000 - 0x00007ff88b244000 	C:\Windows\SYSTEM32\WindowsCodecs.dll
0x00007ff878d90000 - 0x00007ff878dce000 	C:\Windows\system32\dataexchange.dll
0x00007ff88d830000 - 0x00007ff88da94000 	C:\Windows\system32\d3d11.dll
0x00007ff88e200000 - 0x00007ff88e3e7000 	C:\Windows\system32\dcomp.dll
0x00007ff890140000 - 0x00007ff890233000 	C:\Windows\system32\dxgi.dll
0x00007ff88b740000 - 0x00007ff88b941000 	C:\Windows\system32\twinapi.appcore.dll
0x00007ff876210000 - 0x00007ff876244000 	C:\Program Files\Common Files\Microsoft Shared\Ink\rtscom.dll
0x00007ff8876a0000 - 0x00007ff88779b000 	C:\Windows\SYSTEM32\textinputframework.dll
0x00007ff88e930000 - 0x00007ff88ec8e000 	C:\Windows\System32\CoreUIComponents.dll
0x00007ff88ec90000 - 0x00007ff88ed82000 	C:\Windows\System32\CoreMessaging.dll
0x00007ff88e0a0000 - 0x00007ff88e1f4000 	C:\Windows\SYSTEM32\wintypes.dll

dbghelp: loaded successfully - version: 4.0.5 - missing functions: none
symbol engine: initialized successfully - sym options: 0x614 - pdb path: .;C:\Program Files\Java\jdk-15.0.1\bin;C:\Windows\SYSTEM32;C:\Windows\WinSxS\amd64_microsoft.windows.common-controls_6595b64144ccf1df_6.0.19041.746_none_ca02b4b61b8320a4;C:\Program Files\Java\jdk-15.0.1\bin\server;C:\Users\PC\.openjfx\cache\14;C:\Windows\System32\DriverStore\FileRepository\nv_dispi.inf_amd64_a51067c0ac557884;C:\Program Files\Common Files\Microsoft Shared\Ink

VM Arguments:
jvm_args: -Dfile.encoding=UTF-8 --module-path=C:\Users\PC\git\repository\Adventure\target\classes;C:\Users\PC\.m2\repository\org\openjfx\javafx-controls\14\javafx-controls-14-win.jar;C:\Users\PC\.m2\repository\org\openjfx\javafx-graphics\14\javafx-graphics-14-win.jar;C:\Users\PC\.m2\repository\org\openjfx\javafx-base\14\javafx-base-14-win.jar;C:\Users\PC\.m2\repository\org\openjfx\javafx-fxml\14\javafx-fxml-14-win.jar;C:\Users\PC\.m2\repository\jakarta\json\jakarta.json-api\2.0.0\jakarta.json-api-2.0.0.jar;C:\Users\PC\.m2\repository\org\glassfish\jakarta.json\2.0.0\jakarta.json-2.0.0-module.jar -XX:+ShowCodeDetailsInExceptionMessages -Djdk.module.main=lab01 
java_command: lab01/lab.Main
java_class_path (initial): C:\Users\PC\.m2\repository\org\openjfx\javafx-controls\14\javafx-controls-14.jar;C:\Users\PC\.m2\repository\org\openjfx\javafx-graphics\14\javafx-graphics-14.jar;C:\Users\PC\.m2\repository\org\openjfx\javafx-base\14\javafx-base-14.jar;C:\Users\PC\.m2\repository\org\openjfx\javafx-fxml\14\javafx-fxml-14.jar;C:\Users\PC\.m2\repository\jakarta\xml\bind\jakarta.xml.bind-api\3.0.0\jakarta.xml.bind-api-3.0.0.jar;C:\Users\PC\.m2\repository\com\sun\activation\jakarta.activation\2.0.0\jakarta.activation-2.0.0.jar
Launcher Type: SUN_STANDARD

[Global flags]
     intx CICompilerCount                          = 4                                         {product} {ergonomic}
     uint ConcGCThreads                            = 2                                         {product} {ergonomic}
     uint G1ConcRefinementThreads                  = 8                                         {product} {ergonomic}
   size_t G1HeapRegionSize                         = 2097152                                   {product} {ergonomic}
    uintx GCDrainStackTargetSize                   = 64                                        {product} {ergonomic}
   size_t InitialHeapSize                          = 268435456                                 {product} {ergonomic}
   size_t MarkStackSize                            = 4194304                                   {product} {ergonomic}
   size_t MaxHeapSize                              = 4278190080                                {product} {ergonomic}
   size_t MaxNewSize                               = 2566914048                                {product} {ergonomic}
   size_t MinHeapDeltaBytes                        = 2097152                                   {product} {ergonomic}
   size_t MinHeapSize                              = 8388608                                   {product} {ergonomic}
    uintx NonNMethodCodeHeapSize                   = 5839372                                {pd product} {ergonomic}
    uintx NonProfiledCodeHeapSize                  = 122909434                              {pd product} {ergonomic}
    uintx ProfiledCodeHeapSize                     = 122909434                              {pd product} {ergonomic}
    uintx ReservedCodeCacheSize                    = 251658240                              {pd product} {ergonomic}
     bool SegmentedCodeCache                       = true                                      {product} {ergonomic}
     bool ShowCodeDetailsInExceptionMessages       = true                                   {manageable} {command line}
   size_t SoftMaxHeapSize                          = 4278190080                             {manageable} {ergonomic}
     bool UseCompressedClassPointers               = true                                 {lp64_product} {ergonomic}
     bool UseCompressedOops                        = true                                 {lp64_product} {ergonomic}
     bool UseG1GC                                  = true                                      {product} {ergonomic}
     bool UseLargePagesIndividualAllocation        = false                                  {pd product} {ergonomic}

Logging:
Log output configuration:
 #0: stdout all=off uptime,level,tags
 #1: stderr all=off uptime,level,tags

Environment Variables:
JAVA_HOME=C:\Program Files\Java\jdk-15.0.1
PATH=C:/Users/PC/.p2/pool/plugins/org.eclipse.justj.openjdk.hotspot.jre.full.win32.x86_64_15.0.1.v20201027-0507/jre/bin/server;C:/Users/PC/.p2/pool/plugins/org.eclipse.justj.openjdk.hotspot.jre.full.win32.x86_64_15.0.1.v20201027-0507/jre/bin;C:\Program Files\Common Files\Oracle\Java\javapath;C:\Windows\system32;C:\Windows;C:\Windows\System32\Wbem;C:\Windows\System32\WindowsPowerShell\v1.0\;C:\Windows\System32\OpenSSH\;C:\Program Files\NVIDIA Corporation\NVIDIA NvDLISR;C:\Program Files (x86)\NVIDIA Corporation\PhysX\Common;C:\Program Files\Java\jdk-15.0.1\bin;D:\xampp\php;C:\ProgramData\ComposerSetup\bin;C:\Users\PC\AppData\Local\Microsoft\WindowsApps;C:\Users\PC\AppData\Roaming\Composer\vendor\bin;D:\Programs\Eclipse\java-2020-12\eclipse;
USERNAME=PC
OS=Windows_NT
PROCESSOR_IDENTIFIER=AMD64 Family 23 Model 113 Stepping 0, AuthenticAMD



---------------  S Y S T E M  ---------------

OS:
 Windows 10 , 64 bit Build 19041 (10.0.19041.662)
OS uptime: 3 days 1:34 hours

CPU: total 8 (initial active 8) (8 cores per cpu, 2 threads per core) family 23 model 113 stepping 0 microcode 0x0, cmov, cx8, fxsr, mmx, sse, sse2, sse3, ssse3, sse4.1, sse4.2, popcnt, vzeroupper, avx, avx2, aes, clmul, 3dnowpref, lzcnt, sse4a, ht, tsc, tscinvbit, tscinv, bmi1, bmi2, adx, sha, fma, clflush, clflushopt

Memory: 4k page, system-wide physical 16313M (9787M free)
TotalPageFile size 18745M (AvailPageFile size 8641M)
current process WorkingSet (physical memory assigned to process): 166M, peak: 185M
current process commit charge ("private bytes"): 417M, peak: 432M

vm_info: Java HotSpot(TM) 64-Bit Server VM (15.0.1+9-18) for windows-amd64 JRE (15.0.1+9-18), built on Sep 15 2020 14:43:54 by "mach5one" with unknown MS VC++:1925

END.
